[2022-06-13 01:10:21,899] {processor.py:153} INFO - Started process (PID=77) to work on /home/airflow/.local/lib/python3.7/site-packages/airflow/example_dags/example_xcomargs.py
[2022-06-13 01:10:21,899] {processor.py:641} INFO - Processing file /home/airflow/.local/lib/python3.7/site-packages/airflow/example_dags/example_xcomargs.py for tasks to queue
[2022-06-13 01:10:21,900] {logging_mixin.py:115} INFO - [2022-06-13 01:10:21,900] {dagbag.py:507} INFO - Filling up the DagBag from /home/airflow/.local/lib/python3.7/site-packages/airflow/example_dags/example_xcomargs.py
[2022-06-13 01:10:21,922] {processor.py:651} INFO - DAG(s) dict_keys(['example_xcom_args', 'example_xcom_args_with_operators']) retrieved from /home/airflow/.local/lib/python3.7/site-packages/airflow/example_dags/example_xcomargs.py
[2022-06-13 01:10:22,140] {logging_mixin.py:115} INFO - [2022-06-13 01:10:22,140] {manager.py:508} INFO - Created Permission View: can edit on DAG:example_xcom_args
[2022-06-13 01:10:22,161] {logging_mixin.py:115} INFO - [2022-06-13 01:10:22,161] {manager.py:508} INFO - Created Permission View: can delete on DAG:example_xcom_args
[2022-06-13 01:10:22,186] {logging_mixin.py:115} INFO - [2022-06-13 01:10:22,186] {manager.py:508} INFO - Created Permission View: can read on DAG:example_xcom_args
[2022-06-13 01:10:22,218] {logging_mixin.py:115} INFO - [2022-06-13 01:10:22,218] {manager.py:508} INFO - Created Permission View: can edit on DAG:example_xcom_args_with_operators
[2022-06-13 01:10:22,240] {logging_mixin.py:115} INFO - [2022-06-13 01:10:22,240] {manager.py:508} INFO - Created Permission View: can delete on DAG:example_xcom_args_with_operators
[2022-06-13 01:10:22,258] {logging_mixin.py:115} INFO - [2022-06-13 01:10:22,258] {manager.py:508} INFO - Created Permission View: can read on DAG:example_xcom_args_with_operators
[2022-06-13 01:10:22,259] {logging_mixin.py:115} INFO - [2022-06-13 01:10:22,258] {dag.py:2379} INFO - Sync 2 DAGs
[2022-06-13 01:10:22,274] {logging_mixin.py:115} INFO - [2022-06-13 01:10:22,274] {dag.py:2398} INFO - Creating ORM DAG for example_xcom_args
[2022-06-13 01:10:22,274] {logging_mixin.py:115} INFO - [2022-06-13 01:10:22,274] {dag.py:2398} INFO - Creating ORM DAG for example_xcom_args_with_operators
[2022-06-13 01:10:22,303] {logging_mixin.py:115} INFO - [2022-06-13 01:10:22,303] {dag.py:2931} INFO - Setting next_dagrun for example_xcom_args to None, run_after=None
[2022-06-13 01:10:22,304] {logging_mixin.py:115} INFO - [2022-06-13 01:10:22,303] {dag.py:2931} INFO - Setting next_dagrun for example_xcom_args_with_operators to None, run_after=None
[2022-06-13 01:10:22,337] {processor.py:161} INFO - Processing /home/airflow/.local/lib/python3.7/site-packages/airflow/example_dags/example_xcomargs.py took 0.441 seconds
[2022-06-13 01:10:52,841] {processor.py:153} INFO - Started process (PID=140) to work on /home/airflow/.local/lib/python3.7/site-packages/airflow/example_dags/example_xcomargs.py
[2022-06-13 01:10:52,842] {processor.py:641} INFO - Processing file /home/airflow/.local/lib/python3.7/site-packages/airflow/example_dags/example_xcomargs.py for tasks to queue
[2022-06-13 01:10:52,843] {logging_mixin.py:115} INFO - [2022-06-13 01:10:52,842] {dagbag.py:507} INFO - Filling up the DagBag from /home/airflow/.local/lib/python3.7/site-packages/airflow/example_dags/example_xcomargs.py
[2022-06-13 01:10:52,860] {processor.py:651} INFO - DAG(s) dict_keys(['example_xcom_args', 'example_xcom_args_with_operators']) retrieved from /home/airflow/.local/lib/python3.7/site-packages/airflow/example_dags/example_xcomargs.py
[2022-06-13 01:10:53,041] {logging_mixin.py:115} INFO - [2022-06-13 01:10:53,041] {dag.py:2379} INFO - Sync 2 DAGs
[2022-06-13 01:10:53,064] {logging_mixin.py:115} INFO - [2022-06-13 01:10:53,064] {dag.py:2931} INFO - Setting next_dagrun for example_xcom_args to None, run_after=None
[2022-06-13 01:10:53,064] {logging_mixin.py:115} INFO - [2022-06-13 01:10:53,064] {dag.py:2931} INFO - Setting next_dagrun for example_xcom_args_with_operators to None, run_after=None
[2022-06-13 01:10:53,080] {processor.py:161} INFO - Processing /home/airflow/.local/lib/python3.7/site-packages/airflow/example_dags/example_xcomargs.py took 0.242 seconds
[2022-06-13 01:11:24,013] {processor.py:153} INFO - Started process (PID=203) to work on /home/airflow/.local/lib/python3.7/site-packages/airflow/example_dags/example_xcomargs.py
[2022-06-13 01:11:24,013] {processor.py:641} INFO - Processing file /home/airflow/.local/lib/python3.7/site-packages/airflow/example_dags/example_xcomargs.py for tasks to queue
[2022-06-13 01:11:24,014] {logging_mixin.py:115} INFO - [2022-06-13 01:11:24,014] {dagbag.py:507} INFO - Filling up the DagBag from /home/airflow/.local/lib/python3.7/site-packages/airflow/example_dags/example_xcomargs.py
[2022-06-13 01:11:24,032] {processor.py:651} INFO - DAG(s) dict_keys(['example_xcom_args', 'example_xcom_args_with_operators']) retrieved from /home/airflow/.local/lib/python3.7/site-packages/airflow/example_dags/example_xcomargs.py
[2022-06-13 01:11:24,210] {logging_mixin.py:115} INFO - [2022-06-13 01:11:24,210] {dag.py:2379} INFO - Sync 2 DAGs
[2022-06-13 01:11:24,230] {logging_mixin.py:115} INFO - [2022-06-13 01:11:24,230] {dag.py:2931} INFO - Setting next_dagrun for example_xcom_args to None, run_after=None
[2022-06-13 01:11:24,231] {logging_mixin.py:115} INFO - [2022-06-13 01:11:24,231] {dag.py:2931} INFO - Setting next_dagrun for example_xcom_args_with_operators to None, run_after=None
[2022-06-13 01:11:24,248] {processor.py:161} INFO - Processing /home/airflow/.local/lib/python3.7/site-packages/airflow/example_dags/example_xcomargs.py took 0.238 seconds
[2022-06-13 01:11:54,803] {processor.py:153} INFO - Started process (PID=257) to work on /home/airflow/.local/lib/python3.7/site-packages/airflow/example_dags/example_xcomargs.py
[2022-06-13 01:11:54,803] {processor.py:641} INFO - Processing file /home/airflow/.local/lib/python3.7/site-packages/airflow/example_dags/example_xcomargs.py for tasks to queue
[2022-06-13 01:11:54,804] {logging_mixin.py:115} INFO - [2022-06-13 01:11:54,804] {dagbag.py:507} INFO - Filling up the DagBag from /home/airflow/.local/lib/python3.7/site-packages/airflow/example_dags/example_xcomargs.py
[2022-06-13 01:11:54,824] {processor.py:651} INFO - DAG(s) dict_keys(['example_xcom_args', 'example_xcom_args_with_operators']) retrieved from /home/airflow/.local/lib/python3.7/site-packages/airflow/example_dags/example_xcomargs.py
[2022-06-13 01:11:54,993] {logging_mixin.py:115} INFO - [2022-06-13 01:11:54,993] {dag.py:2379} INFO - Sync 2 DAGs
[2022-06-13 01:11:55,011] {logging_mixin.py:115} INFO - [2022-06-13 01:11:55,010] {dag.py:2931} INFO - Setting next_dagrun for example_xcom_args to None, run_after=None
[2022-06-13 01:11:55,011] {logging_mixin.py:115} INFO - [2022-06-13 01:11:55,011] {dag.py:2931} INFO - Setting next_dagrun for example_xcom_args_with_operators to None, run_after=None
[2022-06-13 01:11:55,024] {processor.py:161} INFO - Processing /home/airflow/.local/lib/python3.7/site-packages/airflow/example_dags/example_xcomargs.py took 0.224 seconds
[2022-06-13 01:12:25,613] {processor.py:153} INFO - Started process (PID=320) to work on /home/airflow/.local/lib/python3.7/site-packages/airflow/example_dags/example_xcomargs.py
[2022-06-13 01:12:25,614] {processor.py:641} INFO - Processing file /home/airflow/.local/lib/python3.7/site-packages/airflow/example_dags/example_xcomargs.py for tasks to queue
[2022-06-13 01:12:25,615] {logging_mixin.py:115} INFO - [2022-06-13 01:12:25,615] {dagbag.py:507} INFO - Filling up the DagBag from /home/airflow/.local/lib/python3.7/site-packages/airflow/example_dags/example_xcomargs.py
[2022-06-13 01:12:25,643] {processor.py:651} INFO - DAG(s) dict_keys(['example_xcom_args', 'example_xcom_args_with_operators']) retrieved from /home/airflow/.local/lib/python3.7/site-packages/airflow/example_dags/example_xcomargs.py
[2022-06-13 01:12:25,818] {logging_mixin.py:115} INFO - [2022-06-13 01:12:25,818] {dag.py:2379} INFO - Sync 2 DAGs
[2022-06-13 01:12:25,836] {logging_mixin.py:115} INFO - [2022-06-13 01:12:25,836] {dag.py:2931} INFO - Setting next_dagrun for example_xcom_args to None, run_after=None
[2022-06-13 01:12:25,836] {logging_mixin.py:115} INFO - [2022-06-13 01:12:25,836] {dag.py:2931} INFO - Setting next_dagrun for example_xcom_args_with_operators to None, run_after=None
[2022-06-13 01:12:25,850] {processor.py:161} INFO - Processing /home/airflow/.local/lib/python3.7/site-packages/airflow/example_dags/example_xcomargs.py took 0.241 seconds
[2022-06-13 01:12:56,560] {processor.py:153} INFO - Started process (PID=383) to work on /home/airflow/.local/lib/python3.7/site-packages/airflow/example_dags/example_xcomargs.py
[2022-06-13 01:12:56,562] {processor.py:641} INFO - Processing file /home/airflow/.local/lib/python3.7/site-packages/airflow/example_dags/example_xcomargs.py for tasks to queue
[2022-06-13 01:12:56,563] {logging_mixin.py:115} INFO - [2022-06-13 01:12:56,563] {dagbag.py:507} INFO - Filling up the DagBag from /home/airflow/.local/lib/python3.7/site-packages/airflow/example_dags/example_xcomargs.py
[2022-06-13 01:12:56,580] {processor.py:651} INFO - DAG(s) dict_keys(['example_xcom_args', 'example_xcom_args_with_operators']) retrieved from /home/airflow/.local/lib/python3.7/site-packages/airflow/example_dags/example_xcomargs.py
[2022-06-13 01:12:56,753] {logging_mixin.py:115} INFO - [2022-06-13 01:12:56,753] {dag.py:2379} INFO - Sync 2 DAGs
[2022-06-13 01:12:56,770] {logging_mixin.py:115} INFO - [2022-06-13 01:12:56,770] {dag.py:2931} INFO - Setting next_dagrun for example_xcom_args to None, run_after=None
[2022-06-13 01:12:56,770] {logging_mixin.py:115} INFO - [2022-06-13 01:12:56,770] {dag.py:2931} INFO - Setting next_dagrun for example_xcom_args_with_operators to None, run_after=None
[2022-06-13 01:12:56,783] {processor.py:161} INFO - Processing /home/airflow/.local/lib/python3.7/site-packages/airflow/example_dags/example_xcomargs.py took 0.226 seconds
[2022-06-13 01:13:27,259] {processor.py:153} INFO - Started process (PID=437) to work on /home/airflow/.local/lib/python3.7/site-packages/airflow/example_dags/example_xcomargs.py
[2022-06-13 01:13:27,260] {processor.py:641} INFO - Processing file /home/airflow/.local/lib/python3.7/site-packages/airflow/example_dags/example_xcomargs.py for tasks to queue
[2022-06-13 01:13:27,260] {logging_mixin.py:115} INFO - [2022-06-13 01:13:27,260] {dagbag.py:507} INFO - Filling up the DagBag from /home/airflow/.local/lib/python3.7/site-packages/airflow/example_dags/example_xcomargs.py
[2022-06-13 01:13:27,277] {processor.py:651} INFO - DAG(s) dict_keys(['example_xcom_args', 'example_xcom_args_with_operators']) retrieved from /home/airflow/.local/lib/python3.7/site-packages/airflow/example_dags/example_xcomargs.py
[2022-06-13 01:13:27,451] {logging_mixin.py:115} INFO - [2022-06-13 01:13:27,451] {dag.py:2379} INFO - Sync 2 DAGs
[2022-06-13 01:13:27,467] {logging_mixin.py:115} INFO - [2022-06-13 01:13:27,467] {dag.py:2931} INFO - Setting next_dagrun for example_xcom_args to None, run_after=None
[2022-06-13 01:13:27,468] {logging_mixin.py:115} INFO - [2022-06-13 01:13:27,468] {dag.py:2931} INFO - Setting next_dagrun for example_xcom_args_with_operators to None, run_after=None
[2022-06-13 01:13:27,481] {processor.py:161} INFO - Processing /home/airflow/.local/lib/python3.7/site-packages/airflow/example_dags/example_xcomargs.py took 0.225 seconds
[2022-06-13 01:13:58,271] {processor.py:153} INFO - Started process (PID=502) to work on /home/airflow/.local/lib/python3.7/site-packages/airflow/example_dags/example_xcomargs.py
[2022-06-13 01:13:58,272] {processor.py:641} INFO - Processing file /home/airflow/.local/lib/python3.7/site-packages/airflow/example_dags/example_xcomargs.py for tasks to queue
[2022-06-13 01:13:58,272] {logging_mixin.py:115} INFO - [2022-06-13 01:13:58,272] {dagbag.py:507} INFO - Filling up the DagBag from /home/airflow/.local/lib/python3.7/site-packages/airflow/example_dags/example_xcomargs.py
[2022-06-13 01:13:58,289] {processor.py:651} INFO - DAG(s) dict_keys(['example_xcom_args', 'example_xcom_args_with_operators']) retrieved from /home/airflow/.local/lib/python3.7/site-packages/airflow/example_dags/example_xcomargs.py
[2022-06-13 01:13:58,470] {logging_mixin.py:115} INFO - [2022-06-13 01:13:58,470] {dag.py:2379} INFO - Sync 2 DAGs
[2022-06-13 01:13:58,497] {logging_mixin.py:115} INFO - [2022-06-13 01:13:58,497] {dag.py:2931} INFO - Setting next_dagrun for example_xcom_args to None, run_after=None
[2022-06-13 01:13:58,497] {logging_mixin.py:115} INFO - [2022-06-13 01:13:58,497] {dag.py:2931} INFO - Setting next_dagrun for example_xcom_args_with_operators to None, run_after=None
[2022-06-13 01:13:58,513] {processor.py:161} INFO - Processing /home/airflow/.local/lib/python3.7/site-packages/airflow/example_dags/example_xcomargs.py took 0.245 seconds
[2022-06-13 01:14:28,612] {processor.py:153} INFO - Started process (PID=564) to work on /home/airflow/.local/lib/python3.7/site-packages/airflow/example_dags/example_xcomargs.py
[2022-06-13 01:14:28,612] {processor.py:641} INFO - Processing file /home/airflow/.local/lib/python3.7/site-packages/airflow/example_dags/example_xcomargs.py for tasks to queue
[2022-06-13 01:14:28,613] {logging_mixin.py:115} INFO - [2022-06-13 01:14:28,613] {dagbag.py:507} INFO - Filling up the DagBag from /home/airflow/.local/lib/python3.7/site-packages/airflow/example_dags/example_xcomargs.py
[2022-06-13 01:14:28,631] {processor.py:651} INFO - DAG(s) dict_keys(['example_xcom_args', 'example_xcom_args_with_operators']) retrieved from /home/airflow/.local/lib/python3.7/site-packages/airflow/example_dags/example_xcomargs.py
[2022-06-13 01:14:28,860] {logging_mixin.py:115} INFO - [2022-06-13 01:14:28,860] {dag.py:2379} INFO - Sync 2 DAGs
[2022-06-13 01:14:28,884] {logging_mixin.py:115} INFO - [2022-06-13 01:14:28,884] {dag.py:2931} INFO - Setting next_dagrun for example_xcom_args to None, run_after=None
[2022-06-13 01:14:28,884] {logging_mixin.py:115} INFO - [2022-06-13 01:14:28,884] {dag.py:2931} INFO - Setting next_dagrun for example_xcom_args_with_operators to None, run_after=None
[2022-06-13 01:14:28,903] {processor.py:161} INFO - Processing /home/airflow/.local/lib/python3.7/site-packages/airflow/example_dags/example_xcomargs.py took 0.294 seconds
[2022-06-13 01:14:58,946] {processor.py:153} INFO - Started process (PID=620) to work on /home/airflow/.local/lib/python3.7/site-packages/airflow/example_dags/example_xcomargs.py
[2022-06-13 01:14:58,946] {processor.py:641} INFO - Processing file /home/airflow/.local/lib/python3.7/site-packages/airflow/example_dags/example_xcomargs.py for tasks to queue
[2022-06-13 01:14:58,947] {logging_mixin.py:115} INFO - [2022-06-13 01:14:58,946] {dagbag.py:507} INFO - Filling up the DagBag from /home/airflow/.local/lib/python3.7/site-packages/airflow/example_dags/example_xcomargs.py
[2022-06-13 01:14:58,965] {processor.py:651} INFO - DAG(s) dict_keys(['example_xcom_args', 'example_xcom_args_with_operators']) retrieved from /home/airflow/.local/lib/python3.7/site-packages/airflow/example_dags/example_xcomargs.py
[2022-06-13 01:14:59,139] {logging_mixin.py:115} INFO - [2022-06-13 01:14:59,139] {dag.py:2379} INFO - Sync 2 DAGs
[2022-06-13 01:14:59,157] {logging_mixin.py:115} INFO - [2022-06-13 01:14:59,157] {dag.py:2931} INFO - Setting next_dagrun for example_xcom_args to None, run_after=None
[2022-06-13 01:14:59,157] {logging_mixin.py:115} INFO - [2022-06-13 01:14:59,157] {dag.py:2931} INFO - Setting next_dagrun for example_xcom_args_with_operators to None, run_after=None
[2022-06-13 01:14:59,170] {processor.py:161} INFO - Processing /home/airflow/.local/lib/python3.7/site-packages/airflow/example_dags/example_xcomargs.py took 0.228 seconds
[2022-06-13 01:15:29,941] {processor.py:153} INFO - Started process (PID=681) to work on /home/airflow/.local/lib/python3.7/site-packages/airflow/example_dags/example_xcomargs.py
[2022-06-13 01:15:29,945] {processor.py:641} INFO - Processing file /home/airflow/.local/lib/python3.7/site-packages/airflow/example_dags/example_xcomargs.py for tasks to queue
[2022-06-13 01:15:29,945] {logging_mixin.py:115} INFO - [2022-06-13 01:15:29,945] {dagbag.py:507} INFO - Filling up the DagBag from /home/airflow/.local/lib/python3.7/site-packages/airflow/example_dags/example_xcomargs.py
[2022-06-13 01:15:29,965] {processor.py:651} INFO - DAG(s) dict_keys(['example_xcom_args', 'example_xcom_args_with_operators']) retrieved from /home/airflow/.local/lib/python3.7/site-packages/airflow/example_dags/example_xcomargs.py
[2022-06-13 01:15:30,209] {logging_mixin.py:115} INFO - [2022-06-13 01:15:30,209] {dag.py:2379} INFO - Sync 2 DAGs
[2022-06-13 01:15:30,231] {logging_mixin.py:115} INFO - [2022-06-13 01:15:30,231] {dag.py:2931} INFO - Setting next_dagrun for example_xcom_args to None, run_after=None
[2022-06-13 01:15:30,231] {logging_mixin.py:115} INFO - [2022-06-13 01:15:30,231] {dag.py:2931} INFO - Setting next_dagrun for example_xcom_args_with_operators to None, run_after=None
[2022-06-13 01:15:30,245] {processor.py:161} INFO - Processing /home/airflow/.local/lib/python3.7/site-packages/airflow/example_dags/example_xcomargs.py took 0.307 seconds
[2022-06-13 01:16:00,656] {processor.py:153} INFO - Started process (PID=744) to work on /home/airflow/.local/lib/python3.7/site-packages/airflow/example_dags/example_xcomargs.py
[2022-06-13 01:16:00,656] {processor.py:641} INFO - Processing file /home/airflow/.local/lib/python3.7/site-packages/airflow/example_dags/example_xcomargs.py for tasks to queue
[2022-06-13 01:16:00,657] {logging_mixin.py:115} INFO - [2022-06-13 01:16:00,657] {dagbag.py:507} INFO - Filling up the DagBag from /home/airflow/.local/lib/python3.7/site-packages/airflow/example_dags/example_xcomargs.py
[2022-06-13 01:16:00,675] {processor.py:651} INFO - DAG(s) dict_keys(['example_xcom_args', 'example_xcom_args_with_operators']) retrieved from /home/airflow/.local/lib/python3.7/site-packages/airflow/example_dags/example_xcomargs.py
[2022-06-13 01:16:00,922] {logging_mixin.py:115} INFO - [2022-06-13 01:16:00,922] {dag.py:2379} INFO - Sync 2 DAGs
[2022-06-13 01:16:00,947] {logging_mixin.py:115} INFO - [2022-06-13 01:16:00,947] {dag.py:2931} INFO - Setting next_dagrun for example_xcom_args to None, run_after=None
[2022-06-13 01:16:00,947] {logging_mixin.py:115} INFO - [2022-06-13 01:16:00,947] {dag.py:2931} INFO - Setting next_dagrun for example_xcom_args_with_operators to None, run_after=None
[2022-06-13 01:16:00,970] {processor.py:161} INFO - Processing /home/airflow/.local/lib/python3.7/site-packages/airflow/example_dags/example_xcomargs.py took 0.317 seconds
[2022-06-13 01:16:31,731] {processor.py:153} INFO - Started process (PID=797) to work on /home/airflow/.local/lib/python3.7/site-packages/airflow/example_dags/example_xcomargs.py
[2022-06-13 01:16:31,731] {processor.py:641} INFO - Processing file /home/airflow/.local/lib/python3.7/site-packages/airflow/example_dags/example_xcomargs.py for tasks to queue
[2022-06-13 01:16:31,732] {logging_mixin.py:115} INFO - [2022-06-13 01:16:31,732] {dagbag.py:507} INFO - Filling up the DagBag from /home/airflow/.local/lib/python3.7/site-packages/airflow/example_dags/example_xcomargs.py
[2022-06-13 01:16:31,750] {processor.py:651} INFO - DAG(s) dict_keys(['example_xcom_args', 'example_xcom_args_with_operators']) retrieved from /home/airflow/.local/lib/python3.7/site-packages/airflow/example_dags/example_xcomargs.py
[2022-06-13 01:16:32,053] {logging_mixin.py:115} INFO - [2022-06-13 01:16:32,053] {dag.py:2379} INFO - Sync 2 DAGs
[2022-06-13 01:16:32,095] {logging_mixin.py:115} INFO - [2022-06-13 01:16:32,095] {dag.py:2931} INFO - Setting next_dagrun for example_xcom_args to None, run_after=None
[2022-06-13 01:16:32,095] {logging_mixin.py:115} INFO - [2022-06-13 01:16:32,095] {dag.py:2931} INFO - Setting next_dagrun for example_xcom_args_with_operators to None, run_after=None
[2022-06-13 01:16:32,120] {processor.py:161} INFO - Processing /home/airflow/.local/lib/python3.7/site-packages/airflow/example_dags/example_xcomargs.py took 0.393 seconds
[2022-06-13 01:17:02,459] {processor.py:153} INFO - Started process (PID=861) to work on /home/airflow/.local/lib/python3.7/site-packages/airflow/example_dags/example_xcomargs.py
[2022-06-13 01:17:02,459] {processor.py:641} INFO - Processing file /home/airflow/.local/lib/python3.7/site-packages/airflow/example_dags/example_xcomargs.py for tasks to queue
[2022-06-13 01:17:02,460] {logging_mixin.py:115} INFO - [2022-06-13 01:17:02,460] {dagbag.py:507} INFO - Filling up the DagBag from /home/airflow/.local/lib/python3.7/site-packages/airflow/example_dags/example_xcomargs.py
[2022-06-13 01:17:02,484] {processor.py:651} INFO - DAG(s) dict_keys(['example_xcom_args', 'example_xcom_args_with_operators']) retrieved from /home/airflow/.local/lib/python3.7/site-packages/airflow/example_dags/example_xcomargs.py
[2022-06-13 01:17:02,700] {logging_mixin.py:115} INFO - [2022-06-13 01:17:02,699] {dag.py:2379} INFO - Sync 2 DAGs
[2022-06-13 01:17:02,729] {logging_mixin.py:115} INFO - [2022-06-13 01:17:02,729] {dag.py:2931} INFO - Setting next_dagrun for example_xcom_args to None, run_after=None
[2022-06-13 01:17:02,729] {logging_mixin.py:115} INFO - [2022-06-13 01:17:02,729] {dag.py:2931} INFO - Setting next_dagrun for example_xcom_args_with_operators to None, run_after=None
[2022-06-13 01:17:02,746] {processor.py:161} INFO - Processing /home/airflow/.local/lib/python3.7/site-packages/airflow/example_dags/example_xcomargs.py took 0.292 seconds
[2022-06-13 01:17:33,829] {processor.py:153} INFO - Started process (PID=915) to work on /home/airflow/.local/lib/python3.7/site-packages/airflow/example_dags/example_xcomargs.py
[2022-06-13 01:17:33,830] {processor.py:641} INFO - Processing file /home/airflow/.local/lib/python3.7/site-packages/airflow/example_dags/example_xcomargs.py for tasks to queue
[2022-06-13 01:17:33,831] {logging_mixin.py:115} INFO - [2022-06-13 01:17:33,831] {dagbag.py:507} INFO - Filling up the DagBag from /home/airflow/.local/lib/python3.7/site-packages/airflow/example_dags/example_xcomargs.py
[2022-06-13 01:17:33,869] {processor.py:651} INFO - DAG(s) dict_keys(['example_xcom_args', 'example_xcom_args_with_operators']) retrieved from /home/airflow/.local/lib/python3.7/site-packages/airflow/example_dags/example_xcomargs.py
[2022-06-13 01:17:33,971] {logging_mixin.py:115} INFO - [2022-06-13 01:17:33,970] {dag.py:2379} INFO - Sync 2 DAGs
[2022-06-13 01:17:34,196] {logging_mixin.py:115} INFO - [2022-06-13 01:17:34,195] {dag.py:2931} INFO - Setting next_dagrun for example_xcom_args to None, run_after=None
[2022-06-13 01:17:34,196] {logging_mixin.py:115} INFO - [2022-06-13 01:17:34,196] {dag.py:2931} INFO - Setting next_dagrun for example_xcom_args_with_operators to None, run_after=None
[2022-06-13 01:17:34,238] {processor.py:161} INFO - Processing /home/airflow/.local/lib/python3.7/site-packages/airflow/example_dags/example_xcomargs.py took 0.415 seconds
[2022-06-13 01:18:05,076] {processor.py:153} INFO - Started process (PID=979) to work on /home/airflow/.local/lib/python3.7/site-packages/airflow/example_dags/example_xcomargs.py
[2022-06-13 01:18:05,078] {processor.py:641} INFO - Processing file /home/airflow/.local/lib/python3.7/site-packages/airflow/example_dags/example_xcomargs.py for tasks to queue
[2022-06-13 01:18:05,078] {logging_mixin.py:115} INFO - [2022-06-13 01:18:05,078] {dagbag.py:507} INFO - Filling up the DagBag from /home/airflow/.local/lib/python3.7/site-packages/airflow/example_dags/example_xcomargs.py
[2022-06-13 01:18:05,097] {processor.py:651} INFO - DAG(s) dict_keys(['example_xcom_args', 'example_xcom_args_with_operators']) retrieved from /home/airflow/.local/lib/python3.7/site-packages/airflow/example_dags/example_xcomargs.py
[2022-06-13 01:18:05,303] {logging_mixin.py:115} INFO - [2022-06-13 01:18:05,303] {dag.py:2379} INFO - Sync 2 DAGs
[2022-06-13 01:18:05,328] {logging_mixin.py:115} INFO - [2022-06-13 01:18:05,328] {dag.py:2931} INFO - Setting next_dagrun for example_xcom_args to None, run_after=None
[2022-06-13 01:18:05,329] {logging_mixin.py:115} INFO - [2022-06-13 01:18:05,329] {dag.py:2931} INFO - Setting next_dagrun for example_xcom_args_with_operators to None, run_after=None
[2022-06-13 01:18:05,347] {processor.py:161} INFO - Processing /home/airflow/.local/lib/python3.7/site-packages/airflow/example_dags/example_xcomargs.py took 0.274 seconds
[2022-06-13 01:18:35,781] {processor.py:153} INFO - Started process (PID=1043) to work on /home/airflow/.local/lib/python3.7/site-packages/airflow/example_dags/example_xcomargs.py
[2022-06-13 01:18:35,782] {processor.py:641} INFO - Processing file /home/airflow/.local/lib/python3.7/site-packages/airflow/example_dags/example_xcomargs.py for tasks to queue
[2022-06-13 01:18:35,783] {logging_mixin.py:115} INFO - [2022-06-13 01:18:35,783] {dagbag.py:507} INFO - Filling up the DagBag from /home/airflow/.local/lib/python3.7/site-packages/airflow/example_dags/example_xcomargs.py
[2022-06-13 01:18:35,801] {processor.py:651} INFO - DAG(s) dict_keys(['example_xcom_args', 'example_xcom_args_with_operators']) retrieved from /home/airflow/.local/lib/python3.7/site-packages/airflow/example_dags/example_xcomargs.py
[2022-06-13 01:18:35,993] {logging_mixin.py:115} INFO - [2022-06-13 01:18:35,993] {dag.py:2379} INFO - Sync 2 DAGs
[2022-06-13 01:18:36,013] {logging_mixin.py:115} INFO - [2022-06-13 01:18:36,013] {dag.py:2931} INFO - Setting next_dagrun for example_xcom_args to None, run_after=None
[2022-06-13 01:18:36,014] {logging_mixin.py:115} INFO - [2022-06-13 01:18:36,014] {dag.py:2931} INFO - Setting next_dagrun for example_xcom_args_with_operators to None, run_after=None
[2022-06-13 01:18:36,028] {processor.py:161} INFO - Processing /home/airflow/.local/lib/python3.7/site-packages/airflow/example_dags/example_xcomargs.py took 0.250 seconds
[2022-06-13 01:19:06,750] {processor.py:153} INFO - Started process (PID=1096) to work on /home/airflow/.local/lib/python3.7/site-packages/airflow/example_dags/example_xcomargs.py
[2022-06-13 01:19:06,751] {processor.py:641} INFO - Processing file /home/airflow/.local/lib/python3.7/site-packages/airflow/example_dags/example_xcomargs.py for tasks to queue
[2022-06-13 01:19:06,752] {logging_mixin.py:115} INFO - [2022-06-13 01:19:06,752] {dagbag.py:507} INFO - Filling up the DagBag from /home/airflow/.local/lib/python3.7/site-packages/airflow/example_dags/example_xcomargs.py
[2022-06-13 01:19:06,770] {processor.py:651} INFO - DAG(s) dict_keys(['example_xcom_args', 'example_xcom_args_with_operators']) retrieved from /home/airflow/.local/lib/python3.7/site-packages/airflow/example_dags/example_xcomargs.py
[2022-06-13 01:19:06,941] {logging_mixin.py:115} INFO - [2022-06-13 01:19:06,941] {dag.py:2379} INFO - Sync 2 DAGs
[2022-06-13 01:19:06,957] {logging_mixin.py:115} INFO - [2022-06-13 01:19:06,957] {dag.py:2931} INFO - Setting next_dagrun for example_xcom_args to None, run_after=None
[2022-06-13 01:19:06,958] {logging_mixin.py:115} INFO - [2022-06-13 01:19:06,958] {dag.py:2931} INFO - Setting next_dagrun for example_xcom_args_with_operators to None, run_after=None
[2022-06-13 01:19:06,973] {processor.py:161} INFO - Processing /home/airflow/.local/lib/python3.7/site-packages/airflow/example_dags/example_xcomargs.py took 0.227 seconds
