[2022-06-13 01:10:21,316] {processor.py:153} INFO - Started process (PID=74) to work on /home/airflow/.local/lib/python3.7/site-packages/airflow/example_dags/example_trigger_target_dag.py
[2022-06-13 01:10:21,316] {processor.py:641} INFO - Processing file /home/airflow/.local/lib/python3.7/site-packages/airflow/example_dags/example_trigger_target_dag.py for tasks to queue
[2022-06-13 01:10:21,317] {logging_mixin.py:115} INFO - [2022-06-13 01:10:21,317] {dagbag.py:507} INFO - Filling up the DagBag from /home/airflow/.local/lib/python3.7/site-packages/airflow/example_dags/example_trigger_target_dag.py
[2022-06-13 01:10:21,337] {processor.py:651} INFO - DAG(s) dict_keys(['example_trigger_target_dag']) retrieved from /home/airflow/.local/lib/python3.7/site-packages/airflow/example_dags/example_trigger_target_dag.py
[2022-06-13 01:10:21,586] {logging_mixin.py:115} INFO - [2022-06-13 01:10:21,585] {manager.py:508} INFO - Created Permission View: can edit on DAG:example_trigger_target_dag
[2022-06-13 01:10:21,599] {logging_mixin.py:115} INFO - [2022-06-13 01:10:21,599] {manager.py:508} INFO - Created Permission View: can delete on DAG:example_trigger_target_dag
[2022-06-13 01:10:21,608] {logging_mixin.py:115} INFO - [2022-06-13 01:10:21,608] {manager.py:508} INFO - Created Permission View: can read on DAG:example_trigger_target_dag
[2022-06-13 01:10:21,609] {logging_mixin.py:115} INFO - [2022-06-13 01:10:21,609] {dag.py:2379} INFO - Sync 1 DAGs
[2022-06-13 01:10:21,618] {logging_mixin.py:115} INFO - [2022-06-13 01:10:21,618] {dag.py:2398} INFO - Creating ORM DAG for example_trigger_target_dag
[2022-06-13 01:10:21,631] {logging_mixin.py:115} INFO - [2022-06-13 01:10:21,631] {dag.py:2931} INFO - Setting next_dagrun for example_trigger_target_dag to None, run_after=None
[2022-06-13 01:10:21,649] {processor.py:161} INFO - Processing /home/airflow/.local/lib/python3.7/site-packages/airflow/example_dags/example_trigger_target_dag.py took 0.337 seconds
[2022-06-13 01:10:52,602] {processor.py:153} INFO - Started process (PID=137) to work on /home/airflow/.local/lib/python3.7/site-packages/airflow/example_dags/example_trigger_target_dag.py
[2022-06-13 01:10:52,611] {processor.py:641} INFO - Processing file /home/airflow/.local/lib/python3.7/site-packages/airflow/example_dags/example_trigger_target_dag.py for tasks to queue
[2022-06-13 01:10:52,611] {logging_mixin.py:115} INFO - [2022-06-13 01:10:52,611] {dagbag.py:507} INFO - Filling up the DagBag from /home/airflow/.local/lib/python3.7/site-packages/airflow/example_dags/example_trigger_target_dag.py
[2022-06-13 01:10:52,627] {processor.py:651} INFO - DAG(s) dict_keys(['example_trigger_target_dag']) retrieved from /home/airflow/.local/lib/python3.7/site-packages/airflow/example_dags/example_trigger_target_dag.py
[2022-06-13 01:10:52,652] {logging_mixin.py:115} INFO - [2022-06-13 01:10:52,652] {dag.py:2379} INFO - Sync 1 DAGs
[2022-06-13 01:10:52,787] {logging_mixin.py:115} INFO - [2022-06-13 01:10:52,787] {dag.py:2931} INFO - Setting next_dagrun for example_trigger_target_dag to None, run_after=None
[2022-06-13 01:10:52,804] {processor.py:161} INFO - Processing /home/airflow/.local/lib/python3.7/site-packages/airflow/example_dags/example_trigger_target_dag.py took 0.206 seconds
[2022-06-13 01:11:23,773] {processor.py:153} INFO - Started process (PID=200) to work on /home/airflow/.local/lib/python3.7/site-packages/airflow/example_dags/example_trigger_target_dag.py
[2022-06-13 01:11:23,774] {processor.py:641} INFO - Processing file /home/airflow/.local/lib/python3.7/site-packages/airflow/example_dags/example_trigger_target_dag.py for tasks to queue
[2022-06-13 01:11:23,774] {logging_mixin.py:115} INFO - [2022-06-13 01:11:23,774] {dagbag.py:507} INFO - Filling up the DagBag from /home/airflow/.local/lib/python3.7/site-packages/airflow/example_dags/example_trigger_target_dag.py
[2022-06-13 01:11:23,789] {processor.py:651} INFO - DAG(s) dict_keys(['example_trigger_target_dag']) retrieved from /home/airflow/.local/lib/python3.7/site-packages/airflow/example_dags/example_trigger_target_dag.py
[2022-06-13 01:11:23,817] {logging_mixin.py:115} INFO - [2022-06-13 01:11:23,817] {dag.py:2379} INFO - Sync 1 DAGs
[2022-06-13 01:11:23,949] {logging_mixin.py:115} INFO - [2022-06-13 01:11:23,949] {dag.py:2931} INFO - Setting next_dagrun for example_trigger_target_dag to None, run_after=None
[2022-06-13 01:11:23,961] {processor.py:161} INFO - Processing /home/airflow/.local/lib/python3.7/site-packages/airflow/example_dags/example_trigger_target_dag.py took 0.191 seconds
[2022-06-13 01:11:54,492] {processor.py:153} INFO - Started process (PID=254) to work on /home/airflow/.local/lib/python3.7/site-packages/airflow/example_dags/example_trigger_target_dag.py
[2022-06-13 01:11:54,493] {processor.py:641} INFO - Processing file /home/airflow/.local/lib/python3.7/site-packages/airflow/example_dags/example_trigger_target_dag.py for tasks to queue
[2022-06-13 01:11:54,498] {logging_mixin.py:115} INFO - [2022-06-13 01:11:54,498] {dagbag.py:507} INFO - Filling up the DagBag from /home/airflow/.local/lib/python3.7/site-packages/airflow/example_dags/example_trigger_target_dag.py
[2022-06-13 01:11:54,523] {processor.py:651} INFO - DAG(s) dict_keys(['example_trigger_target_dag']) retrieved from /home/airflow/.local/lib/python3.7/site-packages/airflow/example_dags/example_trigger_target_dag.py
[2022-06-13 01:11:54,573] {logging_mixin.py:115} INFO - [2022-06-13 01:11:54,573] {dag.py:2379} INFO - Sync 1 DAGs
[2022-06-13 01:11:54,730] {logging_mixin.py:115} INFO - [2022-06-13 01:11:54,730] {dag.py:2931} INFO - Setting next_dagrun for example_trigger_target_dag to None, run_after=None
[2022-06-13 01:11:54,743] {processor.py:161} INFO - Processing /home/airflow/.local/lib/python3.7/site-packages/airflow/example_dags/example_trigger_target_dag.py took 0.254 seconds
[2022-06-13 01:12:25,320] {processor.py:153} INFO - Started process (PID=317) to work on /home/airflow/.local/lib/python3.7/site-packages/airflow/example_dags/example_trigger_target_dag.py
[2022-06-13 01:12:25,324] {processor.py:641} INFO - Processing file /home/airflow/.local/lib/python3.7/site-packages/airflow/example_dags/example_trigger_target_dag.py for tasks to queue
[2022-06-13 01:12:25,325] {logging_mixin.py:115} INFO - [2022-06-13 01:12:25,325] {dagbag.py:507} INFO - Filling up the DagBag from /home/airflow/.local/lib/python3.7/site-packages/airflow/example_dags/example_trigger_target_dag.py
[2022-06-13 01:12:25,341] {processor.py:651} INFO - DAG(s) dict_keys(['example_trigger_target_dag']) retrieved from /home/airflow/.local/lib/python3.7/site-packages/airflow/example_dags/example_trigger_target_dag.py
[2022-06-13 01:12:25,366] {logging_mixin.py:115} INFO - [2022-06-13 01:12:25,366] {dag.py:2379} INFO - Sync 1 DAGs
[2022-06-13 01:12:25,495] {logging_mixin.py:115} INFO - [2022-06-13 01:12:25,495] {dag.py:2931} INFO - Setting next_dagrun for example_trigger_target_dag to None, run_after=None
[2022-06-13 01:12:25,509] {processor.py:161} INFO - Processing /home/airflow/.local/lib/python3.7/site-packages/airflow/example_dags/example_trigger_target_dag.py took 0.191 seconds
[2022-06-13 01:12:56,324] {processor.py:153} INFO - Started process (PID=380) to work on /home/airflow/.local/lib/python3.7/site-packages/airflow/example_dags/example_trigger_target_dag.py
[2022-06-13 01:12:56,326] {processor.py:641} INFO - Processing file /home/airflow/.local/lib/python3.7/site-packages/airflow/example_dags/example_trigger_target_dag.py for tasks to queue
[2022-06-13 01:12:56,327] {logging_mixin.py:115} INFO - [2022-06-13 01:12:56,327] {dagbag.py:507} INFO - Filling up the DagBag from /home/airflow/.local/lib/python3.7/site-packages/airflow/example_dags/example_trigger_target_dag.py
[2022-06-13 01:12:56,344] {processor.py:651} INFO - DAG(s) dict_keys(['example_trigger_target_dag']) retrieved from /home/airflow/.local/lib/python3.7/site-packages/airflow/example_dags/example_trigger_target_dag.py
[2022-06-13 01:12:56,371] {logging_mixin.py:115} INFO - [2022-06-13 01:12:56,370] {dag.py:2379} INFO - Sync 1 DAGs
[2022-06-13 01:12:56,505] {logging_mixin.py:115} INFO - [2022-06-13 01:12:56,505] {dag.py:2931} INFO - Setting next_dagrun for example_trigger_target_dag to None, run_after=None
[2022-06-13 01:12:56,516] {processor.py:161} INFO - Processing /home/airflow/.local/lib/python3.7/site-packages/airflow/example_dags/example_trigger_target_dag.py took 0.195 seconds
[2022-06-13 01:13:27,028] {processor.py:153} INFO - Started process (PID=434) to work on /home/airflow/.local/lib/python3.7/site-packages/airflow/example_dags/example_trigger_target_dag.py
[2022-06-13 01:13:27,029] {processor.py:641} INFO - Processing file /home/airflow/.local/lib/python3.7/site-packages/airflow/example_dags/example_trigger_target_dag.py for tasks to queue
[2022-06-13 01:13:27,029] {logging_mixin.py:115} INFO - [2022-06-13 01:13:27,029] {dagbag.py:507} INFO - Filling up the DagBag from /home/airflow/.local/lib/python3.7/site-packages/airflow/example_dags/example_trigger_target_dag.py
[2022-06-13 01:13:27,045] {processor.py:651} INFO - DAG(s) dict_keys(['example_trigger_target_dag']) retrieved from /home/airflow/.local/lib/python3.7/site-packages/airflow/example_dags/example_trigger_target_dag.py
[2022-06-13 01:13:27,071] {logging_mixin.py:115} INFO - [2022-06-13 01:13:27,071] {dag.py:2379} INFO - Sync 1 DAGs
[2022-06-13 01:13:27,203] {logging_mixin.py:115} INFO - [2022-06-13 01:13:27,202] {dag.py:2931} INFO - Setting next_dagrun for example_trigger_target_dag to None, run_after=None
[2022-06-13 01:13:27,217] {processor.py:161} INFO - Processing /home/airflow/.local/lib/python3.7/site-packages/airflow/example_dags/example_trigger_target_dag.py took 0.192 seconds
[2022-06-13 01:13:58,023] {processor.py:153} INFO - Started process (PID=499) to work on /home/airflow/.local/lib/python3.7/site-packages/airflow/example_dags/example_trigger_target_dag.py
[2022-06-13 01:13:58,024] {processor.py:641} INFO - Processing file /home/airflow/.local/lib/python3.7/site-packages/airflow/example_dags/example_trigger_target_dag.py for tasks to queue
[2022-06-13 01:13:58,024] {logging_mixin.py:115} INFO - [2022-06-13 01:13:58,024] {dagbag.py:507} INFO - Filling up the DagBag from /home/airflow/.local/lib/python3.7/site-packages/airflow/example_dags/example_trigger_target_dag.py
[2022-06-13 01:13:58,041] {processor.py:651} INFO - DAG(s) dict_keys(['example_trigger_target_dag']) retrieved from /home/airflow/.local/lib/python3.7/site-packages/airflow/example_dags/example_trigger_target_dag.py
[2022-06-13 01:13:58,070] {logging_mixin.py:115} INFO - [2022-06-13 01:13:58,069] {dag.py:2379} INFO - Sync 1 DAGs
[2022-06-13 01:13:58,222] {logging_mixin.py:115} INFO - [2022-06-13 01:13:58,222] {dag.py:2931} INFO - Setting next_dagrun for example_trigger_target_dag to None, run_after=None
[2022-06-13 01:13:58,236] {processor.py:161} INFO - Processing /home/airflow/.local/lib/python3.7/site-packages/airflow/example_dags/example_trigger_target_dag.py took 0.217 seconds
[2022-06-13 01:14:28,355] {processor.py:153} INFO - Started process (PID=561) to work on /home/airflow/.local/lib/python3.7/site-packages/airflow/example_dags/example_trigger_target_dag.py
[2022-06-13 01:14:28,357] {processor.py:641} INFO - Processing file /home/airflow/.local/lib/python3.7/site-packages/airflow/example_dags/example_trigger_target_dag.py for tasks to queue
[2022-06-13 01:14:28,358] {logging_mixin.py:115} INFO - [2022-06-13 01:14:28,358] {dagbag.py:507} INFO - Filling up the DagBag from /home/airflow/.local/lib/python3.7/site-packages/airflow/example_dags/example_trigger_target_dag.py
[2022-06-13 01:14:28,377] {processor.py:651} INFO - DAG(s) dict_keys(['example_trigger_target_dag']) retrieved from /home/airflow/.local/lib/python3.7/site-packages/airflow/example_dags/example_trigger_target_dag.py
[2022-06-13 01:14:28,414] {logging_mixin.py:115} INFO - [2022-06-13 01:14:28,414] {dag.py:2379} INFO - Sync 1 DAGs
[2022-06-13 01:14:28,547] {logging_mixin.py:115} INFO - [2022-06-13 01:14:28,547] {dag.py:2931} INFO - Setting next_dagrun for example_trigger_target_dag to None, run_after=None
[2022-06-13 01:14:28,561] {processor.py:161} INFO - Processing /home/airflow/.local/lib/python3.7/site-packages/airflow/example_dags/example_trigger_target_dag.py took 0.209 seconds
[2022-06-13 01:14:58,584] {processor.py:153} INFO - Started process (PID=615) to work on /home/airflow/.local/lib/python3.7/site-packages/airflow/example_dags/example_trigger_target_dag.py
[2022-06-13 01:14:58,584] {processor.py:641} INFO - Processing file /home/airflow/.local/lib/python3.7/site-packages/airflow/example_dags/example_trigger_target_dag.py for tasks to queue
[2022-06-13 01:14:58,585] {logging_mixin.py:115} INFO - [2022-06-13 01:14:58,585] {dagbag.py:507} INFO - Filling up the DagBag from /home/airflow/.local/lib/python3.7/site-packages/airflow/example_dags/example_trigger_target_dag.py
[2022-06-13 01:14:58,605] {processor.py:651} INFO - DAG(s) dict_keys(['example_trigger_target_dag']) retrieved from /home/airflow/.local/lib/python3.7/site-packages/airflow/example_dags/example_trigger_target_dag.py
[2022-06-13 01:14:58,649] {logging_mixin.py:115} INFO - [2022-06-13 01:14:58,649] {dag.py:2379} INFO - Sync 1 DAGs
[2022-06-13 01:14:58,790] {logging_mixin.py:115} INFO - [2022-06-13 01:14:58,790] {dag.py:2931} INFO - Setting next_dagrun for example_trigger_target_dag to None, run_after=None
[2022-06-13 01:14:58,803] {processor.py:161} INFO - Processing /home/airflow/.local/lib/python3.7/site-packages/airflow/example_dags/example_trigger_target_dag.py took 0.222 seconds
[2022-06-13 01:15:29,647] {processor.py:153} INFO - Started process (PID=678) to work on /home/airflow/.local/lib/python3.7/site-packages/airflow/example_dags/example_trigger_target_dag.py
[2022-06-13 01:15:29,651] {processor.py:641} INFO - Processing file /home/airflow/.local/lib/python3.7/site-packages/airflow/example_dags/example_trigger_target_dag.py for tasks to queue
[2022-06-13 01:15:29,652] {logging_mixin.py:115} INFO - [2022-06-13 01:15:29,652] {dagbag.py:507} INFO - Filling up the DagBag from /home/airflow/.local/lib/python3.7/site-packages/airflow/example_dags/example_trigger_target_dag.py
[2022-06-13 01:15:29,668] {processor.py:651} INFO - DAG(s) dict_keys(['example_trigger_target_dag']) retrieved from /home/airflow/.local/lib/python3.7/site-packages/airflow/example_dags/example_trigger_target_dag.py
[2022-06-13 01:15:29,717] {logging_mixin.py:115} INFO - [2022-06-13 01:15:29,717] {dag.py:2379} INFO - Sync 1 DAGs
[2022-06-13 01:15:29,889] {logging_mixin.py:115} INFO - [2022-06-13 01:15:29,889] {dag.py:2931} INFO - Setting next_dagrun for example_trigger_target_dag to None, run_after=None
[2022-06-13 01:15:29,901] {processor.py:161} INFO - Processing /home/airflow/.local/lib/python3.7/site-packages/airflow/example_dags/example_trigger_target_dag.py took 0.257 seconds
[2022-06-13 01:16:00,387] {processor.py:153} INFO - Started process (PID=741) to work on /home/airflow/.local/lib/python3.7/site-packages/airflow/example_dags/example_trigger_target_dag.py
[2022-06-13 01:16:00,387] {processor.py:641} INFO - Processing file /home/airflow/.local/lib/python3.7/site-packages/airflow/example_dags/example_trigger_target_dag.py for tasks to queue
[2022-06-13 01:16:00,388] {logging_mixin.py:115} INFO - [2022-06-13 01:16:00,388] {dagbag.py:507} INFO - Filling up the DagBag from /home/airflow/.local/lib/python3.7/site-packages/airflow/example_dags/example_trigger_target_dag.py
[2022-06-13 01:16:00,413] {processor.py:651} INFO - DAG(s) dict_keys(['example_trigger_target_dag']) retrieved from /home/airflow/.local/lib/python3.7/site-packages/airflow/example_dags/example_trigger_target_dag.py
[2022-06-13 01:16:00,451] {logging_mixin.py:115} INFO - [2022-06-13 01:16:00,450] {dag.py:2379} INFO - Sync 1 DAGs
[2022-06-13 01:16:00,588] {logging_mixin.py:115} INFO - [2022-06-13 01:16:00,588] {dag.py:2931} INFO - Setting next_dagrun for example_trigger_target_dag to None, run_after=None
[2022-06-13 01:16:00,600] {processor.py:161} INFO - Processing /home/airflow/.local/lib/python3.7/site-packages/airflow/example_dags/example_trigger_target_dag.py took 0.216 seconds
