[2022-06-13 01:10:15,890] {processor.py:153} INFO - Started process (PID=50) to work on /home/airflow/.local/lib/python3.7/site-packages/airflow/example_dags/example_branch_labels.py
[2022-06-13 01:10:15,891] {processor.py:641} INFO - Processing file /home/airflow/.local/lib/python3.7/site-packages/airflow/example_dags/example_branch_labels.py for tasks to queue
[2022-06-13 01:10:15,891] {logging_mixin.py:115} INFO - [2022-06-13 01:10:15,891] {dagbag.py:507} INFO - Filling up the DagBag from /home/airflow/.local/lib/python3.7/site-packages/airflow/example_dags/example_branch_labels.py
[2022-06-13 01:10:15,908] {processor.py:651} INFO - DAG(s) dict_keys(['example_branch_labels']) retrieved from /home/airflow/.local/lib/python3.7/site-packages/airflow/example_dags/example_branch_labels.py
[2022-06-13 01:10:16,315] {logging_mixin.py:115} INFO - [2022-06-13 01:10:16,315] {manager.py:508} INFO - Created Permission View: can edit on DAG:example_branch_labels
[2022-06-13 01:10:16,332] {logging_mixin.py:115} INFO - [2022-06-13 01:10:16,332] {manager.py:508} INFO - Created Permission View: can delete on DAG:example_branch_labels
[2022-06-13 01:10:16,341] {logging_mixin.py:115} INFO - [2022-06-13 01:10:16,341] {manager.py:508} INFO - Created Permission View: can read on DAG:example_branch_labels
[2022-06-13 01:10:16,342] {logging_mixin.py:115} INFO - [2022-06-13 01:10:16,342] {dag.py:2379} INFO - Sync 1 DAGs
[2022-06-13 01:10:16,351] {logging_mixin.py:115} INFO - [2022-06-13 01:10:16,351] {dag.py:2398} INFO - Creating ORM DAG for example_branch_labels
[2022-06-13 01:10:16,364] {logging_mixin.py:115} INFO - [2022-06-13 01:10:16,364] {dag.py:2931} INFO - Setting next_dagrun for example_branch_labels to 2022-06-12T00:00:00+00:00, run_after=2022-06-13T00:00:00+00:00
[2022-06-13 01:10:16,386] {processor.py:161} INFO - Processing /home/airflow/.local/lib/python3.7/site-packages/airflow/example_dags/example_branch_labels.py took 0.499 seconds
[2022-06-13 01:10:46,724] {processor.py:153} INFO - Started process (PID=104) to work on /home/airflow/.local/lib/python3.7/site-packages/airflow/example_dags/example_branch_labels.py
[2022-06-13 01:10:46,725] {processor.py:641} INFO - Processing file /home/airflow/.local/lib/python3.7/site-packages/airflow/example_dags/example_branch_labels.py for tasks to queue
[2022-06-13 01:10:46,725] {logging_mixin.py:115} INFO - [2022-06-13 01:10:46,725] {dagbag.py:507} INFO - Filling up the DagBag from /home/airflow/.local/lib/python3.7/site-packages/airflow/example_dags/example_branch_labels.py
[2022-06-13 01:10:46,731] {processor.py:651} INFO - DAG(s) dict_keys(['example_branch_labels']) retrieved from /home/airflow/.local/lib/python3.7/site-packages/airflow/example_dags/example_branch_labels.py
[2022-06-13 01:10:46,755] {logging_mixin.py:115} INFO - [2022-06-13 01:10:46,755] {dag.py:2379} INFO - Sync 1 DAGs
[2022-06-13 01:10:46,780] {logging_mixin.py:115} INFO - [2022-06-13 01:10:46,780] {dag.py:2931} INFO - Setting next_dagrun for example_branch_labels to 2022-06-12T00:00:00+00:00, run_after=2022-06-13T00:00:00+00:00
[2022-06-13 01:10:46,791] {processor.py:161} INFO - Processing /home/airflow/.local/lib/python3.7/site-packages/airflow/example_dags/example_branch_labels.py took 0.071 seconds
[2022-06-13 01:11:17,767] {processor.py:153} INFO - Started process (PID=167) to work on /home/airflow/.local/lib/python3.7/site-packages/airflow/example_dags/example_branch_labels.py
[2022-06-13 01:11:17,768] {processor.py:641} INFO - Processing file /home/airflow/.local/lib/python3.7/site-packages/airflow/example_dags/example_branch_labels.py for tasks to queue
[2022-06-13 01:11:17,769] {logging_mixin.py:115} INFO - [2022-06-13 01:11:17,769] {dagbag.py:507} INFO - Filling up the DagBag from /home/airflow/.local/lib/python3.7/site-packages/airflow/example_dags/example_branch_labels.py
[2022-06-13 01:11:17,778] {processor.py:651} INFO - DAG(s) dict_keys(['example_branch_labels']) retrieved from /home/airflow/.local/lib/python3.7/site-packages/airflow/example_dags/example_branch_labels.py
[2022-06-13 01:11:17,824] {logging_mixin.py:115} INFO - [2022-06-13 01:11:17,824] {dag.py:2379} INFO - Sync 1 DAGs
[2022-06-13 01:11:17,863] {logging_mixin.py:115} INFO - [2022-06-13 01:11:17,863] {dag.py:2931} INFO - Setting next_dagrun for example_branch_labels to 2022-06-12T00:00:00+00:00, run_after=2022-06-13T00:00:00+00:00
[2022-06-13 01:11:17,887] {processor.py:161} INFO - Processing /home/airflow/.local/lib/python3.7/site-packages/airflow/example_dags/example_branch_labels.py took 0.123 seconds
[2022-06-13 01:11:48,640] {processor.py:153} INFO - Started process (PID=230) to work on /home/airflow/.local/lib/python3.7/site-packages/airflow/example_dags/example_branch_labels.py
[2022-06-13 01:11:48,640] {processor.py:641} INFO - Processing file /home/airflow/.local/lib/python3.7/site-packages/airflow/example_dags/example_branch_labels.py for tasks to queue
[2022-06-13 01:11:48,641] {logging_mixin.py:115} INFO - [2022-06-13 01:11:48,641] {dagbag.py:507} INFO - Filling up the DagBag from /home/airflow/.local/lib/python3.7/site-packages/airflow/example_dags/example_branch_labels.py
[2022-06-13 01:11:48,647] {processor.py:651} INFO - DAG(s) dict_keys(['example_branch_labels']) retrieved from /home/airflow/.local/lib/python3.7/site-packages/airflow/example_dags/example_branch_labels.py
[2022-06-13 01:11:48,676] {logging_mixin.py:115} INFO - [2022-06-13 01:11:48,676] {dag.py:2379} INFO - Sync 1 DAGs
[2022-06-13 01:11:48,703] {logging_mixin.py:115} INFO - [2022-06-13 01:11:48,702] {dag.py:2931} INFO - Setting next_dagrun for example_branch_labels to 2022-06-12T00:00:00+00:00, run_after=2022-06-13T00:00:00+00:00
[2022-06-13 01:11:48,717] {processor.py:161} INFO - Processing /home/airflow/.local/lib/python3.7/site-packages/airflow/example_dags/example_branch_labels.py took 0.080 seconds
[2022-06-13 01:12:19,418] {processor.py:153} INFO - Started process (PID=284) to work on /home/airflow/.local/lib/python3.7/site-packages/airflow/example_dags/example_branch_labels.py
[2022-06-13 01:12:19,419] {processor.py:641} INFO - Processing file /home/airflow/.local/lib/python3.7/site-packages/airflow/example_dags/example_branch_labels.py for tasks to queue
[2022-06-13 01:12:19,420] {logging_mixin.py:115} INFO - [2022-06-13 01:12:19,420] {dagbag.py:507} INFO - Filling up the DagBag from /home/airflow/.local/lib/python3.7/site-packages/airflow/example_dags/example_branch_labels.py
[2022-06-13 01:12:19,426] {processor.py:651} INFO - DAG(s) dict_keys(['example_branch_labels']) retrieved from /home/airflow/.local/lib/python3.7/site-packages/airflow/example_dags/example_branch_labels.py
[2022-06-13 01:12:19,452] {logging_mixin.py:115} INFO - [2022-06-13 01:12:19,452] {dag.py:2379} INFO - Sync 1 DAGs
[2022-06-13 01:12:19,482] {logging_mixin.py:115} INFO - [2022-06-13 01:12:19,482] {dag.py:2931} INFO - Setting next_dagrun for example_branch_labels to 2022-06-12T00:00:00+00:00, run_after=2022-06-13T00:00:00+00:00
[2022-06-13 01:12:19,498] {processor.py:161} INFO - Processing /home/airflow/.local/lib/python3.7/site-packages/airflow/example_dags/example_branch_labels.py took 0.083 seconds
[2022-06-13 01:12:50,223] {processor.py:153} INFO - Started process (PID=346) to work on /home/airflow/.local/lib/python3.7/site-packages/airflow/example_dags/example_branch_labels.py
[2022-06-13 01:12:50,223] {processor.py:641} INFO - Processing file /home/airflow/.local/lib/python3.7/site-packages/airflow/example_dags/example_branch_labels.py for tasks to queue
[2022-06-13 01:12:50,224] {logging_mixin.py:115} INFO - [2022-06-13 01:12:50,224] {dagbag.py:507} INFO - Filling up the DagBag from /home/airflow/.local/lib/python3.7/site-packages/airflow/example_dags/example_branch_labels.py
[2022-06-13 01:12:50,229] {processor.py:651} INFO - DAG(s) dict_keys(['example_branch_labels']) retrieved from /home/airflow/.local/lib/python3.7/site-packages/airflow/example_dags/example_branch_labels.py
[2022-06-13 01:12:50,255] {logging_mixin.py:115} INFO - [2022-06-13 01:12:50,255] {dag.py:2379} INFO - Sync 1 DAGs
[2022-06-13 01:12:50,280] {logging_mixin.py:115} INFO - [2022-06-13 01:12:50,280] {dag.py:2931} INFO - Setting next_dagrun for example_branch_labels to 2022-06-12T00:00:00+00:00, run_after=2022-06-13T00:00:00+00:00
[2022-06-13 01:12:50,291] {processor.py:161} INFO - Processing /home/airflow/.local/lib/python3.7/site-packages/airflow/example_dags/example_branch_labels.py took 0.071 seconds
[2022-06-13 01:13:21,158] {processor.py:153} INFO - Started process (PID=410) to work on /home/airflow/.local/lib/python3.7/site-packages/airflow/example_dags/example_branch_labels.py
[2022-06-13 01:13:21,159] {processor.py:641} INFO - Processing file /home/airflow/.local/lib/python3.7/site-packages/airflow/example_dags/example_branch_labels.py for tasks to queue
[2022-06-13 01:13:21,159] {logging_mixin.py:115} INFO - [2022-06-13 01:13:21,159] {dagbag.py:507} INFO - Filling up the DagBag from /home/airflow/.local/lib/python3.7/site-packages/airflow/example_dags/example_branch_labels.py
[2022-06-13 01:13:21,166] {processor.py:651} INFO - DAG(s) dict_keys(['example_branch_labels']) retrieved from /home/airflow/.local/lib/python3.7/site-packages/airflow/example_dags/example_branch_labels.py
[2022-06-13 01:13:21,192] {logging_mixin.py:115} INFO - [2022-06-13 01:13:21,192] {dag.py:2379} INFO - Sync 1 DAGs
[2022-06-13 01:13:21,217] {logging_mixin.py:115} INFO - [2022-06-13 01:13:21,217] {dag.py:2931} INFO - Setting next_dagrun for example_branch_labels to 2022-06-12T00:00:00+00:00, run_after=2022-06-13T00:00:00+00:00
[2022-06-13 01:13:21,229] {processor.py:161} INFO - Processing /home/airflow/.local/lib/python3.7/site-packages/airflow/example_dags/example_branch_labels.py took 0.074 seconds
[2022-06-13 01:13:51,920] {processor.py:153} INFO - Started process (PID=475) to work on /home/airflow/.local/lib/python3.7/site-packages/airflow/example_dags/example_branch_labels.py
[2022-06-13 01:13:51,921] {processor.py:641} INFO - Processing file /home/airflow/.local/lib/python3.7/site-packages/airflow/example_dags/example_branch_labels.py for tasks to queue
[2022-06-13 01:13:51,921] {logging_mixin.py:115} INFO - [2022-06-13 01:13:51,921] {dagbag.py:507} INFO - Filling up the DagBag from /home/airflow/.local/lib/python3.7/site-packages/airflow/example_dags/example_branch_labels.py
[2022-06-13 01:13:51,927] {processor.py:651} INFO - DAG(s) dict_keys(['example_branch_labels']) retrieved from /home/airflow/.local/lib/python3.7/site-packages/airflow/example_dags/example_branch_labels.py
[2022-06-13 01:13:51,953] {logging_mixin.py:115} INFO - [2022-06-13 01:13:51,953] {dag.py:2379} INFO - Sync 1 DAGs
[2022-06-13 01:13:51,979] {logging_mixin.py:115} INFO - [2022-06-13 01:13:51,979] {dag.py:2931} INFO - Setting next_dagrun for example_branch_labels to 2022-06-12T00:00:00+00:00, run_after=2022-06-13T00:00:00+00:00
[2022-06-13 01:13:51,991] {processor.py:161} INFO - Processing /home/airflow/.local/lib/python3.7/site-packages/airflow/example_dags/example_branch_labels.py took 0.074 seconds
[2022-06-13 01:14:23,103] {processor.py:153} INFO - Started process (PID=528) to work on /home/airflow/.local/lib/python3.7/site-packages/airflow/example_dags/example_branch_labels.py
[2022-06-13 01:14:23,105] {processor.py:641} INFO - Processing file /home/airflow/.local/lib/python3.7/site-packages/airflow/example_dags/example_branch_labels.py for tasks to queue
[2022-06-13 01:14:23,105] {logging_mixin.py:115} INFO - [2022-06-13 01:14:23,105] {dagbag.py:507} INFO - Filling up the DagBag from /home/airflow/.local/lib/python3.7/site-packages/airflow/example_dags/example_branch_labels.py
[2022-06-13 01:14:23,115] {processor.py:651} INFO - DAG(s) dict_keys(['example_branch_labels']) retrieved from /home/airflow/.local/lib/python3.7/site-packages/airflow/example_dags/example_branch_labels.py
[2022-06-13 01:14:23,151] {logging_mixin.py:115} INFO - [2022-06-13 01:14:23,151] {dag.py:2379} INFO - Sync 1 DAGs
[2022-06-13 01:14:23,204] {logging_mixin.py:115} INFO - [2022-06-13 01:14:23,204] {dag.py:2931} INFO - Setting next_dagrun for example_branch_labels to 2022-06-12T00:00:00+00:00, run_after=2022-06-13T00:00:00+00:00
[2022-06-13 01:14:23,226] {processor.py:161} INFO - Processing /home/airflow/.local/lib/python3.7/site-packages/airflow/example_dags/example_branch_labels.py took 0.126 seconds
[2022-06-13 01:14:54,359] {processor.py:153} INFO - Started process (PID=591) to work on /home/airflow/.local/lib/python3.7/site-packages/airflow/example_dags/example_branch_labels.py
[2022-06-13 01:14:54,360] {processor.py:641} INFO - Processing file /home/airflow/.local/lib/python3.7/site-packages/airflow/example_dags/example_branch_labels.py for tasks to queue
[2022-06-13 01:14:54,360] {logging_mixin.py:115} INFO - [2022-06-13 01:14:54,360] {dagbag.py:507} INFO - Filling up the DagBag from /home/airflow/.local/lib/python3.7/site-packages/airflow/example_dags/example_branch_labels.py
[2022-06-13 01:14:54,376] {processor.py:651} INFO - DAG(s) dict_keys(['example_branch_labels']) retrieved from /home/airflow/.local/lib/python3.7/site-packages/airflow/example_dags/example_branch_labels.py
[2022-06-13 01:14:54,417] {logging_mixin.py:115} INFO - [2022-06-13 01:14:54,417] {dag.py:2379} INFO - Sync 1 DAGs
[2022-06-13 01:14:54,450] {logging_mixin.py:115} INFO - [2022-06-13 01:14:54,450] {dag.py:2931} INFO - Setting next_dagrun for example_branch_labels to 2022-06-12T00:00:00+00:00, run_after=2022-06-13T00:00:00+00:00
[2022-06-13 01:14:54,463] {processor.py:161} INFO - Processing /home/airflow/.local/lib/python3.7/site-packages/airflow/example_dags/example_branch_labels.py took 0.110 seconds
[2022-06-13 01:15:24,862] {processor.py:153} INFO - Started process (PID=654) to work on /home/airflow/.local/lib/python3.7/site-packages/airflow/example_dags/example_branch_labels.py
[2022-06-13 01:15:24,863] {processor.py:641} INFO - Processing file /home/airflow/.local/lib/python3.7/site-packages/airflow/example_dags/example_branch_labels.py for tasks to queue
[2022-06-13 01:15:24,863] {logging_mixin.py:115} INFO - [2022-06-13 01:15:24,863] {dagbag.py:507} INFO - Filling up the DagBag from /home/airflow/.local/lib/python3.7/site-packages/airflow/example_dags/example_branch_labels.py
[2022-06-13 01:15:24,871] {processor.py:651} INFO - DAG(s) dict_keys(['example_branch_labels']) retrieved from /home/airflow/.local/lib/python3.7/site-packages/airflow/example_dags/example_branch_labels.py
[2022-06-13 01:15:24,919] {logging_mixin.py:115} INFO - [2022-06-13 01:15:24,919] {dag.py:2379} INFO - Sync 1 DAGs
[2022-06-13 01:15:24,973] {logging_mixin.py:115} INFO - [2022-06-13 01:15:24,973] {dag.py:2931} INFO - Setting next_dagrun for example_branch_labels to 2022-06-12T00:00:00+00:00, run_after=2022-06-13T00:00:00+00:00
[2022-06-13 01:15:25,002] {processor.py:161} INFO - Processing /home/airflow/.local/lib/python3.7/site-packages/airflow/example_dags/example_branch_labels.py took 0.144 seconds
[2022-06-13 01:15:55,788] {processor.py:153} INFO - Started process (PID=707) to work on /home/airflow/.local/lib/python3.7/site-packages/airflow/example_dags/example_branch_labels.py
[2022-06-13 01:15:55,789] {processor.py:641} INFO - Processing file /home/airflow/.local/lib/python3.7/site-packages/airflow/example_dags/example_branch_labels.py for tasks to queue
[2022-06-13 01:15:55,790] {logging_mixin.py:115} INFO - [2022-06-13 01:15:55,790] {dagbag.py:507} INFO - Filling up the DagBag from /home/airflow/.local/lib/python3.7/site-packages/airflow/example_dags/example_branch_labels.py
[2022-06-13 01:15:55,796] {processor.py:651} INFO - DAG(s) dict_keys(['example_branch_labels']) retrieved from /home/airflow/.local/lib/python3.7/site-packages/airflow/example_dags/example_branch_labels.py
[2022-06-13 01:15:55,822] {logging_mixin.py:115} INFO - [2022-06-13 01:15:55,821] {dag.py:2379} INFO - Sync 1 DAGs
[2022-06-13 01:15:55,848] {logging_mixin.py:115} INFO - [2022-06-13 01:15:55,848] {dag.py:2931} INFO - Setting next_dagrun for example_branch_labels to 2022-06-12T00:00:00+00:00, run_after=2022-06-13T00:00:00+00:00
[2022-06-13 01:15:55,859] {processor.py:161} INFO - Processing /home/airflow/.local/lib/python3.7/site-packages/airflow/example_dags/example_branch_labels.py took 0.075 seconds
[2022-06-13 01:16:26,578] {processor.py:153} INFO - Started process (PID=770) to work on /home/airflow/.local/lib/python3.7/site-packages/airflow/example_dags/example_branch_labels.py
[2022-06-13 01:16:26,578] {processor.py:641} INFO - Processing file /home/airflow/.local/lib/python3.7/site-packages/airflow/example_dags/example_branch_labels.py for tasks to queue
[2022-06-13 01:16:26,579] {logging_mixin.py:115} INFO - [2022-06-13 01:16:26,579] {dagbag.py:507} INFO - Filling up the DagBag from /home/airflow/.local/lib/python3.7/site-packages/airflow/example_dags/example_branch_labels.py
[2022-06-13 01:16:26,586] {processor.py:651} INFO - DAG(s) dict_keys(['example_branch_labels']) retrieved from /home/airflow/.local/lib/python3.7/site-packages/airflow/example_dags/example_branch_labels.py
[2022-06-13 01:16:26,617] {logging_mixin.py:115} INFO - [2022-06-13 01:16:26,617] {dag.py:2379} INFO - Sync 1 DAGs
[2022-06-13 01:16:26,650] {logging_mixin.py:115} INFO - [2022-06-13 01:16:26,650] {dag.py:2931} INFO - Setting next_dagrun for example_branch_labels to 2022-06-12T00:00:00+00:00, run_after=2022-06-13T00:00:00+00:00
[2022-06-13 01:16:26,665] {processor.py:161} INFO - Processing /home/airflow/.local/lib/python3.7/site-packages/airflow/example_dags/example_branch_labels.py took 0.091 seconds
[2022-06-13 01:16:58,250] {processor.py:153} INFO - Started process (PID=832) to work on /home/airflow/.local/lib/python3.7/site-packages/airflow/example_dags/example_branch_labels.py
[2022-06-13 01:16:58,263] {processor.py:641} INFO - Processing file /home/airflow/.local/lib/python3.7/site-packages/airflow/example_dags/example_branch_labels.py for tasks to queue
[2022-06-13 01:16:58,264] {logging_mixin.py:115} INFO - [2022-06-13 01:16:58,264] {dagbag.py:507} INFO - Filling up the DagBag from /home/airflow/.local/lib/python3.7/site-packages/airflow/example_dags/example_branch_labels.py
[2022-06-13 01:16:58,304] {processor.py:651} INFO - DAG(s) dict_keys(['example_branch_labels']) retrieved from /home/airflow/.local/lib/python3.7/site-packages/airflow/example_dags/example_branch_labels.py
[2022-06-13 01:16:58,418] {logging_mixin.py:115} INFO - [2022-06-13 01:16:58,418] {dag.py:2379} INFO - Sync 1 DAGs
[2022-06-13 01:16:58,479] {logging_mixin.py:115} INFO - [2022-06-13 01:16:58,479] {dag.py:2931} INFO - Setting next_dagrun for example_branch_labels to 2022-06-12T00:00:00+00:00, run_after=2022-06-13T00:00:00+00:00
[2022-06-13 01:16:58,529] {processor.py:161} INFO - Processing /home/airflow/.local/lib/python3.7/site-packages/airflow/example_dags/example_branch_labels.py took 0.285 seconds
