[2022-06-13 01:10:17,185] {processor.py:153} INFO - Started process (PID=56) to work on /home/airflow/.local/lib/python3.7/site-packages/airflow/example_dags/example_skip_dag.py
[2022-06-13 01:10:17,185] {processor.py:641} INFO - Processing file /home/airflow/.local/lib/python3.7/site-packages/airflow/example_dags/example_skip_dag.py for tasks to queue
[2022-06-13 01:10:17,186] {logging_mixin.py:115} INFO - [2022-06-13 01:10:17,186] {dagbag.py:507} INFO - Filling up the DagBag from /home/airflow/.local/lib/python3.7/site-packages/airflow/example_dags/example_skip_dag.py
[2022-06-13 01:10:17,192] {processor.py:651} INFO - DAG(s) dict_keys(['example_skip_dag']) retrieved from /home/airflow/.local/lib/python3.7/site-packages/airflow/example_dags/example_skip_dag.py
[2022-06-13 01:10:17,544] {logging_mixin.py:115} INFO - [2022-06-13 01:10:17,543] {manager.py:508} INFO - Created Permission View: can edit on DAG:example_skip_dag
[2022-06-13 01:10:17,573] {logging_mixin.py:115} INFO - [2022-06-13 01:10:17,573] {manager.py:508} INFO - Created Permission View: can delete on DAG:example_skip_dag
[2022-06-13 01:10:17,612] {logging_mixin.py:115} INFO - [2022-06-13 01:10:17,612] {manager.py:508} INFO - Created Permission View: can read on DAG:example_skip_dag
[2022-06-13 01:10:17,613] {logging_mixin.py:115} INFO - [2022-06-13 01:10:17,612] {dag.py:2379} INFO - Sync 1 DAGs
[2022-06-13 01:10:17,624] {logging_mixin.py:115} INFO - [2022-06-13 01:10:17,624] {dag.py:2398} INFO - Creating ORM DAG for example_skip_dag
[2022-06-13 01:10:17,646] {logging_mixin.py:115} INFO - [2022-06-13 01:10:17,646] {dag.py:2931} INFO - Setting next_dagrun for example_skip_dag to 2022-06-12T01:10:17.646022+00:00, run_after=2022-06-13T01:10:17.646022+00:00
[2022-06-13 01:10:17,666] {processor.py:161} INFO - Processing /home/airflow/.local/lib/python3.7/site-packages/airflow/example_dags/example_skip_dag.py took 0.491 seconds
[2022-06-13 01:10:48,424] {processor.py:153} INFO - Started process (PID=119) to work on /home/airflow/.local/lib/python3.7/site-packages/airflow/example_dags/example_skip_dag.py
[2022-06-13 01:10:48,425] {processor.py:641} INFO - Processing file /home/airflow/.local/lib/python3.7/site-packages/airflow/example_dags/example_skip_dag.py for tasks to queue
[2022-06-13 01:10:48,425] {logging_mixin.py:115} INFO - [2022-06-13 01:10:48,425] {dagbag.py:507} INFO - Filling up the DagBag from /home/airflow/.local/lib/python3.7/site-packages/airflow/example_dags/example_skip_dag.py
[2022-06-13 01:10:48,431] {processor.py:651} INFO - DAG(s) dict_keys(['example_skip_dag']) retrieved from /home/airflow/.local/lib/python3.7/site-packages/airflow/example_dags/example_skip_dag.py
[2022-06-13 01:10:48,457] {logging_mixin.py:115} INFO - [2022-06-13 01:10:48,457] {dag.py:2379} INFO - Sync 1 DAGs
[2022-06-13 01:10:48,486] {logging_mixin.py:115} INFO - [2022-06-13 01:10:48,486] {dag.py:2931} INFO - Setting next_dagrun for example_skip_dag to 2022-06-12T01:10:48.485794+00:00, run_after=2022-06-13T01:10:48.485794+00:00
[2022-06-13 01:10:48,502] {processor.py:161} INFO - Processing /home/airflow/.local/lib/python3.7/site-packages/airflow/example_dags/example_skip_dag.py took 0.081 seconds
[2022-06-13 01:11:19,345] {processor.py:153} INFO - Started process (PID=173) to work on /home/airflow/.local/lib/python3.7/site-packages/airflow/example_dags/example_skip_dag.py
[2022-06-13 01:11:19,349] {processor.py:641} INFO - Processing file /home/airflow/.local/lib/python3.7/site-packages/airflow/example_dags/example_skip_dag.py for tasks to queue
[2022-06-13 01:11:19,350] {logging_mixin.py:115} INFO - [2022-06-13 01:11:19,350] {dagbag.py:507} INFO - Filling up the DagBag from /home/airflow/.local/lib/python3.7/site-packages/airflow/example_dags/example_skip_dag.py
[2022-06-13 01:11:19,359] {processor.py:651} INFO - DAG(s) dict_keys(['example_skip_dag']) retrieved from /home/airflow/.local/lib/python3.7/site-packages/airflow/example_dags/example_skip_dag.py
[2022-06-13 01:11:19,386] {logging_mixin.py:115} INFO - [2022-06-13 01:11:19,386] {dag.py:2379} INFO - Sync 1 DAGs
[2022-06-13 01:11:19,410] {logging_mixin.py:115} INFO - [2022-06-13 01:11:19,410] {dag.py:2931} INFO - Setting next_dagrun for example_skip_dag to 2022-06-12T01:11:19.409903+00:00, run_after=2022-06-13T01:11:19.409903+00:00
[2022-06-13 01:11:19,421] {processor.py:161} INFO - Processing /home/airflow/.local/lib/python3.7/site-packages/airflow/example_dags/example_skip_dag.py took 0.080 seconds
[2022-06-13 01:11:50,096] {processor.py:153} INFO - Started process (PID=236) to work on /home/airflow/.local/lib/python3.7/site-packages/airflow/example_dags/example_skip_dag.py
[2022-06-13 01:11:50,097] {processor.py:641} INFO - Processing file /home/airflow/.local/lib/python3.7/site-packages/airflow/example_dags/example_skip_dag.py for tasks to queue
[2022-06-13 01:11:50,097] {logging_mixin.py:115} INFO - [2022-06-13 01:11:50,097] {dagbag.py:507} INFO - Filling up the DagBag from /home/airflow/.local/lib/python3.7/site-packages/airflow/example_dags/example_skip_dag.py
[2022-06-13 01:11:50,103] {processor.py:651} INFO - DAG(s) dict_keys(['example_skip_dag']) retrieved from /home/airflow/.local/lib/python3.7/site-packages/airflow/example_dags/example_skip_dag.py
[2022-06-13 01:11:50,131] {logging_mixin.py:115} INFO - [2022-06-13 01:11:50,131] {dag.py:2379} INFO - Sync 1 DAGs
[2022-06-13 01:11:50,155] {logging_mixin.py:115} INFO - [2022-06-13 01:11:50,154] {dag.py:2931} INFO - Setting next_dagrun for example_skip_dag to 2022-06-12T01:11:50.154701+00:00, run_after=2022-06-13T01:11:50.154701+00:00
[2022-06-13 01:11:50,167] {processor.py:161} INFO - Processing /home/airflow/.local/lib/python3.7/site-packages/airflow/example_dags/example_skip_dag.py took 0.074 seconds
[2022-06-13 01:12:20,984] {processor.py:153} INFO - Started process (PID=299) to work on /home/airflow/.local/lib/python3.7/site-packages/airflow/example_dags/example_skip_dag.py
[2022-06-13 01:12:20,985] {processor.py:641} INFO - Processing file /home/airflow/.local/lib/python3.7/site-packages/airflow/example_dags/example_skip_dag.py for tasks to queue
[2022-06-13 01:12:20,986] {logging_mixin.py:115} INFO - [2022-06-13 01:12:20,986] {dagbag.py:507} INFO - Filling up the DagBag from /home/airflow/.local/lib/python3.7/site-packages/airflow/example_dags/example_skip_dag.py
[2022-06-13 01:12:20,991] {processor.py:651} INFO - DAG(s) dict_keys(['example_skip_dag']) retrieved from /home/airflow/.local/lib/python3.7/site-packages/airflow/example_dags/example_skip_dag.py
[2022-06-13 01:12:21,018] {logging_mixin.py:115} INFO - [2022-06-13 01:12:21,018] {dag.py:2379} INFO - Sync 1 DAGs
[2022-06-13 01:12:21,043] {logging_mixin.py:115} INFO - [2022-06-13 01:12:21,043] {dag.py:2931} INFO - Setting next_dagrun for example_skip_dag to 2022-06-12T01:12:21.043004+00:00, run_after=2022-06-13T01:12:21.043004+00:00
[2022-06-13 01:12:21,060] {processor.py:161} INFO - Processing /home/airflow/.local/lib/python3.7/site-packages/airflow/example_dags/example_skip_dag.py took 0.079 seconds
[2022-06-13 01:12:51,838] {processor.py:153} INFO - Started process (PID=352) to work on /home/airflow/.local/lib/python3.7/site-packages/airflow/example_dags/example_skip_dag.py
[2022-06-13 01:12:51,838] {processor.py:641} INFO - Processing file /home/airflow/.local/lib/python3.7/site-packages/airflow/example_dags/example_skip_dag.py for tasks to queue
[2022-06-13 01:12:51,839] {logging_mixin.py:115} INFO - [2022-06-13 01:12:51,838] {dagbag.py:507} INFO - Filling up the DagBag from /home/airflow/.local/lib/python3.7/site-packages/airflow/example_dags/example_skip_dag.py
[2022-06-13 01:12:51,844] {processor.py:651} INFO - DAG(s) dict_keys(['example_skip_dag']) retrieved from /home/airflow/.local/lib/python3.7/site-packages/airflow/example_dags/example_skip_dag.py
[2022-06-13 01:12:51,878] {logging_mixin.py:115} INFO - [2022-06-13 01:12:51,878] {dag.py:2379} INFO - Sync 1 DAGs
[2022-06-13 01:12:51,911] {logging_mixin.py:115} INFO - [2022-06-13 01:12:51,911] {dag.py:2931} INFO - Setting next_dagrun for example_skip_dag to 2022-06-12T01:12:51.911040+00:00, run_after=2022-06-13T01:12:51.911040+00:00
[2022-06-13 01:12:51,928] {processor.py:161} INFO - Processing /home/airflow/.local/lib/python3.7/site-packages/airflow/example_dags/example_skip_dag.py took 0.094 seconds
[2022-06-13 01:13:22,660] {processor.py:153} INFO - Started process (PID=416) to work on /home/airflow/.local/lib/python3.7/site-packages/airflow/example_dags/example_skip_dag.py
[2022-06-13 01:13:22,661] {processor.py:641} INFO - Processing file /home/airflow/.local/lib/python3.7/site-packages/airflow/example_dags/example_skip_dag.py for tasks to queue
[2022-06-13 01:13:22,661] {logging_mixin.py:115} INFO - [2022-06-13 01:13:22,661] {dagbag.py:507} INFO - Filling up the DagBag from /home/airflow/.local/lib/python3.7/site-packages/airflow/example_dags/example_skip_dag.py
[2022-06-13 01:13:22,667] {processor.py:651} INFO - DAG(s) dict_keys(['example_skip_dag']) retrieved from /home/airflow/.local/lib/python3.7/site-packages/airflow/example_dags/example_skip_dag.py
[2022-06-13 01:13:22,695] {logging_mixin.py:115} INFO - [2022-06-13 01:13:22,695] {dag.py:2379} INFO - Sync 1 DAGs
[2022-06-13 01:13:22,719] {logging_mixin.py:115} INFO - [2022-06-13 01:13:22,719] {dag.py:2931} INFO - Setting next_dagrun for example_skip_dag to 2022-06-12T01:13:22.719519+00:00, run_after=2022-06-13T01:13:22.719519+00:00
[2022-06-13 01:13:22,733] {processor.py:161} INFO - Processing /home/airflow/.local/lib/python3.7/site-packages/airflow/example_dags/example_skip_dag.py took 0.076 seconds
[2022-06-13 01:13:53,440] {processor.py:153} INFO - Started process (PID=481) to work on /home/airflow/.local/lib/python3.7/site-packages/airflow/example_dags/example_skip_dag.py
[2022-06-13 01:13:53,440] {processor.py:641} INFO - Processing file /home/airflow/.local/lib/python3.7/site-packages/airflow/example_dags/example_skip_dag.py for tasks to queue
[2022-06-13 01:13:53,441] {logging_mixin.py:115} INFO - [2022-06-13 01:13:53,441] {dagbag.py:507} INFO - Filling up the DagBag from /home/airflow/.local/lib/python3.7/site-packages/airflow/example_dags/example_skip_dag.py
[2022-06-13 01:13:53,446] {processor.py:651} INFO - DAG(s) dict_keys(['example_skip_dag']) retrieved from /home/airflow/.local/lib/python3.7/site-packages/airflow/example_dags/example_skip_dag.py
[2022-06-13 01:13:53,477] {logging_mixin.py:115} INFO - [2022-06-13 01:13:53,476] {dag.py:2379} INFO - Sync 1 DAGs
[2022-06-13 01:13:53,502] {logging_mixin.py:115} INFO - [2022-06-13 01:13:53,501] {dag.py:2931} INFO - Setting next_dagrun for example_skip_dag to 2022-06-12T01:13:53.501631+00:00, run_after=2022-06-13T01:13:53.501631+00:00
[2022-06-13 01:13:53,513] {processor.py:161} INFO - Processing /home/airflow/.local/lib/python3.7/site-packages/airflow/example_dags/example_skip_dag.py took 0.076 seconds
[2022-06-13 01:14:23,695] {processor.py:153} INFO - Started process (PID=534) to work on /home/airflow/.local/lib/python3.7/site-packages/airflow/example_dags/example_skip_dag.py
[2022-06-13 01:14:23,697] {processor.py:641} INFO - Processing file /home/airflow/.local/lib/python3.7/site-packages/airflow/example_dags/example_skip_dag.py for tasks to queue
[2022-06-13 01:14:23,698] {logging_mixin.py:115} INFO - [2022-06-13 01:14:23,698] {dagbag.py:507} INFO - Filling up the DagBag from /home/airflow/.local/lib/python3.7/site-packages/airflow/example_dags/example_skip_dag.py
[2022-06-13 01:14:23,705] {processor.py:651} INFO - DAG(s) dict_keys(['example_skip_dag']) retrieved from /home/airflow/.local/lib/python3.7/site-packages/airflow/example_dags/example_skip_dag.py
[2022-06-13 01:14:23,746] {logging_mixin.py:115} INFO - [2022-06-13 01:14:23,746] {dag.py:2379} INFO - Sync 1 DAGs
[2022-06-13 01:14:23,778] {logging_mixin.py:115} INFO - [2022-06-13 01:14:23,777] {dag.py:2931} INFO - Setting next_dagrun for example_skip_dag to 2022-06-12T01:14:23.777525+00:00, run_after=2022-06-13T01:14:23.777525+00:00
[2022-06-13 01:14:23,794] {processor.py:161} INFO - Processing /home/airflow/.local/lib/python3.7/site-packages/airflow/example_dags/example_skip_dag.py took 0.104 seconds
[2022-06-13 01:14:54,910] {processor.py:153} INFO - Started process (PID=597) to work on /home/airflow/.local/lib/python3.7/site-packages/airflow/example_dags/example_skip_dag.py
[2022-06-13 01:14:54,911] {processor.py:641} INFO - Processing file /home/airflow/.local/lib/python3.7/site-packages/airflow/example_dags/example_skip_dag.py for tasks to queue
[2022-06-13 01:14:54,911] {logging_mixin.py:115} INFO - [2022-06-13 01:14:54,911] {dagbag.py:507} INFO - Filling up the DagBag from /home/airflow/.local/lib/python3.7/site-packages/airflow/example_dags/example_skip_dag.py
[2022-06-13 01:14:54,916] {processor.py:651} INFO - DAG(s) dict_keys(['example_skip_dag']) retrieved from /home/airflow/.local/lib/python3.7/site-packages/airflow/example_dags/example_skip_dag.py
[2022-06-13 01:14:54,942] {logging_mixin.py:115} INFO - [2022-06-13 01:14:54,942] {dag.py:2379} INFO - Sync 1 DAGs
[2022-06-13 01:14:54,968] {logging_mixin.py:115} INFO - [2022-06-13 01:14:54,968] {dag.py:2931} INFO - Setting next_dagrun for example_skip_dag to 2022-06-12T01:14:54.967967+00:00, run_after=2022-06-13T01:14:54.967967+00:00
[2022-06-13 01:14:54,990] {processor.py:161} INFO - Processing /home/airflow/.local/lib/python3.7/site-packages/airflow/example_dags/example_skip_dag.py took 0.083 seconds
[2022-06-13 01:15:25,776] {processor.py:153} INFO - Started process (PID=660) to work on /home/airflow/.local/lib/python3.7/site-packages/airflow/example_dags/example_skip_dag.py
[2022-06-13 01:15:25,783] {processor.py:641} INFO - Processing file /home/airflow/.local/lib/python3.7/site-packages/airflow/example_dags/example_skip_dag.py for tasks to queue
[2022-06-13 01:15:25,784] {logging_mixin.py:115} INFO - [2022-06-13 01:15:25,784] {dagbag.py:507} INFO - Filling up the DagBag from /home/airflow/.local/lib/python3.7/site-packages/airflow/example_dags/example_skip_dag.py
[2022-06-13 01:15:25,807] {processor.py:651} INFO - DAG(s) dict_keys(['example_skip_dag']) retrieved from /home/airflow/.local/lib/python3.7/site-packages/airflow/example_dags/example_skip_dag.py
[2022-06-13 01:15:25,891] {logging_mixin.py:115} INFO - [2022-06-13 01:15:25,891] {dag.py:2379} INFO - Sync 1 DAGs
[2022-06-13 01:15:25,932] {logging_mixin.py:115} INFO - [2022-06-13 01:15:25,932] {dag.py:2931} INFO - Setting next_dagrun for example_skip_dag to 2022-06-12T01:15:25.931947+00:00, run_after=2022-06-13T01:15:25.931947+00:00
[2022-06-13 01:15:26,095] {processor.py:161} INFO - Processing /home/airflow/.local/lib/python3.7/site-packages/airflow/example_dags/example_skip_dag.py took 0.322 seconds
[2022-06-13 01:15:56,393] {processor.py:153} INFO - Started process (PID=713) to work on /home/airflow/.local/lib/python3.7/site-packages/airflow/example_dags/example_skip_dag.py
[2022-06-13 01:15:56,396] {processor.py:641} INFO - Processing file /home/airflow/.local/lib/python3.7/site-packages/airflow/example_dags/example_skip_dag.py for tasks to queue
[2022-06-13 01:15:56,397] {logging_mixin.py:115} INFO - [2022-06-13 01:15:56,397] {dagbag.py:507} INFO - Filling up the DagBag from /home/airflow/.local/lib/python3.7/site-packages/airflow/example_dags/example_skip_dag.py
[2022-06-13 01:15:56,409] {processor.py:651} INFO - DAG(s) dict_keys(['example_skip_dag']) retrieved from /home/airflow/.local/lib/python3.7/site-packages/airflow/example_dags/example_skip_dag.py
[2022-06-13 01:15:56,471] {logging_mixin.py:115} INFO - [2022-06-13 01:15:56,471] {dag.py:2379} INFO - Sync 1 DAGs
[2022-06-13 01:15:56,507] {logging_mixin.py:115} INFO - [2022-06-13 01:15:56,506] {dag.py:2931} INFO - Setting next_dagrun for example_skip_dag to 2022-06-12T01:15:56.506342+00:00, run_after=2022-06-13T01:15:56.506342+00:00
[2022-06-13 01:15:56,636] {processor.py:161} INFO - Processing /home/airflow/.local/lib/python3.7/site-packages/airflow/example_dags/example_skip_dag.py took 0.247 seconds
[2022-06-13 01:16:27,187] {processor.py:153} INFO - Started process (PID=776) to work on /home/airflow/.local/lib/python3.7/site-packages/airflow/example_dags/example_skip_dag.py
[2022-06-13 01:16:27,188] {processor.py:641} INFO - Processing file /home/airflow/.local/lib/python3.7/site-packages/airflow/example_dags/example_skip_dag.py for tasks to queue
[2022-06-13 01:16:27,189] {logging_mixin.py:115} INFO - [2022-06-13 01:16:27,189] {dagbag.py:507} INFO - Filling up the DagBag from /home/airflow/.local/lib/python3.7/site-packages/airflow/example_dags/example_skip_dag.py
[2022-06-13 01:16:27,195] {processor.py:651} INFO - DAG(s) dict_keys(['example_skip_dag']) retrieved from /home/airflow/.local/lib/python3.7/site-packages/airflow/example_dags/example_skip_dag.py
[2022-06-13 01:16:27,221] {logging_mixin.py:115} INFO - [2022-06-13 01:16:27,221] {dag.py:2379} INFO - Sync 1 DAGs
[2022-06-13 01:16:27,245] {logging_mixin.py:115} INFO - [2022-06-13 01:16:27,245] {dag.py:2931} INFO - Setting next_dagrun for example_skip_dag to 2022-06-12T01:16:27.245614+00:00, run_after=2022-06-13T01:16:27.245614+00:00
[2022-06-13 01:16:27,439] {processor.py:161} INFO - Processing /home/airflow/.local/lib/python3.7/site-packages/airflow/example_dags/example_skip_dag.py took 0.255 seconds
[2022-06-13 01:16:59,568] {processor.py:153} INFO - Started process (PID=840) to work on /home/airflow/.local/lib/python3.7/site-packages/airflow/example_dags/example_skip_dag.py
[2022-06-13 01:16:59,568] {processor.py:641} INFO - Processing file /home/airflow/.local/lib/python3.7/site-packages/airflow/example_dags/example_skip_dag.py for tasks to queue
[2022-06-13 01:16:59,569] {logging_mixin.py:115} INFO - [2022-06-13 01:16:59,569] {dagbag.py:507} INFO - Filling up the DagBag from /home/airflow/.local/lib/python3.7/site-packages/airflow/example_dags/example_skip_dag.py
[2022-06-13 01:16:59,576] {processor.py:651} INFO - DAG(s) dict_keys(['example_skip_dag']) retrieved from /home/airflow/.local/lib/python3.7/site-packages/airflow/example_dags/example_skip_dag.py
[2022-06-13 01:16:59,606] {logging_mixin.py:115} INFO - [2022-06-13 01:16:59,605] {dag.py:2379} INFO - Sync 1 DAGs
[2022-06-13 01:16:59,631] {logging_mixin.py:115} INFO - [2022-06-13 01:16:59,631] {dag.py:2931} INFO - Setting next_dagrun for example_skip_dag to 2022-06-12T01:16:59.631301+00:00, run_after=2022-06-13T01:16:59.631301+00:00
[2022-06-13 01:16:59,813] {processor.py:161} INFO - Processing /home/airflow/.local/lib/python3.7/site-packages/airflow/example_dags/example_skip_dag.py took 0.249 seconds
