[2022-06-13 01:10:21,672] {processor.py:153} INFO - Started process (PID=76) to work on /home/airflow/.local/lib/python3.7/site-packages/airflow/example_dags/example_external_task_marker_dag.py
[2022-06-13 01:10:21,673] {processor.py:641} INFO - Processing file /home/airflow/.local/lib/python3.7/site-packages/airflow/example_dags/example_external_task_marker_dag.py for tasks to queue
[2022-06-13 01:10:21,674] {logging_mixin.py:115} INFO - [2022-06-13 01:10:21,674] {dagbag.py:507} INFO - Filling up the DagBag from /home/airflow/.local/lib/python3.7/site-packages/airflow/example_dags/example_external_task_marker_dag.py
[2022-06-13 01:10:21,680] {processor.py:651} INFO - DAG(s) dict_keys(['example_external_task_marker_parent', 'example_external_task_marker_child']) retrieved from /home/airflow/.local/lib/python3.7/site-packages/airflow/example_dags/example_external_task_marker_dag.py
[2022-06-13 01:10:21,935] {logging_mixin.py:115} INFO - [2022-06-13 01:10:21,934] {manager.py:508} INFO - Created Permission View: can edit on DAG:example_external_task_marker_parent
[2022-06-13 01:10:21,953] {logging_mixin.py:115} INFO - [2022-06-13 01:10:21,953] {manager.py:508} INFO - Created Permission View: can delete on DAG:example_external_task_marker_parent
[2022-06-13 01:10:21,970] {logging_mixin.py:115} INFO - [2022-06-13 01:10:21,970] {manager.py:508} INFO - Created Permission View: can read on DAG:example_external_task_marker_parent
[2022-06-13 01:10:22,012] {logging_mixin.py:115} INFO - [2022-06-13 01:10:22,012] {manager.py:508} INFO - Created Permission View: can edit on DAG:example_external_task_marker_child
[2022-06-13 01:10:22,046] {logging_mixin.py:115} INFO - [2022-06-13 01:10:22,046] {manager.py:508} INFO - Created Permission View: can delete on DAG:example_external_task_marker_child
[2022-06-13 01:10:22,059] {logging_mixin.py:115} INFO - [2022-06-13 01:10:22,059] {manager.py:508} INFO - Created Permission View: can read on DAG:example_external_task_marker_child
[2022-06-13 01:10:22,060] {logging_mixin.py:115} INFO - [2022-06-13 01:10:22,060] {dag.py:2379} INFO - Sync 2 DAGs
[2022-06-13 01:10:22,068] {logging_mixin.py:115} INFO - [2022-06-13 01:10:22,068] {dag.py:2398} INFO - Creating ORM DAG for example_external_task_marker_child
[2022-06-13 01:10:22,069] {logging_mixin.py:115} INFO - [2022-06-13 01:10:22,069] {dag.py:2398} INFO - Creating ORM DAG for example_external_task_marker_parent
[2022-06-13 01:10:22,080] {logging_mixin.py:115} INFO - [2022-06-13 01:10:22,080] {dag.py:2931} INFO - Setting next_dagrun for example_external_task_marker_child to None, run_after=None
[2022-06-13 01:10:22,081] {logging_mixin.py:115} INFO - [2022-06-13 01:10:22,080] {dag.py:2931} INFO - Setting next_dagrun for example_external_task_marker_parent to None, run_after=None
[2022-06-13 01:10:22,096] {processor.py:161} INFO - Processing /home/airflow/.local/lib/python3.7/site-packages/airflow/example_dags/example_external_task_marker_dag.py took 0.428 seconds
[2022-06-13 01:10:52,820] {processor.py:153} INFO - Started process (PID=139) to work on /home/airflow/.local/lib/python3.7/site-packages/airflow/example_dags/example_external_task_marker_dag.py
[2022-06-13 01:10:52,822] {processor.py:641} INFO - Processing file /home/airflow/.local/lib/python3.7/site-packages/airflow/example_dags/example_external_task_marker_dag.py for tasks to queue
[2022-06-13 01:10:52,822] {logging_mixin.py:115} INFO - [2022-06-13 01:10:52,822] {dagbag.py:507} INFO - Filling up the DagBag from /home/airflow/.local/lib/python3.7/site-packages/airflow/example_dags/example_external_task_marker_dag.py
[2022-06-13 01:10:52,826] {processor.py:651} INFO - DAG(s) dict_keys(['example_external_task_marker_parent', 'example_external_task_marker_child']) retrieved from /home/airflow/.local/lib/python3.7/site-packages/airflow/example_dags/example_external_task_marker_dag.py
[2022-06-13 01:10:52,867] {logging_mixin.py:115} INFO - [2022-06-13 01:10:52,867] {dag.py:2379} INFO - Sync 2 DAGs
[2022-06-13 01:10:52,892] {logging_mixin.py:115} INFO - [2022-06-13 01:10:52,892] {dag.py:2931} INFO - Setting next_dagrun for example_external_task_marker_child to None, run_after=None
[2022-06-13 01:10:52,892] {logging_mixin.py:115} INFO - [2022-06-13 01:10:52,892] {dag.py:2931} INFO - Setting next_dagrun for example_external_task_marker_parent to None, run_after=None
[2022-06-13 01:10:52,904] {processor.py:161} INFO - Processing /home/airflow/.local/lib/python3.7/site-packages/airflow/example_dags/example_external_task_marker_dag.py took 0.087 seconds
[2022-06-13 01:11:23,979] {processor.py:153} INFO - Started process (PID=202) to work on /home/airflow/.local/lib/python3.7/site-packages/airflow/example_dags/example_external_task_marker_dag.py
[2022-06-13 01:11:23,980] {processor.py:641} INFO - Processing file /home/airflow/.local/lib/python3.7/site-packages/airflow/example_dags/example_external_task_marker_dag.py for tasks to queue
[2022-06-13 01:11:23,980] {logging_mixin.py:115} INFO - [2022-06-13 01:11:23,980] {dagbag.py:507} INFO - Filling up the DagBag from /home/airflow/.local/lib/python3.7/site-packages/airflow/example_dags/example_external_task_marker_dag.py
[2022-06-13 01:11:23,984] {processor.py:651} INFO - DAG(s) dict_keys(['example_external_task_marker_parent', 'example_external_task_marker_child']) retrieved from /home/airflow/.local/lib/python3.7/site-packages/airflow/example_dags/example_external_task_marker_dag.py
[2022-06-13 01:11:24,031] {logging_mixin.py:115} INFO - [2022-06-13 01:11:24,031] {dag.py:2379} INFO - Sync 2 DAGs
[2022-06-13 01:11:24,056] {logging_mixin.py:115} INFO - [2022-06-13 01:11:24,056] {dag.py:2931} INFO - Setting next_dagrun for example_external_task_marker_child to None, run_after=None
[2022-06-13 01:11:24,056] {logging_mixin.py:115} INFO - [2022-06-13 01:11:24,056] {dag.py:2931} INFO - Setting next_dagrun for example_external_task_marker_parent to None, run_after=None
[2022-06-13 01:11:24,077] {processor.py:161} INFO - Processing /home/airflow/.local/lib/python3.7/site-packages/airflow/example_dags/example_external_task_marker_dag.py took 0.101 seconds
[2022-06-13 01:11:54,759] {processor.py:153} INFO - Started process (PID=256) to work on /home/airflow/.local/lib/python3.7/site-packages/airflow/example_dags/example_external_task_marker_dag.py
[2022-06-13 01:11:54,759] {processor.py:641} INFO - Processing file /home/airflow/.local/lib/python3.7/site-packages/airflow/example_dags/example_external_task_marker_dag.py for tasks to queue
[2022-06-13 01:11:54,760] {logging_mixin.py:115} INFO - [2022-06-13 01:11:54,760] {dagbag.py:507} INFO - Filling up the DagBag from /home/airflow/.local/lib/python3.7/site-packages/airflow/example_dags/example_external_task_marker_dag.py
[2022-06-13 01:11:54,764] {processor.py:651} INFO - DAG(s) dict_keys(['example_external_task_marker_parent', 'example_external_task_marker_child']) retrieved from /home/airflow/.local/lib/python3.7/site-packages/airflow/example_dags/example_external_task_marker_dag.py
[2022-06-13 01:11:54,807] {logging_mixin.py:115} INFO - [2022-06-13 01:11:54,806] {dag.py:2379} INFO - Sync 2 DAGs
[2022-06-13 01:11:54,831] {logging_mixin.py:115} INFO - [2022-06-13 01:11:54,831] {dag.py:2931} INFO - Setting next_dagrun for example_external_task_marker_child to None, run_after=None
[2022-06-13 01:11:54,832] {logging_mixin.py:115} INFO - [2022-06-13 01:11:54,832] {dag.py:2931} INFO - Setting next_dagrun for example_external_task_marker_parent to None, run_after=None
[2022-06-13 01:11:54,851] {processor.py:161} INFO - Processing /home/airflow/.local/lib/python3.7/site-packages/airflow/example_dags/example_external_task_marker_dag.py took 0.095 seconds
[2022-06-13 01:12:25,525] {processor.py:153} INFO - Started process (PID=319) to work on /home/airflow/.local/lib/python3.7/site-packages/airflow/example_dags/example_external_task_marker_dag.py
[2022-06-13 01:12:25,526] {processor.py:641} INFO - Processing file /home/airflow/.local/lib/python3.7/site-packages/airflow/example_dags/example_external_task_marker_dag.py for tasks to queue
[2022-06-13 01:12:25,526] {logging_mixin.py:115} INFO - [2022-06-13 01:12:25,526] {dagbag.py:507} INFO - Filling up the DagBag from /home/airflow/.local/lib/python3.7/site-packages/airflow/example_dags/example_external_task_marker_dag.py
[2022-06-13 01:12:25,538] {processor.py:651} INFO - DAG(s) dict_keys(['example_external_task_marker_parent', 'example_external_task_marker_child']) retrieved from /home/airflow/.local/lib/python3.7/site-packages/airflow/example_dags/example_external_task_marker_dag.py
[2022-06-13 01:12:25,582] {logging_mixin.py:115} INFO - [2022-06-13 01:12:25,582] {dag.py:2379} INFO - Sync 2 DAGs
[2022-06-13 01:12:25,608] {logging_mixin.py:115} INFO - [2022-06-13 01:12:25,608] {dag.py:2931} INFO - Setting next_dagrun for example_external_task_marker_child to None, run_after=None
[2022-06-13 01:12:25,608] {logging_mixin.py:115} INFO - [2022-06-13 01:12:25,608] {dag.py:2931} INFO - Setting next_dagrun for example_external_task_marker_parent to None, run_after=None
[2022-06-13 01:12:25,620] {processor.py:161} INFO - Processing /home/airflow/.local/lib/python3.7/site-packages/airflow/example_dags/example_external_task_marker_dag.py took 0.099 seconds
[2022-06-13 01:12:56,532] {processor.py:153} INFO - Started process (PID=382) to work on /home/airflow/.local/lib/python3.7/site-packages/airflow/example_dags/example_external_task_marker_dag.py
[2022-06-13 01:12:56,532] {processor.py:641} INFO - Processing file /home/airflow/.local/lib/python3.7/site-packages/airflow/example_dags/example_external_task_marker_dag.py for tasks to queue
[2022-06-13 01:12:56,533] {logging_mixin.py:115} INFO - [2022-06-13 01:12:56,533] {dagbag.py:507} INFO - Filling up the DagBag from /home/airflow/.local/lib/python3.7/site-packages/airflow/example_dags/example_external_task_marker_dag.py
[2022-06-13 01:12:56,537] {processor.py:651} INFO - DAG(s) dict_keys(['example_external_task_marker_parent', 'example_external_task_marker_child']) retrieved from /home/airflow/.local/lib/python3.7/site-packages/airflow/example_dags/example_external_task_marker_dag.py
[2022-06-13 01:12:56,580] {logging_mixin.py:115} INFO - [2022-06-13 01:12:56,580] {dag.py:2379} INFO - Sync 2 DAGs
[2022-06-13 01:12:56,606] {logging_mixin.py:115} INFO - [2022-06-13 01:12:56,606] {dag.py:2931} INFO - Setting next_dagrun for example_external_task_marker_child to None, run_after=None
[2022-06-13 01:12:56,606] {logging_mixin.py:115} INFO - [2022-06-13 01:12:56,606] {dag.py:2931} INFO - Setting next_dagrun for example_external_task_marker_parent to None, run_after=None
[2022-06-13 01:12:56,617] {processor.py:161} INFO - Processing /home/airflow/.local/lib/python3.7/site-packages/airflow/example_dags/example_external_task_marker_dag.py took 0.089 seconds
[2022-06-13 01:13:27,233] {processor.py:153} INFO - Started process (PID=436) to work on /home/airflow/.local/lib/python3.7/site-packages/airflow/example_dags/example_external_task_marker_dag.py
[2022-06-13 01:13:27,234] {processor.py:641} INFO - Processing file /home/airflow/.local/lib/python3.7/site-packages/airflow/example_dags/example_external_task_marker_dag.py for tasks to queue
[2022-06-13 01:13:27,234] {logging_mixin.py:115} INFO - [2022-06-13 01:13:27,234] {dagbag.py:507} INFO - Filling up the DagBag from /home/airflow/.local/lib/python3.7/site-packages/airflow/example_dags/example_external_task_marker_dag.py
[2022-06-13 01:13:27,238] {processor.py:651} INFO - DAG(s) dict_keys(['example_external_task_marker_parent', 'example_external_task_marker_child']) retrieved from /home/airflow/.local/lib/python3.7/site-packages/airflow/example_dags/example_external_task_marker_dag.py
[2022-06-13 01:13:27,282] {logging_mixin.py:115} INFO - [2022-06-13 01:13:27,282] {dag.py:2379} INFO - Sync 2 DAGs
[2022-06-13 01:13:27,305] {logging_mixin.py:115} INFO - [2022-06-13 01:13:27,305] {dag.py:2931} INFO - Setting next_dagrun for example_external_task_marker_child to None, run_after=None
[2022-06-13 01:13:27,305] {logging_mixin.py:115} INFO - [2022-06-13 01:13:27,305] {dag.py:2931} INFO - Setting next_dagrun for example_external_task_marker_parent to None, run_after=None
[2022-06-13 01:13:27,317] {processor.py:161} INFO - Processing /home/airflow/.local/lib/python3.7/site-packages/airflow/example_dags/example_external_task_marker_dag.py took 0.087 seconds
[2022-06-13 01:13:58,251] {processor.py:153} INFO - Started process (PID=501) to work on /home/airflow/.local/lib/python3.7/site-packages/airflow/example_dags/example_external_task_marker_dag.py
[2022-06-13 01:13:58,252] {processor.py:641} INFO - Processing file /home/airflow/.local/lib/python3.7/site-packages/airflow/example_dags/example_external_task_marker_dag.py for tasks to queue
[2022-06-13 01:13:58,253] {logging_mixin.py:115} INFO - [2022-06-13 01:13:58,253] {dagbag.py:507} INFO - Filling up the DagBag from /home/airflow/.local/lib/python3.7/site-packages/airflow/example_dags/example_external_task_marker_dag.py
[2022-06-13 01:13:58,257] {processor.py:651} INFO - DAG(s) dict_keys(['example_external_task_marker_parent', 'example_external_task_marker_child']) retrieved from /home/airflow/.local/lib/python3.7/site-packages/airflow/example_dags/example_external_task_marker_dag.py
[2022-06-13 01:13:58,298] {logging_mixin.py:115} INFO - [2022-06-13 01:13:58,298] {dag.py:2379} INFO - Sync 2 DAGs
[2022-06-13 01:13:58,321] {logging_mixin.py:115} INFO - [2022-06-13 01:13:58,321] {dag.py:2931} INFO - Setting next_dagrun for example_external_task_marker_child to None, run_after=None
[2022-06-13 01:13:58,321] {logging_mixin.py:115} INFO - [2022-06-13 01:13:58,321] {dag.py:2931} INFO - Setting next_dagrun for example_external_task_marker_parent to None, run_after=None
[2022-06-13 01:13:58,339] {processor.py:161} INFO - Processing /home/airflow/.local/lib/python3.7/site-packages/airflow/example_dags/example_external_task_marker_dag.py took 0.091 seconds
[2022-06-13 01:14:28,582] {processor.py:153} INFO - Started process (PID=563) to work on /home/airflow/.local/lib/python3.7/site-packages/airflow/example_dags/example_external_task_marker_dag.py
[2022-06-13 01:14:28,583] {processor.py:641} INFO - Processing file /home/airflow/.local/lib/python3.7/site-packages/airflow/example_dags/example_external_task_marker_dag.py for tasks to queue
[2022-06-13 01:14:28,584] {logging_mixin.py:115} INFO - [2022-06-13 01:14:28,584] {dagbag.py:507} INFO - Filling up the DagBag from /home/airflow/.local/lib/python3.7/site-packages/airflow/example_dags/example_external_task_marker_dag.py
[2022-06-13 01:14:28,589] {processor.py:651} INFO - DAG(s) dict_keys(['example_external_task_marker_parent', 'example_external_task_marker_child']) retrieved from /home/airflow/.local/lib/python3.7/site-packages/airflow/example_dags/example_external_task_marker_dag.py
[2022-06-13 01:14:28,636] {logging_mixin.py:115} INFO - [2022-06-13 01:14:28,636] {dag.py:2379} INFO - Sync 2 DAGs
[2022-06-13 01:14:28,659] {logging_mixin.py:115} INFO - [2022-06-13 01:14:28,659] {dag.py:2931} INFO - Setting next_dagrun for example_external_task_marker_child to None, run_after=None
[2022-06-13 01:14:28,659] {logging_mixin.py:115} INFO - [2022-06-13 01:14:28,659] {dag.py:2931} INFO - Setting next_dagrun for example_external_task_marker_parent to None, run_after=None
[2022-06-13 01:14:28,671] {processor.py:161} INFO - Processing /home/airflow/.local/lib/python3.7/site-packages/airflow/example_dags/example_external_task_marker_dag.py took 0.091 seconds
[2022-06-13 01:14:58,826] {processor.py:153} INFO - Started process (PID=617) to work on /home/airflow/.local/lib/python3.7/site-packages/airflow/example_dags/example_external_task_marker_dag.py
[2022-06-13 01:14:58,827] {processor.py:641} INFO - Processing file /home/airflow/.local/lib/python3.7/site-packages/airflow/example_dags/example_external_task_marker_dag.py for tasks to queue
[2022-06-13 01:14:58,828] {logging_mixin.py:115} INFO - [2022-06-13 01:14:58,828] {dagbag.py:507} INFO - Filling up the DagBag from /home/airflow/.local/lib/python3.7/site-packages/airflow/example_dags/example_external_task_marker_dag.py
[2022-06-13 01:14:58,833] {processor.py:651} INFO - DAG(s) dict_keys(['example_external_task_marker_parent', 'example_external_task_marker_child']) retrieved from /home/airflow/.local/lib/python3.7/site-packages/airflow/example_dags/example_external_task_marker_dag.py
[2022-06-13 01:14:58,891] {logging_mixin.py:115} INFO - [2022-06-13 01:14:58,891] {dag.py:2379} INFO - Sync 2 DAGs
[2022-06-13 01:14:58,918] {logging_mixin.py:115} INFO - [2022-06-13 01:14:58,918] {dag.py:2931} INFO - Setting next_dagrun for example_external_task_marker_child to None, run_after=None
[2022-06-13 01:14:58,918] {logging_mixin.py:115} INFO - [2022-06-13 01:14:58,918] {dag.py:2931} INFO - Setting next_dagrun for example_external_task_marker_parent to None, run_after=None
[2022-06-13 01:14:58,932] {processor.py:161} INFO - Processing /home/airflow/.local/lib/python3.7/site-packages/airflow/example_dags/example_external_task_marker_dag.py took 0.110 seconds
[2022-06-13 01:15:29,917] {processor.py:153} INFO - Started process (PID=680) to work on /home/airflow/.local/lib/python3.7/site-packages/airflow/example_dags/example_external_task_marker_dag.py
[2022-06-13 01:15:29,918] {processor.py:641} INFO - Processing file /home/airflow/.local/lib/python3.7/site-packages/airflow/example_dags/example_external_task_marker_dag.py for tasks to queue
[2022-06-13 01:15:29,919] {logging_mixin.py:115} INFO - [2022-06-13 01:15:29,919] {dagbag.py:507} INFO - Filling up the DagBag from /home/airflow/.local/lib/python3.7/site-packages/airflow/example_dags/example_external_task_marker_dag.py
[2022-06-13 01:15:29,927] {processor.py:651} INFO - DAG(s) dict_keys(['example_external_task_marker_parent', 'example_external_task_marker_child']) retrieved from /home/airflow/.local/lib/python3.7/site-packages/airflow/example_dags/example_external_task_marker_dag.py
[2022-06-13 01:15:29,979] {logging_mixin.py:115} INFO - [2022-06-13 01:15:29,979] {dag.py:2379} INFO - Sync 2 DAGs
[2022-06-13 01:15:30,010] {logging_mixin.py:115} INFO - [2022-06-13 01:15:30,010] {dag.py:2931} INFO - Setting next_dagrun for example_external_task_marker_child to None, run_after=None
[2022-06-13 01:15:30,010] {logging_mixin.py:115} INFO - [2022-06-13 01:15:30,010] {dag.py:2931} INFO - Setting next_dagrun for example_external_task_marker_parent to None, run_after=None
[2022-06-13 01:15:30,170] {processor.py:161} INFO - Processing /home/airflow/.local/lib/python3.7/site-packages/airflow/example_dags/example_external_task_marker_dag.py took 0.256 seconds
[2022-06-13 01:16:00,620] {processor.py:153} INFO - Started process (PID=743) to work on /home/airflow/.local/lib/python3.7/site-packages/airflow/example_dags/example_external_task_marker_dag.py
[2022-06-13 01:16:00,621] {processor.py:641} INFO - Processing file /home/airflow/.local/lib/python3.7/site-packages/airflow/example_dags/example_external_task_marker_dag.py for tasks to queue
[2022-06-13 01:16:00,622] {logging_mixin.py:115} INFO - [2022-06-13 01:16:00,622] {dagbag.py:507} INFO - Filling up the DagBag from /home/airflow/.local/lib/python3.7/site-packages/airflow/example_dags/example_external_task_marker_dag.py
[2022-06-13 01:16:00,627] {processor.py:651} INFO - DAG(s) dict_keys(['example_external_task_marker_parent', 'example_external_task_marker_child']) retrieved from /home/airflow/.local/lib/python3.7/site-packages/airflow/example_dags/example_external_task_marker_dag.py
[2022-06-13 01:16:00,672] {logging_mixin.py:115} INFO - [2022-06-13 01:16:00,672] {dag.py:2379} INFO - Sync 2 DAGs
[2022-06-13 01:16:00,697] {logging_mixin.py:115} INFO - [2022-06-13 01:16:00,697] {dag.py:2931} INFO - Setting next_dagrun for example_external_task_marker_child to None, run_after=None
[2022-06-13 01:16:00,698] {logging_mixin.py:115} INFO - [2022-06-13 01:16:00,698] {dag.py:2931} INFO - Setting next_dagrun for example_external_task_marker_parent to None, run_after=None
[2022-06-13 01:16:00,829] {processor.py:161} INFO - Processing /home/airflow/.local/lib/python3.7/site-packages/airflow/example_dags/example_external_task_marker_dag.py took 0.213 seconds
[2022-06-13 01:16:31,707] {processor.py:153} INFO - Started process (PID=796) to work on /home/airflow/.local/lib/python3.7/site-packages/airflow/example_dags/example_external_task_marker_dag.py
[2022-06-13 01:16:31,708] {processor.py:641} INFO - Processing file /home/airflow/.local/lib/python3.7/site-packages/airflow/example_dags/example_external_task_marker_dag.py for tasks to queue
[2022-06-13 01:16:31,709] {logging_mixin.py:115} INFO - [2022-06-13 01:16:31,709] {dagbag.py:507} INFO - Filling up the DagBag from /home/airflow/.local/lib/python3.7/site-packages/airflow/example_dags/example_external_task_marker_dag.py
[2022-06-13 01:16:31,713] {processor.py:651} INFO - DAG(s) dict_keys(['example_external_task_marker_parent', 'example_external_task_marker_child']) retrieved from /home/airflow/.local/lib/python3.7/site-packages/airflow/example_dags/example_external_task_marker_dag.py
[2022-06-13 01:16:31,754] {logging_mixin.py:115} INFO - [2022-06-13 01:16:31,754] {dag.py:2379} INFO - Sync 2 DAGs
[2022-06-13 01:16:31,780] {logging_mixin.py:115} INFO - [2022-06-13 01:16:31,779] {dag.py:2931} INFO - Setting next_dagrun for example_external_task_marker_child to None, run_after=None
[2022-06-13 01:16:31,780] {logging_mixin.py:115} INFO - [2022-06-13 01:16:31,780] {dag.py:2931} INFO - Setting next_dagrun for example_external_task_marker_parent to None, run_after=None
[2022-06-13 01:16:31,943] {processor.py:161} INFO - Processing /home/airflow/.local/lib/python3.7/site-packages/airflow/example_dags/example_external_task_marker_dag.py took 0.240 seconds
[2022-06-13 01:17:02,233] {processor.py:153} INFO - Started process (PID=860) to work on /home/airflow/.local/lib/python3.7/site-packages/airflow/example_dags/example_external_task_marker_dag.py
[2022-06-13 01:17:02,234] {processor.py:641} INFO - Processing file /home/airflow/.local/lib/python3.7/site-packages/airflow/example_dags/example_external_task_marker_dag.py for tasks to queue
[2022-06-13 01:17:02,235] {logging_mixin.py:115} INFO - [2022-06-13 01:17:02,234] {dagbag.py:507} INFO - Filling up the DagBag from /home/airflow/.local/lib/python3.7/site-packages/airflow/example_dags/example_external_task_marker_dag.py
[2022-06-13 01:17:02,242] {processor.py:651} INFO - DAG(s) dict_keys(['example_external_task_marker_parent', 'example_external_task_marker_child']) retrieved from /home/airflow/.local/lib/python3.7/site-packages/airflow/example_dags/example_external_task_marker_dag.py
[2022-06-13 01:17:02,319] {logging_mixin.py:115} INFO - [2022-06-13 01:17:02,319] {dag.py:2379} INFO - Sync 2 DAGs
[2022-06-13 01:17:02,364] {logging_mixin.py:115} INFO - [2022-06-13 01:17:02,364] {dag.py:2931} INFO - Setting next_dagrun for example_external_task_marker_child to None, run_after=None
[2022-06-13 01:17:02,365] {logging_mixin.py:115} INFO - [2022-06-13 01:17:02,365] {dag.py:2931} INFO - Setting next_dagrun for example_external_task_marker_parent to None, run_after=None
[2022-06-13 01:17:02,509] {processor.py:161} INFO - Processing /home/airflow/.local/lib/python3.7/site-packages/airflow/example_dags/example_external_task_marker_dag.py took 0.280 seconds
[2022-06-13 01:17:33,441] {processor.py:153} INFO - Started process (PID=912) to work on /home/airflow/.local/lib/python3.7/site-packages/airflow/example_dags/example_external_task_marker_dag.py
[2022-06-13 01:17:33,442] {processor.py:641} INFO - Processing file /home/airflow/.local/lib/python3.7/site-packages/airflow/example_dags/example_external_task_marker_dag.py for tasks to queue
[2022-06-13 01:17:33,443] {logging_mixin.py:115} INFO - [2022-06-13 01:17:33,443] {dagbag.py:507} INFO - Filling up the DagBag from /home/airflow/.local/lib/python3.7/site-packages/airflow/example_dags/example_external_task_marker_dag.py
[2022-06-13 01:17:33,447] {processor.py:651} INFO - DAG(s) dict_keys(['example_external_task_marker_parent', 'example_external_task_marker_child']) retrieved from /home/airflow/.local/lib/python3.7/site-packages/airflow/example_dags/example_external_task_marker_dag.py
[2022-06-13 01:17:33,489] {logging_mixin.py:115} INFO - [2022-06-13 01:17:33,488] {dag.py:2379} INFO - Sync 2 DAGs
[2022-06-13 01:17:33,511] {logging_mixin.py:115} INFO - [2022-06-13 01:17:33,511] {dag.py:2931} INFO - Setting next_dagrun for example_external_task_marker_child to None, run_after=None
[2022-06-13 01:17:33,512] {logging_mixin.py:115} INFO - [2022-06-13 01:17:33,512] {dag.py:2931} INFO - Setting next_dagrun for example_external_task_marker_parent to None, run_after=None
[2022-06-13 01:17:33,645] {processor.py:161} INFO - Processing /home/airflow/.local/lib/python3.7/site-packages/airflow/example_dags/example_external_task_marker_dag.py took 0.209 seconds
[2022-06-13 01:18:03,939] {processor.py:153} INFO - Started process (PID=976) to work on /home/airflow/.local/lib/python3.7/site-packages/airflow/example_dags/example_external_task_marker_dag.py
[2022-06-13 01:18:03,940] {processor.py:641} INFO - Processing file /home/airflow/.local/lib/python3.7/site-packages/airflow/example_dags/example_external_task_marker_dag.py for tasks to queue
[2022-06-13 01:18:03,940] {logging_mixin.py:115} INFO - [2022-06-13 01:18:03,940] {dagbag.py:507} INFO - Filling up the DagBag from /home/airflow/.local/lib/python3.7/site-packages/airflow/example_dags/example_external_task_marker_dag.py
[2022-06-13 01:18:03,945] {processor.py:651} INFO - DAG(s) dict_keys(['example_external_task_marker_parent', 'example_external_task_marker_child']) retrieved from /home/airflow/.local/lib/python3.7/site-packages/airflow/example_dags/example_external_task_marker_dag.py
[2022-06-13 01:18:03,988] {logging_mixin.py:115} INFO - [2022-06-13 01:18:03,988] {dag.py:2379} INFO - Sync 2 DAGs
[2022-06-13 01:18:04,012] {logging_mixin.py:115} INFO - [2022-06-13 01:18:04,012] {dag.py:2931} INFO - Setting next_dagrun for example_external_task_marker_child to None, run_after=None
[2022-06-13 01:18:04,012] {logging_mixin.py:115} INFO - [2022-06-13 01:18:04,012] {dag.py:2931} INFO - Setting next_dagrun for example_external_task_marker_parent to None, run_after=None
[2022-06-13 01:18:04,129] {processor.py:161} INFO - Processing /home/airflow/.local/lib/python3.7/site-packages/airflow/example_dags/example_external_task_marker_dag.py took 0.194 seconds
[2022-06-13 01:18:34,634] {processor.py:153} INFO - Started process (PID=1040) to work on /home/airflow/.local/lib/python3.7/site-packages/airflow/example_dags/example_external_task_marker_dag.py
[2022-06-13 01:18:34,635] {processor.py:641} INFO - Processing file /home/airflow/.local/lib/python3.7/site-packages/airflow/example_dags/example_external_task_marker_dag.py for tasks to queue
[2022-06-13 01:18:34,636] {logging_mixin.py:115} INFO - [2022-06-13 01:18:34,635] {dagbag.py:507} INFO - Filling up the DagBag from /home/airflow/.local/lib/python3.7/site-packages/airflow/example_dags/example_external_task_marker_dag.py
[2022-06-13 01:18:34,640] {processor.py:651} INFO - DAG(s) dict_keys(['example_external_task_marker_parent', 'example_external_task_marker_child']) retrieved from /home/airflow/.local/lib/python3.7/site-packages/airflow/example_dags/example_external_task_marker_dag.py
[2022-06-13 01:18:34,683] {logging_mixin.py:115} INFO - [2022-06-13 01:18:34,683] {dag.py:2379} INFO - Sync 2 DAGs
[2022-06-13 01:18:34,709] {logging_mixin.py:115} INFO - [2022-06-13 01:18:34,709] {dag.py:2931} INFO - Setting next_dagrun for example_external_task_marker_child to None, run_after=None
[2022-06-13 01:18:34,710] {logging_mixin.py:115} INFO - [2022-06-13 01:18:34,710] {dag.py:2931} INFO - Setting next_dagrun for example_external_task_marker_parent to None, run_after=None
[2022-06-13 01:18:34,850] {processor.py:161} INFO - Processing /home/airflow/.local/lib/python3.7/site-packages/airflow/example_dags/example_external_task_marker_dag.py took 0.219 seconds
[2022-06-13 01:19:05,559] {processor.py:153} INFO - Started process (PID=1093) to work on /home/airflow/.local/lib/python3.7/site-packages/airflow/example_dags/example_external_task_marker_dag.py
[2022-06-13 01:19:05,560] {processor.py:641} INFO - Processing file /home/airflow/.local/lib/python3.7/site-packages/airflow/example_dags/example_external_task_marker_dag.py for tasks to queue
[2022-06-13 01:19:05,561] {logging_mixin.py:115} INFO - [2022-06-13 01:19:05,560] {dagbag.py:507} INFO - Filling up the DagBag from /home/airflow/.local/lib/python3.7/site-packages/airflow/example_dags/example_external_task_marker_dag.py
[2022-06-13 01:19:05,565] {processor.py:651} INFO - DAG(s) dict_keys(['example_external_task_marker_parent', 'example_external_task_marker_child']) retrieved from /home/airflow/.local/lib/python3.7/site-packages/airflow/example_dags/example_external_task_marker_dag.py
[2022-06-13 01:19:05,610] {logging_mixin.py:115} INFO - [2022-06-13 01:19:05,610] {dag.py:2379} INFO - Sync 2 DAGs
[2022-06-13 01:19:05,633] {logging_mixin.py:115} INFO - [2022-06-13 01:19:05,633] {dag.py:2931} INFO - Setting next_dagrun for example_external_task_marker_child to None, run_after=None
[2022-06-13 01:19:05,633] {logging_mixin.py:115} INFO - [2022-06-13 01:19:05,633] {dag.py:2931} INFO - Setting next_dagrun for example_external_task_marker_parent to None, run_after=None
[2022-06-13 01:19:05,763] {processor.py:161} INFO - Processing /home/airflow/.local/lib/python3.7/site-packages/airflow/example_dags/example_external_task_marker_dag.py took 0.207 seconds
