[2022-06-13 01:10:21,499] {processor.py:153} INFO - Started process (PID=75) to work on /home/airflow/.local/lib/python3.7/site-packages/airflow/example_dags/example_subdag_operator.py
[2022-06-13 01:10:21,500] {processor.py:641} INFO - Processing file /home/airflow/.local/lib/python3.7/site-packages/airflow/example_dags/example_subdag_operator.py for tasks to queue
[2022-06-13 01:10:21,501] {logging_mixin.py:115} INFO - [2022-06-13 01:10:21,501] {dagbag.py:507} INFO - Filling up the DagBag from /home/airflow/.local/lib/python3.7/site-packages/airflow/example_dags/example_subdag_operator.py
[2022-06-13 01:10:21,540] {processor.py:651} INFO - DAG(s) dict_keys(['example_subdag_operator.section-1', 'example_subdag_operator.section-2', 'example_subdag_operator']) retrieved from /home/airflow/.local/lib/python3.7/site-packages/airflow/example_dags/example_subdag_operator.py
[2022-06-13 01:10:21,776] {logging_mixin.py:115} INFO - [2022-06-13 01:10:21,776] {manager.py:508} INFO - Created Permission View: can edit on DAG:example_subdag_operator
[2022-06-13 01:10:21,791] {logging_mixin.py:115} INFO - [2022-06-13 01:10:21,791] {manager.py:508} INFO - Created Permission View: can delete on DAG:example_subdag_operator
[2022-06-13 01:10:21,800] {logging_mixin.py:115} INFO - [2022-06-13 01:10:21,800] {manager.py:508} INFO - Created Permission View: can read on DAG:example_subdag_operator
[2022-06-13 01:10:21,801] {logging_mixin.py:115} INFO - [2022-06-13 01:10:21,800] {dag.py:2379} INFO - Sync 3 DAGs
[2022-06-13 01:10:21,810] {logging_mixin.py:115} INFO - [2022-06-13 01:10:21,809] {dag.py:2398} INFO - Creating ORM DAG for example_subdag_operator.section-1
[2022-06-13 01:10:21,810] {logging_mixin.py:115} INFO - [2022-06-13 01:10:21,810] {dag.py:2398} INFO - Creating ORM DAG for example_subdag_operator.section-2
[2022-06-13 01:10:21,811] {logging_mixin.py:115} INFO - [2022-06-13 01:10:21,811] {dag.py:2398} INFO - Creating ORM DAG for example_subdag_operator
[2022-06-13 01:10:21,832] {logging_mixin.py:115} INFO - [2022-06-13 01:10:21,832] {dag.py:2931} INFO - Setting next_dagrun for example_subdag_operator to 2022-01-01T00:00:00+00:00, run_after=2022-01-01T00:00:00+00:00
[2022-06-13 01:10:21,833] {logging_mixin.py:115} INFO - [2022-06-13 01:10:21,833] {dag.py:2931} INFO - Setting next_dagrun for example_subdag_operator.section-1 to None, run_after=None
[2022-06-13 01:10:21,833] {logging_mixin.py:115} INFO - [2022-06-13 01:10:21,833] {dag.py:2931} INFO - Setting next_dagrun for example_subdag_operator.section-2 to None, run_after=None
[2022-06-13 01:10:21,846] {logging_mixin.py:115} INFO - [2022-06-13 01:10:21,845] {dag.py:2379} INFO - Sync 2 DAGs
[2022-06-13 01:10:21,853] {logging_mixin.py:115} INFO - [2022-06-13 01:10:21,852] {dag.py:2931} INFO - Setting next_dagrun for example_subdag_operator.section-1 to None, run_after=None
[2022-06-13 01:10:21,853] {logging_mixin.py:115} INFO - [2022-06-13 01:10:21,853] {dag.py:2931} INFO - Setting next_dagrun for example_subdag_operator.section-2 to None, run_after=None
[2022-06-13 01:10:21,869] {processor.py:161} INFO - Processing /home/airflow/.local/lib/python3.7/site-packages/airflow/example_dags/example_subdag_operator.py took 0.379 seconds
[2022-06-13 01:10:52,605] {processor.py:153} INFO - Started process (PID=138) to work on /home/airflow/.local/lib/python3.7/site-packages/airflow/example_dags/example_subdag_operator.py
[2022-06-13 01:10:52,608] {processor.py:641} INFO - Processing file /home/airflow/.local/lib/python3.7/site-packages/airflow/example_dags/example_subdag_operator.py for tasks to queue
[2022-06-13 01:10:52,609] {logging_mixin.py:115} INFO - [2022-06-13 01:10:52,608] {dagbag.py:507} INFO - Filling up the DagBag from /home/airflow/.local/lib/python3.7/site-packages/airflow/example_dags/example_subdag_operator.py
[2022-06-13 01:10:52,634] {processor.py:651} INFO - DAG(s) dict_keys(['example_subdag_operator.section-1', 'example_subdag_operator.section-2', 'example_subdag_operator']) retrieved from /home/airflow/.local/lib/python3.7/site-packages/airflow/example_dags/example_subdag_operator.py
[2022-06-13 01:10:52,665] {logging_mixin.py:115} INFO - [2022-06-13 01:10:52,665] {dag.py:2379} INFO - Sync 3 DAGs
[2022-06-13 01:10:52,689] {logging_mixin.py:115} INFO - [2022-06-13 01:10:52,689] {dag.py:2931} INFO - Setting next_dagrun for example_subdag_operator to 2022-01-01T00:00:00+00:00, run_after=2022-01-01T00:00:00+00:00
[2022-06-13 01:10:52,690] {logging_mixin.py:115} INFO - [2022-06-13 01:10:52,690] {dag.py:2931} INFO - Setting next_dagrun for example_subdag_operator.section-1 to None, run_after=None
[2022-06-13 01:10:52,690] {logging_mixin.py:115} INFO - [2022-06-13 01:10:52,690] {dag.py:2931} INFO - Setting next_dagrun for example_subdag_operator.section-2 to None, run_after=None
[2022-06-13 01:10:52,810] {logging_mixin.py:115} INFO - [2022-06-13 01:10:52,810] {dag.py:2379} INFO - Sync 2 DAGs
[2022-06-13 01:10:52,817] {logging_mixin.py:115} INFO - [2022-06-13 01:10:52,817] {dag.py:2931} INFO - Setting next_dagrun for example_subdag_operator.section-1 to None, run_after=None
[2022-06-13 01:10:52,817] {logging_mixin.py:115} INFO - [2022-06-13 01:10:52,817] {dag.py:2931} INFO - Setting next_dagrun for example_subdag_operator.section-2 to None, run_after=None
[2022-06-13 01:10:52,825] {processor.py:161} INFO - Processing /home/airflow/.local/lib/python3.7/site-packages/airflow/example_dags/example_subdag_operator.py took 0.223 seconds
[2022-06-13 01:11:23,776] {processor.py:153} INFO - Started process (PID=201) to work on /home/airflow/.local/lib/python3.7/site-packages/airflow/example_dags/example_subdag_operator.py
[2022-06-13 01:11:23,777] {processor.py:641} INFO - Processing file /home/airflow/.local/lib/python3.7/site-packages/airflow/example_dags/example_subdag_operator.py for tasks to queue
[2022-06-13 01:11:23,778] {logging_mixin.py:115} INFO - [2022-06-13 01:11:23,778] {dagbag.py:507} INFO - Filling up the DagBag from /home/airflow/.local/lib/python3.7/site-packages/airflow/example_dags/example_subdag_operator.py
[2022-06-13 01:11:23,805] {processor.py:651} INFO - DAG(s) dict_keys(['example_subdag_operator.section-1', 'example_subdag_operator.section-2', 'example_subdag_operator']) retrieved from /home/airflow/.local/lib/python3.7/site-packages/airflow/example_dags/example_subdag_operator.py
[2022-06-13 01:11:23,836] {logging_mixin.py:115} INFO - [2022-06-13 01:11:23,836] {dag.py:2379} INFO - Sync 3 DAGs
[2022-06-13 01:11:23,859] {logging_mixin.py:115} INFO - [2022-06-13 01:11:23,859] {dag.py:2931} INFO - Setting next_dagrun for example_subdag_operator to 2022-01-01T00:00:00+00:00, run_after=2022-01-01T00:00:00+00:00
[2022-06-13 01:11:23,859] {logging_mixin.py:115} INFO - [2022-06-13 01:11:23,859] {dag.py:2931} INFO - Setting next_dagrun for example_subdag_operator.section-1 to None, run_after=None
[2022-06-13 01:11:23,859] {logging_mixin.py:115} INFO - [2022-06-13 01:11:23,859] {dag.py:2931} INFO - Setting next_dagrun for example_subdag_operator.section-2 to None, run_after=None
[2022-06-13 01:11:23,981] {logging_mixin.py:115} INFO - [2022-06-13 01:11:23,981] {dag.py:2379} INFO - Sync 2 DAGs
[2022-06-13 01:11:23,987] {logging_mixin.py:115} INFO - [2022-06-13 01:11:23,987] {dag.py:2931} INFO - Setting next_dagrun for example_subdag_operator.section-1 to None, run_after=None
[2022-06-13 01:11:23,987] {logging_mixin.py:115} INFO - [2022-06-13 01:11:23,987] {dag.py:2931} INFO - Setting next_dagrun for example_subdag_operator.section-2 to None, run_after=None
[2022-06-13 01:11:23,996] {processor.py:161} INFO - Processing /home/airflow/.local/lib/python3.7/site-packages/airflow/example_dags/example_subdag_operator.py took 0.223 seconds
[2022-06-13 01:11:54,494] {processor.py:153} INFO - Started process (PID=255) to work on /home/airflow/.local/lib/python3.7/site-packages/airflow/example_dags/example_subdag_operator.py
[2022-06-13 01:11:54,495] {processor.py:641} INFO - Processing file /home/airflow/.local/lib/python3.7/site-packages/airflow/example_dags/example_subdag_operator.py for tasks to queue
[2022-06-13 01:11:54,506] {logging_mixin.py:115} INFO - [2022-06-13 01:11:54,506] {dagbag.py:507} INFO - Filling up the DagBag from /home/airflow/.local/lib/python3.7/site-packages/airflow/example_dags/example_subdag_operator.py
[2022-06-13 01:11:54,565] {processor.py:651} INFO - DAG(s) dict_keys(['example_subdag_operator.section-1', 'example_subdag_operator.section-2', 'example_subdag_operator']) retrieved from /home/airflow/.local/lib/python3.7/site-packages/airflow/example_dags/example_subdag_operator.py
[2022-06-13 01:11:54,634] {logging_mixin.py:115} INFO - [2022-06-13 01:11:54,631] {dag.py:2379} INFO - Sync 3 DAGs
[2022-06-13 01:11:54,662] {logging_mixin.py:115} INFO - [2022-06-13 01:11:54,662] {dag.py:2931} INFO - Setting next_dagrun for example_subdag_operator to 2022-01-01T00:00:00+00:00, run_after=2022-01-01T00:00:00+00:00
[2022-06-13 01:11:54,662] {logging_mixin.py:115} INFO - [2022-06-13 01:11:54,662] {dag.py:2931} INFO - Setting next_dagrun for example_subdag_operator.section-1 to None, run_after=None
[2022-06-13 01:11:54,662] {logging_mixin.py:115} INFO - [2022-06-13 01:11:54,662] {dag.py:2931} INFO - Setting next_dagrun for example_subdag_operator.section-2 to None, run_after=None
[2022-06-13 01:11:54,774] {logging_mixin.py:115} INFO - [2022-06-13 01:11:54,774] {dag.py:2379} INFO - Sync 2 DAGs
[2022-06-13 01:11:54,780] {logging_mixin.py:115} INFO - [2022-06-13 01:11:54,779] {dag.py:2931} INFO - Setting next_dagrun for example_subdag_operator.section-1 to None, run_after=None
[2022-06-13 01:11:54,780] {logging_mixin.py:115} INFO - [2022-06-13 01:11:54,780] {dag.py:2931} INFO - Setting next_dagrun for example_subdag_operator.section-2 to None, run_after=None
[2022-06-13 01:11:54,787] {processor.py:161} INFO - Processing /home/airflow/.local/lib/python3.7/site-packages/airflow/example_dags/example_subdag_operator.py took 0.296 seconds
[2022-06-13 01:12:25,323] {processor.py:153} INFO - Started process (PID=318) to work on /home/airflow/.local/lib/python3.7/site-packages/airflow/example_dags/example_subdag_operator.py
[2022-06-13 01:12:25,324] {processor.py:641} INFO - Processing file /home/airflow/.local/lib/python3.7/site-packages/airflow/example_dags/example_subdag_operator.py for tasks to queue
[2022-06-13 01:12:25,325] {logging_mixin.py:115} INFO - [2022-06-13 01:12:25,325] {dagbag.py:507} INFO - Filling up the DagBag from /home/airflow/.local/lib/python3.7/site-packages/airflow/example_dags/example_subdag_operator.py
[2022-06-13 01:12:25,353] {processor.py:651} INFO - DAG(s) dict_keys(['example_subdag_operator.section-1', 'example_subdag_operator.section-2', 'example_subdag_operator']) retrieved from /home/airflow/.local/lib/python3.7/site-packages/airflow/example_dags/example_subdag_operator.py
[2022-06-13 01:12:25,382] {logging_mixin.py:115} INFO - [2022-06-13 01:12:25,382] {dag.py:2379} INFO - Sync 3 DAGs
[2022-06-13 01:12:25,405] {logging_mixin.py:115} INFO - [2022-06-13 01:12:25,405] {dag.py:2931} INFO - Setting next_dagrun for example_subdag_operator to 2022-01-01T00:00:00+00:00, run_after=2022-01-01T00:00:00+00:00
[2022-06-13 01:12:25,405] {logging_mixin.py:115} INFO - [2022-06-13 01:12:25,405] {dag.py:2931} INFO - Setting next_dagrun for example_subdag_operator.section-1 to None, run_after=None
[2022-06-13 01:12:25,406] {logging_mixin.py:115} INFO - [2022-06-13 01:12:25,405] {dag.py:2931} INFO - Setting next_dagrun for example_subdag_operator.section-2 to None, run_after=None
[2022-06-13 01:12:25,540] {logging_mixin.py:115} INFO - [2022-06-13 01:12:25,540] {dag.py:2379} INFO - Sync 2 DAGs
[2022-06-13 01:12:25,550] {logging_mixin.py:115} INFO - [2022-06-13 01:12:25,550] {dag.py:2931} INFO - Setting next_dagrun for example_subdag_operator.section-1 to None, run_after=None
[2022-06-13 01:12:25,551] {logging_mixin.py:115} INFO - [2022-06-13 01:12:25,550] {dag.py:2931} INFO - Setting next_dagrun for example_subdag_operator.section-2 to None, run_after=None
[2022-06-13 01:12:25,561] {processor.py:161} INFO - Processing /home/airflow/.local/lib/python3.7/site-packages/airflow/example_dags/example_subdag_operator.py took 0.241 seconds
[2022-06-13 01:12:56,329] {processor.py:153} INFO - Started process (PID=381) to work on /home/airflow/.local/lib/python3.7/site-packages/airflow/example_dags/example_subdag_operator.py
[2022-06-13 01:12:56,331] {processor.py:641} INFO - Processing file /home/airflow/.local/lib/python3.7/site-packages/airflow/example_dags/example_subdag_operator.py for tasks to queue
[2022-06-13 01:12:56,332] {logging_mixin.py:115} INFO - [2022-06-13 01:12:56,331] {dagbag.py:507} INFO - Filling up the DagBag from /home/airflow/.local/lib/python3.7/site-packages/airflow/example_dags/example_subdag_operator.py
[2022-06-13 01:12:56,359] {processor.py:651} INFO - DAG(s) dict_keys(['example_subdag_operator.section-1', 'example_subdag_operator.section-2', 'example_subdag_operator']) retrieved from /home/airflow/.local/lib/python3.7/site-packages/airflow/example_dags/example_subdag_operator.py
[2022-06-13 01:12:56,392] {logging_mixin.py:115} INFO - [2022-06-13 01:12:56,391] {dag.py:2379} INFO - Sync 3 DAGs
[2022-06-13 01:12:56,415] {logging_mixin.py:115} INFO - [2022-06-13 01:12:56,414] {dag.py:2931} INFO - Setting next_dagrun for example_subdag_operator to 2022-01-01T00:00:00+00:00, run_after=2022-01-01T00:00:00+00:00
[2022-06-13 01:12:56,416] {logging_mixin.py:115} INFO - [2022-06-13 01:12:56,416] {dag.py:2931} INFO - Setting next_dagrun for example_subdag_operator.section-1 to None, run_after=None
[2022-06-13 01:12:56,416] {logging_mixin.py:115} INFO - [2022-06-13 01:12:56,416] {dag.py:2931} INFO - Setting next_dagrun for example_subdag_operator.section-2 to None, run_after=None
[2022-06-13 01:12:56,529] {logging_mixin.py:115} INFO - [2022-06-13 01:12:56,529] {dag.py:2379} INFO - Sync 2 DAGs
[2022-06-13 01:12:56,535] {logging_mixin.py:115} INFO - [2022-06-13 01:12:56,535] {dag.py:2931} INFO - Setting next_dagrun for example_subdag_operator.section-1 to None, run_after=None
[2022-06-13 01:12:56,535] {logging_mixin.py:115} INFO - [2022-06-13 01:12:56,535] {dag.py:2931} INFO - Setting next_dagrun for example_subdag_operator.section-2 to None, run_after=None
[2022-06-13 01:12:56,544] {processor.py:161} INFO - Processing /home/airflow/.local/lib/python3.7/site-packages/airflow/example_dags/example_subdag_operator.py took 0.219 seconds
[2022-06-13 01:13:27,031] {processor.py:153} INFO - Started process (PID=435) to work on /home/airflow/.local/lib/python3.7/site-packages/airflow/example_dags/example_subdag_operator.py
[2022-06-13 01:13:27,032] {processor.py:641} INFO - Processing file /home/airflow/.local/lib/python3.7/site-packages/airflow/example_dags/example_subdag_operator.py for tasks to queue
[2022-06-13 01:13:27,032] {logging_mixin.py:115} INFO - [2022-06-13 01:13:27,032] {dagbag.py:507} INFO - Filling up the DagBag from /home/airflow/.local/lib/python3.7/site-packages/airflow/example_dags/example_subdag_operator.py
[2022-06-13 01:13:27,060] {processor.py:651} INFO - DAG(s) dict_keys(['example_subdag_operator.section-1', 'example_subdag_operator.section-2', 'example_subdag_operator']) retrieved from /home/airflow/.local/lib/python3.7/site-packages/airflow/example_dags/example_subdag_operator.py
[2022-06-13 01:13:27,090] {logging_mixin.py:115} INFO - [2022-06-13 01:13:27,090] {dag.py:2379} INFO - Sync 3 DAGs
[2022-06-13 01:13:27,115] {logging_mixin.py:115} INFO - [2022-06-13 01:13:27,115] {dag.py:2931} INFO - Setting next_dagrun for example_subdag_operator to 2022-01-01T00:00:00+00:00, run_after=2022-01-01T00:00:00+00:00
[2022-06-13 01:13:27,115] {logging_mixin.py:115} INFO - [2022-06-13 01:13:27,115] {dag.py:2931} INFO - Setting next_dagrun for example_subdag_operator.section-1 to None, run_after=None
[2022-06-13 01:13:27,115] {logging_mixin.py:115} INFO - [2022-06-13 01:13:27,115] {dag.py:2931} INFO - Setting next_dagrun for example_subdag_operator.section-2 to None, run_after=None
[2022-06-13 01:13:27,228] {logging_mixin.py:115} INFO - [2022-06-13 01:13:27,228] {dag.py:2379} INFO - Sync 2 DAGs
[2022-06-13 01:13:27,234] {logging_mixin.py:115} INFO - [2022-06-13 01:13:27,234] {dag.py:2931} INFO - Setting next_dagrun for example_subdag_operator.section-1 to None, run_after=None
[2022-06-13 01:13:27,234] {logging_mixin.py:115} INFO - [2022-06-13 01:13:27,234] {dag.py:2931} INFO - Setting next_dagrun for example_subdag_operator.section-2 to None, run_after=None
[2022-06-13 01:13:27,242] {processor.py:161} INFO - Processing /home/airflow/.local/lib/python3.7/site-packages/airflow/example_dags/example_subdag_operator.py took 0.214 seconds
[2022-06-13 01:13:58,026] {processor.py:153} INFO - Started process (PID=500) to work on /home/airflow/.local/lib/python3.7/site-packages/airflow/example_dags/example_subdag_operator.py
[2022-06-13 01:13:58,027] {processor.py:641} INFO - Processing file /home/airflow/.local/lib/python3.7/site-packages/airflow/example_dags/example_subdag_operator.py for tasks to queue
[2022-06-13 01:13:58,027] {logging_mixin.py:115} INFO - [2022-06-13 01:13:58,027] {dagbag.py:507} INFO - Filling up the DagBag from /home/airflow/.local/lib/python3.7/site-packages/airflow/example_dags/example_subdag_operator.py
[2022-06-13 01:13:58,057] {processor.py:651} INFO - DAG(s) dict_keys(['example_subdag_operator.section-1', 'example_subdag_operator.section-2', 'example_subdag_operator']) retrieved from /home/airflow/.local/lib/python3.7/site-packages/airflow/example_dags/example_subdag_operator.py
[2022-06-13 01:13:58,087] {logging_mixin.py:115} INFO - [2022-06-13 01:13:58,087] {dag.py:2379} INFO - Sync 3 DAGs
[2022-06-13 01:13:58,112] {logging_mixin.py:115} INFO - [2022-06-13 01:13:58,112] {dag.py:2931} INFO - Setting next_dagrun for example_subdag_operator to 2022-01-01T00:00:00+00:00, run_after=2022-01-01T00:00:00+00:00
[2022-06-13 01:13:58,112] {logging_mixin.py:115} INFO - [2022-06-13 01:13:58,112] {dag.py:2931} INFO - Setting next_dagrun for example_subdag_operator.section-1 to None, run_after=None
[2022-06-13 01:13:58,113] {logging_mixin.py:115} INFO - [2022-06-13 01:13:58,112] {dag.py:2931} INFO - Setting next_dagrun for example_subdag_operator.section-2 to None, run_after=None
[2022-06-13 01:13:58,241] {logging_mixin.py:115} INFO - [2022-06-13 01:13:58,241] {dag.py:2379} INFO - Sync 2 DAGs
[2022-06-13 01:13:58,247] {logging_mixin.py:115} INFO - [2022-06-13 01:13:58,247] {dag.py:2931} INFO - Setting next_dagrun for example_subdag_operator.section-1 to None, run_after=None
[2022-06-13 01:13:58,247] {logging_mixin.py:115} INFO - [2022-06-13 01:13:58,247] {dag.py:2931} INFO - Setting next_dagrun for example_subdag_operator.section-2 to None, run_after=None
[2022-06-13 01:13:58,255] {processor.py:161} INFO - Processing /home/airflow/.local/lib/python3.7/site-packages/airflow/example_dags/example_subdag_operator.py took 0.233 seconds
[2022-06-13 01:14:28,359] {processor.py:153} INFO - Started process (PID=562) to work on /home/airflow/.local/lib/python3.7/site-packages/airflow/example_dags/example_subdag_operator.py
[2022-06-13 01:14:28,360] {processor.py:641} INFO - Processing file /home/airflow/.local/lib/python3.7/site-packages/airflow/example_dags/example_subdag_operator.py for tasks to queue
[2022-06-13 01:14:28,360] {logging_mixin.py:115} INFO - [2022-06-13 01:14:28,360] {dagbag.py:507} INFO - Filling up the DagBag from /home/airflow/.local/lib/python3.7/site-packages/airflow/example_dags/example_subdag_operator.py
[2022-06-13 01:14:28,393] {processor.py:651} INFO - DAG(s) dict_keys(['example_subdag_operator.section-1', 'example_subdag_operator.section-2', 'example_subdag_operator']) retrieved from /home/airflow/.local/lib/python3.7/site-packages/airflow/example_dags/example_subdag_operator.py
[2022-06-13 01:14:28,430] {logging_mixin.py:115} INFO - [2022-06-13 01:14:28,430] {dag.py:2379} INFO - Sync 3 DAGs
[2022-06-13 01:14:28,455] {logging_mixin.py:115} INFO - [2022-06-13 01:14:28,455] {dag.py:2931} INFO - Setting next_dagrun for example_subdag_operator to 2022-01-01T00:00:00+00:00, run_after=2022-01-01T00:00:00+00:00
[2022-06-13 01:14:28,455] {logging_mixin.py:115} INFO - [2022-06-13 01:14:28,455] {dag.py:2931} INFO - Setting next_dagrun for example_subdag_operator.section-1 to None, run_after=None
[2022-06-13 01:14:28,456] {logging_mixin.py:115} INFO - [2022-06-13 01:14:28,455] {dag.py:2931} INFO - Setting next_dagrun for example_subdag_operator.section-2 to None, run_after=None
[2022-06-13 01:14:28,574] {logging_mixin.py:115} INFO - [2022-06-13 01:14:28,573] {dag.py:2379} INFO - Sync 2 DAGs
[2022-06-13 01:14:28,580] {logging_mixin.py:115} INFO - [2022-06-13 01:14:28,579] {dag.py:2931} INFO - Setting next_dagrun for example_subdag_operator.section-1 to None, run_after=None
[2022-06-13 01:14:28,580] {logging_mixin.py:115} INFO - [2022-06-13 01:14:28,580] {dag.py:2931} INFO - Setting next_dagrun for example_subdag_operator.section-2 to None, run_after=None
[2022-06-13 01:14:28,588] {processor.py:161} INFO - Processing /home/airflow/.local/lib/python3.7/site-packages/airflow/example_dags/example_subdag_operator.py took 0.233 seconds
[2022-06-13 01:14:58,607] {processor.py:153} INFO - Started process (PID=616) to work on /home/airflow/.local/lib/python3.7/site-packages/airflow/example_dags/example_subdag_operator.py
[2022-06-13 01:14:58,608] {processor.py:641} INFO - Processing file /home/airflow/.local/lib/python3.7/site-packages/airflow/example_dags/example_subdag_operator.py for tasks to queue
[2022-06-13 01:14:58,608] {logging_mixin.py:115} INFO - [2022-06-13 01:14:58,608] {dagbag.py:507} INFO - Filling up the DagBag from /home/airflow/.local/lib/python3.7/site-packages/airflow/example_dags/example_subdag_operator.py
[2022-06-13 01:14:58,645] {processor.py:651} INFO - DAG(s) dict_keys(['example_subdag_operator.section-1', 'example_subdag_operator.section-2', 'example_subdag_operator']) retrieved from /home/airflow/.local/lib/python3.7/site-packages/airflow/example_dags/example_subdag_operator.py
[2022-06-13 01:14:58,688] {logging_mixin.py:115} INFO - [2022-06-13 01:14:58,688] {dag.py:2379} INFO - Sync 3 DAGs
[2022-06-13 01:14:58,716] {logging_mixin.py:115} INFO - [2022-06-13 01:14:58,716] {dag.py:2931} INFO - Setting next_dagrun for example_subdag_operator to 2022-01-01T00:00:00+00:00, run_after=2022-01-01T00:00:00+00:00
[2022-06-13 01:14:58,716] {logging_mixin.py:115} INFO - [2022-06-13 01:14:58,716] {dag.py:2931} INFO - Setting next_dagrun for example_subdag_operator.section-1 to None, run_after=None
[2022-06-13 01:14:58,716] {logging_mixin.py:115} INFO - [2022-06-13 01:14:58,716] {dag.py:2931} INFO - Setting next_dagrun for example_subdag_operator.section-2 to None, run_after=None
[2022-06-13 01:14:58,841] {logging_mixin.py:115} INFO - [2022-06-13 01:14:58,841] {dag.py:2379} INFO - Sync 2 DAGs
[2022-06-13 01:14:58,847] {logging_mixin.py:115} INFO - [2022-06-13 01:14:58,847] {dag.py:2931} INFO - Setting next_dagrun for example_subdag_operator.section-1 to None, run_after=None
[2022-06-13 01:14:58,847] {logging_mixin.py:115} INFO - [2022-06-13 01:14:58,847] {dag.py:2931} INFO - Setting next_dagrun for example_subdag_operator.section-2 to None, run_after=None
[2022-06-13 01:14:58,856] {processor.py:161} INFO - Processing /home/airflow/.local/lib/python3.7/site-packages/airflow/example_dags/example_subdag_operator.py took 0.252 seconds
[2022-06-13 01:15:29,651] {processor.py:153} INFO - Started process (PID=679) to work on /home/airflow/.local/lib/python3.7/site-packages/airflow/example_dags/example_subdag_operator.py
[2022-06-13 01:15:29,651] {processor.py:641} INFO - Processing file /home/airflow/.local/lib/python3.7/site-packages/airflow/example_dags/example_subdag_operator.py for tasks to queue
[2022-06-13 01:15:29,652] {logging_mixin.py:115} INFO - [2022-06-13 01:15:29,652] {dagbag.py:507} INFO - Filling up the DagBag from /home/airflow/.local/lib/python3.7/site-packages/airflow/example_dags/example_subdag_operator.py
[2022-06-13 01:15:29,681] {processor.py:651} INFO - DAG(s) dict_keys(['example_subdag_operator.section-1', 'example_subdag_operator.section-2', 'example_subdag_operator']) retrieved from /home/airflow/.local/lib/python3.7/site-packages/airflow/example_dags/example_subdag_operator.py
[2022-06-13 01:15:29,724] {logging_mixin.py:115} INFO - [2022-06-13 01:15:29,724] {dag.py:2379} INFO - Sync 3 DAGs
[2022-06-13 01:15:29,900] {logging_mixin.py:115} INFO - [2022-06-13 01:15:29,900] {dag.py:2931} INFO - Setting next_dagrun for example_subdag_operator to 2022-01-01T00:00:00+00:00, run_after=2022-01-01T00:00:00+00:00
[2022-06-13 01:15:29,900] {logging_mixin.py:115} INFO - [2022-06-13 01:15:29,900] {dag.py:2931} INFO - Setting next_dagrun for example_subdag_operator.section-1 to None, run_after=None
[2022-06-13 01:15:29,900] {logging_mixin.py:115} INFO - [2022-06-13 01:15:29,900] {dag.py:2931} INFO - Setting next_dagrun for example_subdag_operator.section-2 to None, run_after=None
[2022-06-13 01:15:29,908] {logging_mixin.py:115} INFO - [2022-06-13 01:15:29,907] {dag.py:2379} INFO - Sync 2 DAGs
[2022-06-13 01:15:29,913] {logging_mixin.py:115} INFO - [2022-06-13 01:15:29,913] {dag.py:2931} INFO - Setting next_dagrun for example_subdag_operator.section-1 to None, run_after=None
[2022-06-13 01:15:29,914] {logging_mixin.py:115} INFO - [2022-06-13 01:15:29,913] {dag.py:2931} INFO - Setting next_dagrun for example_subdag_operator.section-2 to None, run_after=None
[2022-06-13 01:15:29,923] {processor.py:161} INFO - Processing /home/airflow/.local/lib/python3.7/site-packages/airflow/example_dags/example_subdag_operator.py took 0.275 seconds
[2022-06-13 01:16:00,393] {processor.py:153} INFO - Started process (PID=742) to work on /home/airflow/.local/lib/python3.7/site-packages/airflow/example_dags/example_subdag_operator.py
[2022-06-13 01:16:00,397] {processor.py:641} INFO - Processing file /home/airflow/.local/lib/python3.7/site-packages/airflow/example_dags/example_subdag_operator.py for tasks to queue
[2022-06-13 01:16:00,397] {logging_mixin.py:115} INFO - [2022-06-13 01:16:00,397] {dagbag.py:507} INFO - Filling up the DagBag from /home/airflow/.local/lib/python3.7/site-packages/airflow/example_dags/example_subdag_operator.py
[2022-06-13 01:16:00,431] {processor.py:651} INFO - DAG(s) dict_keys(['example_subdag_operator.section-1', 'example_subdag_operator.section-2', 'example_subdag_operator']) retrieved from /home/airflow/.local/lib/python3.7/site-packages/airflow/example_dags/example_subdag_operator.py
[2022-06-13 01:16:00,472] {logging_mixin.py:115} INFO - [2022-06-13 01:16:00,472] {dag.py:2379} INFO - Sync 3 DAGs
[2022-06-13 01:16:00,611] {logging_mixin.py:115} INFO - [2022-06-13 01:16:00,611] {dag.py:2931} INFO - Setting next_dagrun for example_subdag_operator to 2022-01-01T00:00:00+00:00, run_after=2022-01-01T00:00:00+00:00
[2022-06-13 01:16:00,612] {logging_mixin.py:115} INFO - [2022-06-13 01:16:00,612] {dag.py:2931} INFO - Setting next_dagrun for example_subdag_operator.section-1 to None, run_after=None
[2022-06-13 01:16:00,612] {logging_mixin.py:115} INFO - [2022-06-13 01:16:00,612] {dag.py:2931} INFO - Setting next_dagrun for example_subdag_operator.section-2 to None, run_after=None
[2022-06-13 01:16:00,618] {logging_mixin.py:115} INFO - [2022-06-13 01:16:00,618] {dag.py:2379} INFO - Sync 2 DAGs
[2022-06-13 01:16:00,624] {logging_mixin.py:115} INFO - [2022-06-13 01:16:00,624] {dag.py:2931} INFO - Setting next_dagrun for example_subdag_operator.section-1 to None, run_after=None
[2022-06-13 01:16:00,624] {logging_mixin.py:115} INFO - [2022-06-13 01:16:00,624] {dag.py:2931} INFO - Setting next_dagrun for example_subdag_operator.section-2 to None, run_after=None
[2022-06-13 01:16:00,638] {processor.py:161} INFO - Processing /home/airflow/.local/lib/python3.7/site-packages/airflow/example_dags/example_subdag_operator.py took 0.249 seconds
