[2022-06-13 01:10:19,510] {processor.py:153} INFO - Started process (PID=67) to work on /home/airflow/.local/lib/python3.7/site-packages/airflow/example_dags/example_bash_operator.py
[2022-06-13 01:10:19,510] {processor.py:641} INFO - Processing file /home/airflow/.local/lib/python3.7/site-packages/airflow/example_dags/example_bash_operator.py for tasks to queue
[2022-06-13 01:10:19,511] {logging_mixin.py:115} INFO - [2022-06-13 01:10:19,511] {dagbag.py:507} INFO - Filling up the DagBag from /home/airflow/.local/lib/python3.7/site-packages/airflow/example_dags/example_bash_operator.py
[2022-06-13 01:10:19,545] {processor.py:651} INFO - DAG(s) dict_keys(['example_bash_operator']) retrieved from /home/airflow/.local/lib/python3.7/site-packages/airflow/example_dags/example_bash_operator.py
[2022-06-13 01:10:19,881] {logging_mixin.py:115} INFO - [2022-06-13 01:10:19,881] {manager.py:508} INFO - Created Permission View: can edit on DAG:example_bash_operator
[2022-06-13 01:10:19,911] {logging_mixin.py:115} INFO - [2022-06-13 01:10:19,910] {manager.py:508} INFO - Created Permission View: can delete on DAG:example_bash_operator
[2022-06-13 01:10:19,928] {logging_mixin.py:115} INFO - [2022-06-13 01:10:19,928] {manager.py:508} INFO - Created Permission View: can read on DAG:example_bash_operator
[2022-06-13 01:10:19,928] {logging_mixin.py:115} INFO - [2022-06-13 01:10:19,928] {dag.py:2379} INFO - Sync 1 DAGs
[2022-06-13 01:10:19,944] {logging_mixin.py:115} INFO - [2022-06-13 01:10:19,944] {dag.py:2398} INFO - Creating ORM DAG for example_bash_operator
[2022-06-13 01:10:19,957] {logging_mixin.py:115} INFO - [2022-06-13 01:10:19,957] {dag.py:2931} INFO - Setting next_dagrun for example_bash_operator to 2022-06-12T00:00:00+00:00, run_after=2022-06-13T00:00:00+00:00
[2022-06-13 01:10:19,984] {processor.py:161} INFO - Processing /home/airflow/.local/lib/python3.7/site-packages/airflow/example_dags/example_bash_operator.py took 0.477 seconds
[2022-06-13 01:10:50,449] {processor.py:153} INFO - Started process (PID=130) to work on /home/airflow/.local/lib/python3.7/site-packages/airflow/example_dags/example_bash_operator.py
[2022-06-13 01:10:50,450] {processor.py:641} INFO - Processing file /home/airflow/.local/lib/python3.7/site-packages/airflow/example_dags/example_bash_operator.py for tasks to queue
[2022-06-13 01:10:50,451] {logging_mixin.py:115} INFO - [2022-06-13 01:10:50,451] {dagbag.py:507} INFO - Filling up the DagBag from /home/airflow/.local/lib/python3.7/site-packages/airflow/example_dags/example_bash_operator.py
[2022-06-13 01:10:50,462] {processor.py:651} INFO - DAG(s) dict_keys(['example_bash_operator']) retrieved from /home/airflow/.local/lib/python3.7/site-packages/airflow/example_dags/example_bash_operator.py
[2022-06-13 01:10:50,488] {logging_mixin.py:115} INFO - [2022-06-13 01:10:50,488] {dag.py:2379} INFO - Sync 1 DAGs
[2022-06-13 01:10:50,516] {logging_mixin.py:115} INFO - [2022-06-13 01:10:50,516] {dag.py:2931} INFO - Setting next_dagrun for example_bash_operator to 2022-06-12T00:00:00+00:00, run_after=2022-06-13T00:00:00+00:00
[2022-06-13 01:10:50,631] {processor.py:161} INFO - Processing /home/airflow/.local/lib/python3.7/site-packages/airflow/example_dags/example_bash_operator.py took 0.185 seconds
[2022-06-13 01:11:21,107] {processor.py:153} INFO - Started process (PID=184) to work on /home/airflow/.local/lib/python3.7/site-packages/airflow/example_dags/example_bash_operator.py
[2022-06-13 01:11:21,111] {processor.py:641} INFO - Processing file /home/airflow/.local/lib/python3.7/site-packages/airflow/example_dags/example_bash_operator.py for tasks to queue
[2022-06-13 01:11:21,112] {logging_mixin.py:115} INFO - [2022-06-13 01:11:21,112] {dagbag.py:507} INFO - Filling up the DagBag from /home/airflow/.local/lib/python3.7/site-packages/airflow/example_dags/example_bash_operator.py
[2022-06-13 01:11:21,123] {processor.py:651} INFO - DAG(s) dict_keys(['example_bash_operator']) retrieved from /home/airflow/.local/lib/python3.7/site-packages/airflow/example_dags/example_bash_operator.py
[2022-06-13 01:11:21,148] {logging_mixin.py:115} INFO - [2022-06-13 01:11:21,148] {dag.py:2379} INFO - Sync 1 DAGs
[2022-06-13 01:11:21,170] {logging_mixin.py:115} INFO - [2022-06-13 01:11:21,170] {dag.py:2931} INFO - Setting next_dagrun for example_bash_operator to 2022-06-12T00:00:00+00:00, run_after=2022-06-13T00:00:00+00:00
[2022-06-13 01:11:21,285] {processor.py:161} INFO - Processing /home/airflow/.local/lib/python3.7/site-packages/airflow/example_dags/example_bash_operator.py took 0.181 seconds
[2022-06-13 01:11:51,977] {processor.py:153} INFO - Started process (PID=247) to work on /home/airflow/.local/lib/python3.7/site-packages/airflow/example_dags/example_bash_operator.py
[2022-06-13 01:11:51,977] {processor.py:641} INFO - Processing file /home/airflow/.local/lib/python3.7/site-packages/airflow/example_dags/example_bash_operator.py for tasks to queue
[2022-06-13 01:11:51,978] {logging_mixin.py:115} INFO - [2022-06-13 01:11:51,978] {dagbag.py:507} INFO - Filling up the DagBag from /home/airflow/.local/lib/python3.7/site-packages/airflow/example_dags/example_bash_operator.py
[2022-06-13 01:11:51,989] {processor.py:651} INFO - DAG(s) dict_keys(['example_bash_operator']) retrieved from /home/airflow/.local/lib/python3.7/site-packages/airflow/example_dags/example_bash_operator.py
[2022-06-13 01:11:52,013] {logging_mixin.py:115} INFO - [2022-06-13 01:11:52,013] {dag.py:2379} INFO - Sync 1 DAGs
[2022-06-13 01:11:52,037] {logging_mixin.py:115} INFO - [2022-06-13 01:11:52,037] {dag.py:2931} INFO - Setting next_dagrun for example_bash_operator to 2022-06-12T00:00:00+00:00, run_after=2022-06-13T00:00:00+00:00
[2022-06-13 01:11:52,154] {processor.py:161} INFO - Processing /home/airflow/.local/lib/python3.7/site-packages/airflow/example_dags/example_bash_operator.py took 0.180 seconds
[2022-06-13 01:12:22,730] {processor.py:153} INFO - Started process (PID=310) to work on /home/airflow/.local/lib/python3.7/site-packages/airflow/example_dags/example_bash_operator.py
[2022-06-13 01:12:22,731] {processor.py:641} INFO - Processing file /home/airflow/.local/lib/python3.7/site-packages/airflow/example_dags/example_bash_operator.py for tasks to queue
[2022-06-13 01:12:22,732] {logging_mixin.py:115} INFO - [2022-06-13 01:12:22,732] {dagbag.py:507} INFO - Filling up the DagBag from /home/airflow/.local/lib/python3.7/site-packages/airflow/example_dags/example_bash_operator.py
[2022-06-13 01:12:22,743] {processor.py:651} INFO - DAG(s) dict_keys(['example_bash_operator']) retrieved from /home/airflow/.local/lib/python3.7/site-packages/airflow/example_dags/example_bash_operator.py
[2022-06-13 01:12:22,768] {logging_mixin.py:115} INFO - [2022-06-13 01:12:22,768] {dag.py:2379} INFO - Sync 1 DAGs
[2022-06-13 01:12:22,794] {logging_mixin.py:115} INFO - [2022-06-13 01:12:22,794] {dag.py:2931} INFO - Setting next_dagrun for example_bash_operator to 2022-06-12T00:00:00+00:00, run_after=2022-06-13T00:00:00+00:00
[2022-06-13 01:12:22,908] {processor.py:161} INFO - Processing /home/airflow/.local/lib/python3.7/site-packages/airflow/example_dags/example_bash_operator.py took 0.181 seconds
[2022-06-13 01:12:53,648] {processor.py:153} INFO - Started process (PID=363) to work on /home/airflow/.local/lib/python3.7/site-packages/airflow/example_dags/example_bash_operator.py
[2022-06-13 01:12:53,648] {processor.py:641} INFO - Processing file /home/airflow/.local/lib/python3.7/site-packages/airflow/example_dags/example_bash_operator.py for tasks to queue
[2022-06-13 01:12:53,649] {logging_mixin.py:115} INFO - [2022-06-13 01:12:53,649] {dagbag.py:507} INFO - Filling up the DagBag from /home/airflow/.local/lib/python3.7/site-packages/airflow/example_dags/example_bash_operator.py
[2022-06-13 01:12:53,661] {processor.py:651} INFO - DAG(s) dict_keys(['example_bash_operator']) retrieved from /home/airflow/.local/lib/python3.7/site-packages/airflow/example_dags/example_bash_operator.py
[2022-06-13 01:12:53,747] {logging_mixin.py:115} INFO - [2022-06-13 01:12:53,747] {dag.py:2379} INFO - Sync 1 DAGs
[2022-06-13 01:12:53,787] {logging_mixin.py:115} INFO - [2022-06-13 01:12:53,787] {dag.py:2931} INFO - Setting next_dagrun for example_bash_operator to 2022-06-12T00:00:00+00:00, run_after=2022-06-13T00:00:00+00:00
[2022-06-13 01:12:53,932] {processor.py:161} INFO - Processing /home/airflow/.local/lib/python3.7/site-packages/airflow/example_dags/example_bash_operator.py took 0.288 seconds
[2022-06-13 01:13:24,401] {processor.py:153} INFO - Started process (PID=427) to work on /home/airflow/.local/lib/python3.7/site-packages/airflow/example_dags/example_bash_operator.py
[2022-06-13 01:13:24,402] {processor.py:641} INFO - Processing file /home/airflow/.local/lib/python3.7/site-packages/airflow/example_dags/example_bash_operator.py for tasks to queue
[2022-06-13 01:13:24,402] {logging_mixin.py:115} INFO - [2022-06-13 01:13:24,402] {dagbag.py:507} INFO - Filling up the DagBag from /home/airflow/.local/lib/python3.7/site-packages/airflow/example_dags/example_bash_operator.py
[2022-06-13 01:13:24,414] {processor.py:651} INFO - DAG(s) dict_keys(['example_bash_operator']) retrieved from /home/airflow/.local/lib/python3.7/site-packages/airflow/example_dags/example_bash_operator.py
[2022-06-13 01:13:24,439] {logging_mixin.py:115} INFO - [2022-06-13 01:13:24,438] {dag.py:2379} INFO - Sync 1 DAGs
[2022-06-13 01:13:24,462] {logging_mixin.py:115} INFO - [2022-06-13 01:13:24,462] {dag.py:2931} INFO - Setting next_dagrun for example_bash_operator to 2022-06-12T00:00:00+00:00, run_after=2022-06-13T00:00:00+00:00
[2022-06-13 01:13:24,578] {processor.py:161} INFO - Processing /home/airflow/.local/lib/python3.7/site-packages/airflow/example_dags/example_bash_operator.py took 0.180 seconds
[2022-06-13 01:13:55,427] {processor.py:153} INFO - Started process (PID=492) to work on /home/airflow/.local/lib/python3.7/site-packages/airflow/example_dags/example_bash_operator.py
[2022-06-13 01:13:55,427] {processor.py:641} INFO - Processing file /home/airflow/.local/lib/python3.7/site-packages/airflow/example_dags/example_bash_operator.py for tasks to queue
[2022-06-13 01:13:55,428] {logging_mixin.py:115} INFO - [2022-06-13 01:13:55,428] {dagbag.py:507} INFO - Filling up the DagBag from /home/airflow/.local/lib/python3.7/site-packages/airflow/example_dags/example_bash_operator.py
[2022-06-13 01:13:55,440] {processor.py:651} INFO - DAG(s) dict_keys(['example_bash_operator']) retrieved from /home/airflow/.local/lib/python3.7/site-packages/airflow/example_dags/example_bash_operator.py
[2022-06-13 01:13:55,509] {logging_mixin.py:115} INFO - [2022-06-13 01:13:55,509] {dag.py:2379} INFO - Sync 1 DAGs
[2022-06-13 01:13:55,540] {logging_mixin.py:115} INFO - [2022-06-13 01:13:55,540] {dag.py:2931} INFO - Setting next_dagrun for example_bash_operator to 2022-06-12T00:00:00+00:00, run_after=2022-06-13T00:00:00+00:00
[2022-06-13 01:13:55,656] {processor.py:161} INFO - Processing /home/airflow/.local/lib/python3.7/site-packages/airflow/example_dags/example_bash_operator.py took 0.233 seconds
[2022-06-13 01:14:25,749] {processor.py:153} INFO - Started process (PID=545) to work on /home/airflow/.local/lib/python3.7/site-packages/airflow/example_dags/example_bash_operator.py
[2022-06-13 01:14:25,750] {processor.py:641} INFO - Processing file /home/airflow/.local/lib/python3.7/site-packages/airflow/example_dags/example_bash_operator.py for tasks to queue
[2022-06-13 01:14:25,751] {logging_mixin.py:115} INFO - [2022-06-13 01:14:25,751] {dagbag.py:507} INFO - Filling up the DagBag from /home/airflow/.local/lib/python3.7/site-packages/airflow/example_dags/example_bash_operator.py
[2022-06-13 01:14:25,768] {processor.py:651} INFO - DAG(s) dict_keys(['example_bash_operator']) retrieved from /home/airflow/.local/lib/python3.7/site-packages/airflow/example_dags/example_bash_operator.py
[2022-06-13 01:14:25,805] {logging_mixin.py:115} INFO - [2022-06-13 01:14:25,805] {dag.py:2379} INFO - Sync 1 DAGs
[2022-06-13 01:14:25,834] {logging_mixin.py:115} INFO - [2022-06-13 01:14:25,834] {dag.py:2931} INFO - Setting next_dagrun for example_bash_operator to 2022-06-12T00:00:00+00:00, run_after=2022-06-13T00:00:00+00:00
[2022-06-13 01:14:25,951] {processor.py:161} INFO - Processing /home/airflow/.local/lib/python3.7/site-packages/airflow/example_dags/example_bash_operator.py took 0.205 seconds
[2022-06-13 01:14:56,078] {processor.py:153} INFO - Started process (PID=608) to work on /home/airflow/.local/lib/python3.7/site-packages/airflow/example_dags/example_bash_operator.py
[2022-06-13 01:14:56,079] {processor.py:641} INFO - Processing file /home/airflow/.local/lib/python3.7/site-packages/airflow/example_dags/example_bash_operator.py for tasks to queue
[2022-06-13 01:14:56,080] {logging_mixin.py:115} INFO - [2022-06-13 01:14:56,080] {dagbag.py:507} INFO - Filling up the DagBag from /home/airflow/.local/lib/python3.7/site-packages/airflow/example_dags/example_bash_operator.py
[2022-06-13 01:14:56,095] {processor.py:651} INFO - DAG(s) dict_keys(['example_bash_operator']) retrieved from /home/airflow/.local/lib/python3.7/site-packages/airflow/example_dags/example_bash_operator.py
[2022-06-13 01:14:56,132] {logging_mixin.py:115} INFO - [2022-06-13 01:14:56,131] {dag.py:2379} INFO - Sync 1 DAGs
[2022-06-13 01:14:56,162] {logging_mixin.py:115} INFO - [2022-06-13 01:14:56,162] {dag.py:2931} INFO - Setting next_dagrun for example_bash_operator to 2022-06-12T00:00:00+00:00, run_after=2022-06-13T00:00:00+00:00
[2022-06-13 01:14:56,281] {processor.py:161} INFO - Processing /home/airflow/.local/lib/python3.7/site-packages/airflow/example_dags/example_bash_operator.py took 0.209 seconds
[2022-06-13 01:15:27,664] {processor.py:153} INFO - Started process (PID=671) to work on /home/airflow/.local/lib/python3.7/site-packages/airflow/example_dags/example_bash_operator.py
[2022-06-13 01:15:27,670] {processor.py:641} INFO - Processing file /home/airflow/.local/lib/python3.7/site-packages/airflow/example_dags/example_bash_operator.py for tasks to queue
[2022-06-13 01:15:27,673] {logging_mixin.py:115} INFO - [2022-06-13 01:15:27,672] {dagbag.py:507} INFO - Filling up the DagBag from /home/airflow/.local/lib/python3.7/site-packages/airflow/example_dags/example_bash_operator.py
[2022-06-13 01:15:27,701] {processor.py:651} INFO - DAG(s) dict_keys(['example_bash_operator']) retrieved from /home/airflow/.local/lib/python3.7/site-packages/airflow/example_dags/example_bash_operator.py
[2022-06-13 01:15:27,729] {logging_mixin.py:115} INFO - [2022-06-13 01:15:27,729] {dag.py:2379} INFO - Sync 1 DAGs
[2022-06-13 01:15:27,890] {logging_mixin.py:115} INFO - [2022-06-13 01:15:27,890] {dag.py:2931} INFO - Setting next_dagrun for example_bash_operator to 2022-06-12T00:00:00+00:00, run_after=2022-06-13T00:00:00+00:00
[2022-06-13 01:15:27,906] {processor.py:161} INFO - Processing /home/airflow/.local/lib/python3.7/site-packages/airflow/example_dags/example_bash_operator.py took 0.245 seconds
[2022-06-13 01:15:58,673] {processor.py:153} INFO - Started process (PID=724) to work on /home/airflow/.local/lib/python3.7/site-packages/airflow/example_dags/example_bash_operator.py
[2022-06-13 01:15:58,674] {processor.py:641} INFO - Processing file /home/airflow/.local/lib/python3.7/site-packages/airflow/example_dags/example_bash_operator.py for tasks to queue
[2022-06-13 01:15:58,674] {logging_mixin.py:115} INFO - [2022-06-13 01:15:58,674] {dagbag.py:507} INFO - Filling up the DagBag from /home/airflow/.local/lib/python3.7/site-packages/airflow/example_dags/example_bash_operator.py
[2022-06-13 01:15:58,685] {processor.py:651} INFO - DAG(s) dict_keys(['example_bash_operator']) retrieved from /home/airflow/.local/lib/python3.7/site-packages/airflow/example_dags/example_bash_operator.py
[2022-06-13 01:15:58,709] {logging_mixin.py:115} INFO - [2022-06-13 01:15:58,709] {dag.py:2379} INFO - Sync 1 DAGs
[2022-06-13 01:15:58,837] {logging_mixin.py:115} INFO - [2022-06-13 01:15:58,837] {dag.py:2931} INFO - Setting next_dagrun for example_bash_operator to 2022-06-12T00:00:00+00:00, run_after=2022-06-13T00:00:00+00:00
[2022-06-13 01:15:58,849] {processor.py:161} INFO - Processing /home/airflow/.local/lib/python3.7/site-packages/airflow/example_dags/example_bash_operator.py took 0.180 seconds
[2022-06-13 01:16:29,734] {processor.py:153} INFO - Started process (PID=787) to work on /home/airflow/.local/lib/python3.7/site-packages/airflow/example_dags/example_bash_operator.py
[2022-06-13 01:16:29,735] {processor.py:641} INFO - Processing file /home/airflow/.local/lib/python3.7/site-packages/airflow/example_dags/example_bash_operator.py for tasks to queue
[2022-06-13 01:16:29,735] {logging_mixin.py:115} INFO - [2022-06-13 01:16:29,735] {dagbag.py:507} INFO - Filling up the DagBag from /home/airflow/.local/lib/python3.7/site-packages/airflow/example_dags/example_bash_operator.py
[2022-06-13 01:16:29,747] {processor.py:651} INFO - DAG(s) dict_keys(['example_bash_operator']) retrieved from /home/airflow/.local/lib/python3.7/site-packages/airflow/example_dags/example_bash_operator.py
[2022-06-13 01:16:29,773] {logging_mixin.py:115} INFO - [2022-06-13 01:16:29,773] {dag.py:2379} INFO - Sync 1 DAGs
[2022-06-13 01:16:29,911] {logging_mixin.py:115} INFO - [2022-06-13 01:16:29,911] {dag.py:2931} INFO - Setting next_dagrun for example_bash_operator to 2022-06-12T00:00:00+00:00, run_after=2022-06-13T00:00:00+00:00
[2022-06-13 01:16:29,926] {processor.py:161} INFO - Processing /home/airflow/.local/lib/python3.7/site-packages/airflow/example_dags/example_bash_operator.py took 0.195 seconds
[2022-06-13 01:17:01,244] {processor.py:153} INFO - Started process (PID=851) to work on /home/airflow/.local/lib/python3.7/site-packages/airflow/example_dags/example_bash_operator.py
[2022-06-13 01:17:01,245] {processor.py:641} INFO - Processing file /home/airflow/.local/lib/python3.7/site-packages/airflow/example_dags/example_bash_operator.py for tasks to queue
[2022-06-13 01:17:01,245] {logging_mixin.py:115} INFO - [2022-06-13 01:17:01,245] {dagbag.py:507} INFO - Filling up the DagBag from /home/airflow/.local/lib/python3.7/site-packages/airflow/example_dags/example_bash_operator.py
[2022-06-13 01:17:01,257] {processor.py:651} INFO - DAG(s) dict_keys(['example_bash_operator']) retrieved from /home/airflow/.local/lib/python3.7/site-packages/airflow/example_dags/example_bash_operator.py
[2022-06-13 01:17:01,284] {logging_mixin.py:115} INFO - [2022-06-13 01:17:01,284] {dag.py:2379} INFO - Sync 1 DAGs
[2022-06-13 01:17:01,439] {logging_mixin.py:115} INFO - [2022-06-13 01:17:01,438] {dag.py:2931} INFO - Setting next_dagrun for example_bash_operator to 2022-06-12T00:00:00+00:00, run_after=2022-06-13T00:00:00+00:00
[2022-06-13 01:17:01,453] {processor.py:161} INFO - Processing /home/airflow/.local/lib/python3.7/site-packages/airflow/example_dags/example_bash_operator.py took 0.213 seconds
[2022-06-13 01:17:31,516] {processor.py:153} INFO - Started process (PID=903) to work on /home/airflow/.local/lib/python3.7/site-packages/airflow/example_dags/example_bash_operator.py
[2022-06-13 01:17:31,516] {processor.py:641} INFO - Processing file /home/airflow/.local/lib/python3.7/site-packages/airflow/example_dags/example_bash_operator.py for tasks to queue
[2022-06-13 01:17:31,517] {logging_mixin.py:115} INFO - [2022-06-13 01:17:31,517] {dagbag.py:507} INFO - Filling up the DagBag from /home/airflow/.local/lib/python3.7/site-packages/airflow/example_dags/example_bash_operator.py
[2022-06-13 01:17:31,529] {processor.py:651} INFO - DAG(s) dict_keys(['example_bash_operator']) retrieved from /home/airflow/.local/lib/python3.7/site-packages/airflow/example_dags/example_bash_operator.py
[2022-06-13 01:17:31,553] {logging_mixin.py:115} INFO - [2022-06-13 01:17:31,553] {dag.py:2379} INFO - Sync 1 DAGs
[2022-06-13 01:17:31,682] {logging_mixin.py:115} INFO - [2022-06-13 01:17:31,682] {dag.py:2931} INFO - Setting next_dagrun for example_bash_operator to 2022-06-12T00:00:00+00:00, run_after=2022-06-13T00:00:00+00:00
[2022-06-13 01:17:31,695] {processor.py:161} INFO - Processing /home/airflow/.local/lib/python3.7/site-packages/airflow/example_dags/example_bash_operator.py took 0.182 seconds
[2022-06-13 01:18:02,005] {processor.py:153} INFO - Started process (PID=967) to work on /home/airflow/.local/lib/python3.7/site-packages/airflow/example_dags/example_bash_operator.py
[2022-06-13 01:18:02,006] {processor.py:641} INFO - Processing file /home/airflow/.local/lib/python3.7/site-packages/airflow/example_dags/example_bash_operator.py for tasks to queue
[2022-06-13 01:18:02,007] {logging_mixin.py:115} INFO - [2022-06-13 01:18:02,007] {dagbag.py:507} INFO - Filling up the DagBag from /home/airflow/.local/lib/python3.7/site-packages/airflow/example_dags/example_bash_operator.py
[2022-06-13 01:18:02,018] {processor.py:651} INFO - DAG(s) dict_keys(['example_bash_operator']) retrieved from /home/airflow/.local/lib/python3.7/site-packages/airflow/example_dags/example_bash_operator.py
[2022-06-13 01:18:02,045] {logging_mixin.py:115} INFO - [2022-06-13 01:18:02,045] {dag.py:2379} INFO - Sync 1 DAGs
[2022-06-13 01:18:02,179] {logging_mixin.py:115} INFO - [2022-06-13 01:18:02,179] {dag.py:2931} INFO - Setting next_dagrun for example_bash_operator to 2022-06-12T00:00:00+00:00, run_after=2022-06-13T00:00:00+00:00
[2022-06-13 01:18:02,191] {processor.py:161} INFO - Processing /home/airflow/.local/lib/python3.7/site-packages/airflow/example_dags/example_bash_operator.py took 0.189 seconds
[2022-06-13 01:18:32,412] {processor.py:153} INFO - Started process (PID=1029) to work on /home/airflow/.local/lib/python3.7/site-packages/airflow/example_dags/example_bash_operator.py
[2022-06-13 01:18:32,417] {processor.py:641} INFO - Processing file /home/airflow/.local/lib/python3.7/site-packages/airflow/example_dags/example_bash_operator.py for tasks to queue
[2022-06-13 01:18:32,433] {logging_mixin.py:115} INFO - [2022-06-13 01:18:32,433] {dagbag.py:507} INFO - Filling up the DagBag from /home/airflow/.local/lib/python3.7/site-packages/airflow/example_dags/example_bash_operator.py
[2022-06-13 01:18:32,451] {processor.py:651} INFO - DAG(s) dict_keys(['example_bash_operator']) retrieved from /home/airflow/.local/lib/python3.7/site-packages/airflow/example_dags/example_bash_operator.py
[2022-06-13 01:18:32,497] {logging_mixin.py:115} INFO - [2022-06-13 01:18:32,497] {dag.py:2379} INFO - Sync 1 DAGs
[2022-06-13 01:18:32,651] {logging_mixin.py:115} INFO - [2022-06-13 01:18:32,649] {dag.py:2931} INFO - Setting next_dagrun for example_bash_operator to 2022-06-12T00:00:00+00:00, run_after=2022-06-13T00:00:00+00:00
[2022-06-13 01:18:32,674] {processor.py:161} INFO - Processing /home/airflow/.local/lib/python3.7/site-packages/airflow/example_dags/example_bash_operator.py took 0.267 seconds
[2022-06-13 01:19:02,709] {processor.py:153} INFO - Started process (PID=1084) to work on /home/airflow/.local/lib/python3.7/site-packages/airflow/example_dags/example_bash_operator.py
[2022-06-13 01:19:02,710] {processor.py:641} INFO - Processing file /home/airflow/.local/lib/python3.7/site-packages/airflow/example_dags/example_bash_operator.py for tasks to queue
[2022-06-13 01:19:02,710] {logging_mixin.py:115} INFO - [2022-06-13 01:19:02,710] {dagbag.py:507} INFO - Filling up the DagBag from /home/airflow/.local/lib/python3.7/site-packages/airflow/example_dags/example_bash_operator.py
[2022-06-13 01:19:02,724] {processor.py:651} INFO - DAG(s) dict_keys(['example_bash_operator']) retrieved from /home/airflow/.local/lib/python3.7/site-packages/airflow/example_dags/example_bash_operator.py
[2022-06-13 01:19:02,752] {logging_mixin.py:115} INFO - [2022-06-13 01:19:02,752] {dag.py:2379} INFO - Sync 1 DAGs
[2022-06-13 01:19:02,891] {logging_mixin.py:115} INFO - [2022-06-13 01:19:02,891] {dag.py:2931} INFO - Setting next_dagrun for example_bash_operator to 2022-06-12T00:00:00+00:00, run_after=2022-06-13T00:00:00+00:00
[2022-06-13 01:19:02,906] {processor.py:161} INFO - Processing /home/airflow/.local/lib/python3.7/site-packages/airflow/example_dags/example_bash_operator.py took 0.200 seconds
