[2022-06-13 01:10:19,894] {processor.py:153} INFO - Started process (PID=68) to work on /home/airflow/.local/lib/python3.7/site-packages/airflow/example_dags/example_branch_datetime_operator.py
[2022-06-13 01:10:19,895] {processor.py:641} INFO - Processing file /home/airflow/.local/lib/python3.7/site-packages/airflow/example_dags/example_branch_datetime_operator.py for tasks to queue
[2022-06-13 01:10:19,895] {logging_mixin.py:115} INFO - [2022-06-13 01:10:19,895] {dagbag.py:507} INFO - Filling up the DagBag from /home/airflow/.local/lib/python3.7/site-packages/airflow/example_dags/example_branch_datetime_operator.py
[2022-06-13 01:10:19,905] {processor.py:651} INFO - DAG(s) dict_keys(['example_branch_datetime_operator_2']) retrieved from /home/airflow/.local/lib/python3.7/site-packages/airflow/example_dags/example_branch_datetime_operator.py
[2022-06-13 01:10:20,179] {logging_mixin.py:115} INFO - [2022-06-13 01:10:20,179] {manager.py:508} INFO - Created Permission View: can edit on DAG:example_branch_datetime_operator_2
[2022-06-13 01:10:20,209] {logging_mixin.py:115} INFO - [2022-06-13 01:10:20,209] {manager.py:508} INFO - Created Permission View: can delete on DAG:example_branch_datetime_operator_2
[2022-06-13 01:10:20,232] {logging_mixin.py:115} INFO - [2022-06-13 01:10:20,232] {manager.py:508} INFO - Created Permission View: can read on DAG:example_branch_datetime_operator_2
[2022-06-13 01:10:20,233] {logging_mixin.py:115} INFO - [2022-06-13 01:10:20,233] {dag.py:2379} INFO - Sync 1 DAGs
[2022-06-13 01:10:20,258] {logging_mixin.py:115} INFO - [2022-06-13 01:10:20,258] {dag.py:2398} INFO - Creating ORM DAG for example_branch_datetime_operator_2
[2022-06-13 01:10:20,327] {logging_mixin.py:115} INFO - [2022-06-13 01:10:20,327] {dag.py:2931} INFO - Setting next_dagrun for example_branch_datetime_operator_2 to 2022-06-12T00:00:00+00:00, run_after=2022-06-13T00:00:00+00:00
[2022-06-13 01:10:20,354] {processor.py:161} INFO - Processing /home/airflow/.local/lib/python3.7/site-packages/airflow/example_dags/example_branch_datetime_operator.py took 0.463 seconds
[2022-06-13 01:10:50,646] {processor.py:153} INFO - Started process (PID=131) to work on /home/airflow/.local/lib/python3.7/site-packages/airflow/example_dags/example_branch_datetime_operator.py
[2022-06-13 01:10:50,647] {processor.py:641} INFO - Processing file /home/airflow/.local/lib/python3.7/site-packages/airflow/example_dags/example_branch_datetime_operator.py for tasks to queue
[2022-06-13 01:10:50,647] {logging_mixin.py:115} INFO - [2022-06-13 01:10:50,647] {dagbag.py:507} INFO - Filling up the DagBag from /home/airflow/.local/lib/python3.7/site-packages/airflow/example_dags/example_branch_datetime_operator.py
[2022-06-13 01:10:50,655] {processor.py:651} INFO - DAG(s) dict_keys(['example_branch_datetime_operator_2']) retrieved from /home/airflow/.local/lib/python3.7/site-packages/airflow/example_dags/example_branch_datetime_operator.py
[2022-06-13 01:10:50,678] {logging_mixin.py:115} INFO - [2022-06-13 01:10:50,678] {dag.py:2379} INFO - Sync 1 DAGs
[2022-06-13 01:10:50,702] {logging_mixin.py:115} INFO - [2022-06-13 01:10:50,702] {dag.py:2931} INFO - Setting next_dagrun for example_branch_datetime_operator_2 to 2022-06-12T00:00:00+00:00, run_after=2022-06-13T00:00:00+00:00
[2022-06-13 01:10:50,713] {processor.py:161} INFO - Processing /home/airflow/.local/lib/python3.7/site-packages/airflow/example_dags/example_branch_datetime_operator.py took 0.070 seconds
[2022-06-13 01:11:21,196] {processor.py:153} INFO - Started process (PID=185) to work on /home/airflow/.local/lib/python3.7/site-packages/airflow/example_dags/example_branch_datetime_operator.py
[2022-06-13 01:11:21,197] {processor.py:641} INFO - Processing file /home/airflow/.local/lib/python3.7/site-packages/airflow/example_dags/example_branch_datetime_operator.py for tasks to queue
[2022-06-13 01:11:21,198] {logging_mixin.py:115} INFO - [2022-06-13 01:11:21,198] {dagbag.py:507} INFO - Filling up the DagBag from /home/airflow/.local/lib/python3.7/site-packages/airflow/example_dags/example_branch_datetime_operator.py
[2022-06-13 01:11:21,206] {processor.py:651} INFO - DAG(s) dict_keys(['example_branch_datetime_operator_2']) retrieved from /home/airflow/.local/lib/python3.7/site-packages/airflow/example_dags/example_branch_datetime_operator.py
[2022-06-13 01:11:21,230] {logging_mixin.py:115} INFO - [2022-06-13 01:11:21,229] {dag.py:2379} INFO - Sync 1 DAGs
[2022-06-13 01:11:21,255] {logging_mixin.py:115} INFO - [2022-06-13 01:11:21,255] {dag.py:2931} INFO - Setting next_dagrun for example_branch_datetime_operator_2 to 2022-06-12T00:00:00+00:00, run_after=2022-06-13T00:00:00+00:00
[2022-06-13 01:11:21,268] {processor.py:161} INFO - Processing /home/airflow/.local/lib/python3.7/site-packages/airflow/example_dags/example_branch_datetime_operator.py took 0.075 seconds
[2022-06-13 01:11:52,064] {processor.py:153} INFO - Started process (PID=248) to work on /home/airflow/.local/lib/python3.7/site-packages/airflow/example_dags/example_branch_datetime_operator.py
[2022-06-13 01:11:52,065] {processor.py:641} INFO - Processing file /home/airflow/.local/lib/python3.7/site-packages/airflow/example_dags/example_branch_datetime_operator.py for tasks to queue
[2022-06-13 01:11:52,065] {logging_mixin.py:115} INFO - [2022-06-13 01:11:52,065] {dagbag.py:507} INFO - Filling up the DagBag from /home/airflow/.local/lib/python3.7/site-packages/airflow/example_dags/example_branch_datetime_operator.py
[2022-06-13 01:11:52,073] {processor.py:651} INFO - DAG(s) dict_keys(['example_branch_datetime_operator_2']) retrieved from /home/airflow/.local/lib/python3.7/site-packages/airflow/example_dags/example_branch_datetime_operator.py
[2022-06-13 01:11:52,098] {logging_mixin.py:115} INFO - [2022-06-13 01:11:52,098] {dag.py:2379} INFO - Sync 1 DAGs
[2022-06-13 01:11:52,124] {logging_mixin.py:115} INFO - [2022-06-13 01:11:52,124] {dag.py:2931} INFO - Setting next_dagrun for example_branch_datetime_operator_2 to 2022-06-12T00:00:00+00:00, run_after=2022-06-13T00:00:00+00:00
[2022-06-13 01:11:52,140] {processor.py:161} INFO - Processing /home/airflow/.local/lib/python3.7/site-packages/airflow/example_dags/example_branch_datetime_operator.py took 0.079 seconds
[2022-06-13 01:12:22,821] {processor.py:153} INFO - Started process (PID=311) to work on /home/airflow/.local/lib/python3.7/site-packages/airflow/example_dags/example_branch_datetime_operator.py
[2022-06-13 01:12:22,821] {processor.py:641} INFO - Processing file /home/airflow/.local/lib/python3.7/site-packages/airflow/example_dags/example_branch_datetime_operator.py for tasks to queue
[2022-06-13 01:12:22,822] {logging_mixin.py:115} INFO - [2022-06-13 01:12:22,822] {dagbag.py:507} INFO - Filling up the DagBag from /home/airflow/.local/lib/python3.7/site-packages/airflow/example_dags/example_branch_datetime_operator.py
[2022-06-13 01:12:22,830] {processor.py:651} INFO - DAG(s) dict_keys(['example_branch_datetime_operator_2']) retrieved from /home/airflow/.local/lib/python3.7/site-packages/airflow/example_dags/example_branch_datetime_operator.py
[2022-06-13 01:12:22,854] {logging_mixin.py:115} INFO - [2022-06-13 01:12:22,854] {dag.py:2379} INFO - Sync 1 DAGs
[2022-06-13 01:12:22,880] {logging_mixin.py:115} INFO - [2022-06-13 01:12:22,879] {dag.py:2931} INFO - Setting next_dagrun for example_branch_datetime_operator_2 to 2022-06-12T00:00:00+00:00, run_after=2022-06-13T00:00:00+00:00
[2022-06-13 01:12:22,891] {processor.py:161} INFO - Processing /home/airflow/.local/lib/python3.7/site-packages/airflow/example_dags/example_branch_datetime_operator.py took 0.073 seconds
[2022-06-13 01:12:53,762] {processor.py:153} INFO - Started process (PID=372) to work on /home/airflow/.local/lib/python3.7/site-packages/airflow/example_dags/example_branch_datetime_operator.py
[2022-06-13 01:12:53,762] {processor.py:641} INFO - Processing file /home/airflow/.local/lib/python3.7/site-packages/airflow/example_dags/example_branch_datetime_operator.py for tasks to queue
[2022-06-13 01:12:53,764] {logging_mixin.py:115} INFO - [2022-06-13 01:12:53,764] {dagbag.py:507} INFO - Filling up the DagBag from /home/airflow/.local/lib/python3.7/site-packages/airflow/example_dags/example_branch_datetime_operator.py
[2022-06-13 01:12:53,776] {processor.py:651} INFO - DAG(s) dict_keys(['example_branch_datetime_operator_2']) retrieved from /home/airflow/.local/lib/python3.7/site-packages/airflow/example_dags/example_branch_datetime_operator.py
[2022-06-13 01:12:53,824] {logging_mixin.py:115} INFO - [2022-06-13 01:12:53,824] {dag.py:2379} INFO - Sync 1 DAGs
[2022-06-13 01:12:53,859] {logging_mixin.py:115} INFO - [2022-06-13 01:12:53,859] {dag.py:2931} INFO - Setting next_dagrun for example_branch_datetime_operator_2 to 2022-06-12T00:00:00+00:00, run_after=2022-06-13T00:00:00+00:00
[2022-06-13 01:12:53,873] {processor.py:161} INFO - Processing /home/airflow/.local/lib/python3.7/site-packages/airflow/example_dags/example_branch_datetime_operator.py took 0.115 seconds
[2022-06-13 01:13:24,489] {processor.py:153} INFO - Started process (PID=428) to work on /home/airflow/.local/lib/python3.7/site-packages/airflow/example_dags/example_branch_datetime_operator.py
[2022-06-13 01:13:24,490] {processor.py:641} INFO - Processing file /home/airflow/.local/lib/python3.7/site-packages/airflow/example_dags/example_branch_datetime_operator.py for tasks to queue
[2022-06-13 01:13:24,490] {logging_mixin.py:115} INFO - [2022-06-13 01:13:24,490] {dagbag.py:507} INFO - Filling up the DagBag from /home/airflow/.local/lib/python3.7/site-packages/airflow/example_dags/example_branch_datetime_operator.py
[2022-06-13 01:13:24,498] {processor.py:651} INFO - DAG(s) dict_keys(['example_branch_datetime_operator_2']) retrieved from /home/airflow/.local/lib/python3.7/site-packages/airflow/example_dags/example_branch_datetime_operator.py
[2022-06-13 01:13:24,524] {logging_mixin.py:115} INFO - [2022-06-13 01:13:24,524] {dag.py:2379} INFO - Sync 1 DAGs
[2022-06-13 01:13:24,551] {logging_mixin.py:115} INFO - [2022-06-13 01:13:24,551] {dag.py:2931} INFO - Setting next_dagrun for example_branch_datetime_operator_2 to 2022-06-12T00:00:00+00:00, run_after=2022-06-13T00:00:00+00:00
[2022-06-13 01:13:24,564] {processor.py:161} INFO - Processing /home/airflow/.local/lib/python3.7/site-packages/airflow/example_dags/example_branch_datetime_operator.py took 0.078 seconds
[2022-06-13 01:13:55,431] {processor.py:153} INFO - Started process (PID=493) to work on /home/airflow/.local/lib/python3.7/site-packages/airflow/example_dags/example_branch_datetime_operator.py
[2022-06-13 01:13:55,431] {processor.py:641} INFO - Processing file /home/airflow/.local/lib/python3.7/site-packages/airflow/example_dags/example_branch_datetime_operator.py for tasks to queue
[2022-06-13 01:13:55,432] {logging_mixin.py:115} INFO - [2022-06-13 01:13:55,432] {dagbag.py:507} INFO - Filling up the DagBag from /home/airflow/.local/lib/python3.7/site-packages/airflow/example_dags/example_branch_datetime_operator.py
[2022-06-13 01:13:55,440] {processor.py:651} INFO - DAG(s) dict_keys(['example_branch_datetime_operator_2']) retrieved from /home/airflow/.local/lib/python3.7/site-packages/airflow/example_dags/example_branch_datetime_operator.py
[2022-06-13 01:13:55,498] {logging_mixin.py:115} INFO - [2022-06-13 01:13:55,498] {dag.py:2379} INFO - Sync 1 DAGs
[2022-06-13 01:13:55,532] {logging_mixin.py:115} INFO - [2022-06-13 01:13:55,531] {dag.py:2931} INFO - Setting next_dagrun for example_branch_datetime_operator_2 to 2022-06-12T00:00:00+00:00, run_after=2022-06-13T00:00:00+00:00
[2022-06-13 01:13:55,544] {processor.py:161} INFO - Processing /home/airflow/.local/lib/python3.7/site-packages/airflow/example_dags/example_branch_datetime_operator.py took 0.117 seconds
[2022-06-13 01:14:25,754] {processor.py:153} INFO - Started process (PID=546) to work on /home/airflow/.local/lib/python3.7/site-packages/airflow/example_dags/example_branch_datetime_operator.py
[2022-06-13 01:14:25,755] {processor.py:641} INFO - Processing file /home/airflow/.local/lib/python3.7/site-packages/airflow/example_dags/example_branch_datetime_operator.py for tasks to queue
[2022-06-13 01:14:25,756] {logging_mixin.py:115} INFO - [2022-06-13 01:14:25,756] {dagbag.py:507} INFO - Filling up the DagBag from /home/airflow/.local/lib/python3.7/site-packages/airflow/example_dags/example_branch_datetime_operator.py
[2022-06-13 01:14:25,769] {processor.py:651} INFO - DAG(s) dict_keys(['example_branch_datetime_operator_2']) retrieved from /home/airflow/.local/lib/python3.7/site-packages/airflow/example_dags/example_branch_datetime_operator.py
[2022-06-13 01:14:25,801] {logging_mixin.py:115} INFO - [2022-06-13 01:14:25,801] {dag.py:2379} INFO - Sync 1 DAGs
[2022-06-13 01:14:25,831] {logging_mixin.py:115} INFO - [2022-06-13 01:14:25,831] {dag.py:2931} INFO - Setting next_dagrun for example_branch_datetime_operator_2 to 2022-06-12T00:00:00+00:00, run_after=2022-06-13T00:00:00+00:00
[2022-06-13 01:14:25,846] {processor.py:161} INFO - Processing /home/airflow/.local/lib/python3.7/site-packages/airflow/example_dags/example_branch_datetime_operator.py took 0.095 seconds
[2022-06-13 01:14:56,082] {processor.py:153} INFO - Started process (PID=609) to work on /home/airflow/.local/lib/python3.7/site-packages/airflow/example_dags/example_branch_datetime_operator.py
[2022-06-13 01:14:56,083] {processor.py:641} INFO - Processing file /home/airflow/.local/lib/python3.7/site-packages/airflow/example_dags/example_branch_datetime_operator.py for tasks to queue
[2022-06-13 01:14:56,083] {logging_mixin.py:115} INFO - [2022-06-13 01:14:56,083] {dagbag.py:507} INFO - Filling up the DagBag from /home/airflow/.local/lib/python3.7/site-packages/airflow/example_dags/example_branch_datetime_operator.py
[2022-06-13 01:14:56,095] {processor.py:651} INFO - DAG(s) dict_keys(['example_branch_datetime_operator_2']) retrieved from /home/airflow/.local/lib/python3.7/site-packages/airflow/example_dags/example_branch_datetime_operator.py
[2022-06-13 01:14:56,130] {logging_mixin.py:115} INFO - [2022-06-13 01:14:56,130] {dag.py:2379} INFO - Sync 1 DAGs
[2022-06-13 01:14:56,158] {logging_mixin.py:115} INFO - [2022-06-13 01:14:56,157] {dag.py:2931} INFO - Setting next_dagrun for example_branch_datetime_operator_2 to 2022-06-12T00:00:00+00:00, run_after=2022-06-13T00:00:00+00:00
[2022-06-13 01:14:56,169] {processor.py:161} INFO - Processing /home/airflow/.local/lib/python3.7/site-packages/airflow/example_dags/example_branch_datetime_operator.py took 0.093 seconds
[2022-06-13 01:15:27,890] {processor.py:153} INFO - Started process (PID=672) to work on /home/airflow/.local/lib/python3.7/site-packages/airflow/example_dags/example_branch_datetime_operator.py
[2022-06-13 01:15:27,891] {processor.py:641} INFO - Processing file /home/airflow/.local/lib/python3.7/site-packages/airflow/example_dags/example_branch_datetime_operator.py for tasks to queue
[2022-06-13 01:15:27,891] {logging_mixin.py:115} INFO - [2022-06-13 01:15:27,891] {dagbag.py:507} INFO - Filling up the DagBag from /home/airflow/.local/lib/python3.7/site-packages/airflow/example_dags/example_branch_datetime_operator.py
[2022-06-13 01:15:27,904] {processor.py:651} INFO - DAG(s) dict_keys(['example_branch_datetime_operator_2']) retrieved from /home/airflow/.local/lib/python3.7/site-packages/airflow/example_dags/example_branch_datetime_operator.py
[2022-06-13 01:15:27,947] {logging_mixin.py:115} INFO - [2022-06-13 01:15:27,947] {dag.py:2379} INFO - Sync 1 DAGs
[2022-06-13 01:15:27,977] {logging_mixin.py:115} INFO - [2022-06-13 01:15:27,977] {dag.py:2931} INFO - Setting next_dagrun for example_branch_datetime_operator_2 to 2022-06-12T00:00:00+00:00, run_after=2022-06-13T00:00:00+00:00
[2022-06-13 01:15:28,114] {processor.py:161} INFO - Processing /home/airflow/.local/lib/python3.7/site-packages/airflow/example_dags/example_branch_datetime_operator.py took 0.228 seconds
[2022-06-13 01:15:58,845] {processor.py:153} INFO - Started process (PID=725) to work on /home/airflow/.local/lib/python3.7/site-packages/airflow/example_dags/example_branch_datetime_operator.py
[2022-06-13 01:15:58,846] {processor.py:641} INFO - Processing file /home/airflow/.local/lib/python3.7/site-packages/airflow/example_dags/example_branch_datetime_operator.py for tasks to queue
[2022-06-13 01:15:58,846] {logging_mixin.py:115} INFO - [2022-06-13 01:15:58,846] {dagbag.py:507} INFO - Filling up the DagBag from /home/airflow/.local/lib/python3.7/site-packages/airflow/example_dags/example_branch_datetime_operator.py
[2022-06-13 01:15:58,854] {processor.py:651} INFO - DAG(s) dict_keys(['example_branch_datetime_operator_2']) retrieved from /home/airflow/.local/lib/python3.7/site-packages/airflow/example_dags/example_branch_datetime_operator.py
[2022-06-13 01:15:58,879] {logging_mixin.py:115} INFO - [2022-06-13 01:15:58,879] {dag.py:2379} INFO - Sync 1 DAGs
[2022-06-13 01:15:58,909] {logging_mixin.py:115} INFO - [2022-06-13 01:15:58,909] {dag.py:2931} INFO - Setting next_dagrun for example_branch_datetime_operator_2 to 2022-06-12T00:00:00+00:00, run_after=2022-06-13T00:00:00+00:00
[2022-06-13 01:15:59,045] {processor.py:161} INFO - Processing /home/airflow/.local/lib/python3.7/site-packages/airflow/example_dags/example_branch_datetime_operator.py took 0.203 seconds
[2022-06-13 01:16:29,794] {processor.py:153} INFO - Started process (PID=788) to work on /home/airflow/.local/lib/python3.7/site-packages/airflow/example_dags/example_branch_datetime_operator.py
[2022-06-13 01:16:29,795] {processor.py:641} INFO - Processing file /home/airflow/.local/lib/python3.7/site-packages/airflow/example_dags/example_branch_datetime_operator.py for tasks to queue
[2022-06-13 01:16:29,796] {logging_mixin.py:115} INFO - [2022-06-13 01:16:29,796] {dagbag.py:507} INFO - Filling up the DagBag from /home/airflow/.local/lib/python3.7/site-packages/airflow/example_dags/example_branch_datetime_operator.py
[2022-06-13 01:16:29,803] {processor.py:651} INFO - DAG(s) dict_keys(['example_branch_datetime_operator_2']) retrieved from /home/airflow/.local/lib/python3.7/site-packages/airflow/example_dags/example_branch_datetime_operator.py
[2022-06-13 01:16:29,830] {logging_mixin.py:115} INFO - [2022-06-13 01:16:29,830] {dag.py:2379} INFO - Sync 1 DAGs
[2022-06-13 01:16:29,856] {logging_mixin.py:115} INFO - [2022-06-13 01:16:29,856] {dag.py:2931} INFO - Setting next_dagrun for example_branch_datetime_operator_2 to 2022-06-12T00:00:00+00:00, run_after=2022-06-13T00:00:00+00:00
[2022-06-13 01:16:29,985] {processor.py:161} INFO - Processing /home/airflow/.local/lib/python3.7/site-packages/airflow/example_dags/example_branch_datetime_operator.py took 0.194 seconds
[2022-06-13 01:17:01,267] {processor.py:153} INFO - Started process (PID=852) to work on /home/airflow/.local/lib/python3.7/site-packages/airflow/example_dags/example_branch_datetime_operator.py
[2022-06-13 01:17:01,267] {processor.py:641} INFO - Processing file /home/airflow/.local/lib/python3.7/site-packages/airflow/example_dags/example_branch_datetime_operator.py for tasks to queue
[2022-06-13 01:17:01,268] {logging_mixin.py:115} INFO - [2022-06-13 01:17:01,268] {dagbag.py:507} INFO - Filling up the DagBag from /home/airflow/.local/lib/python3.7/site-packages/airflow/example_dags/example_branch_datetime_operator.py
[2022-06-13 01:17:01,287] {processor.py:651} INFO - DAG(s) dict_keys(['example_branch_datetime_operator_2']) retrieved from /home/airflow/.local/lib/python3.7/site-packages/airflow/example_dags/example_branch_datetime_operator.py
[2022-06-13 01:17:01,328] {logging_mixin.py:115} INFO - [2022-06-13 01:17:01,328] {dag.py:2379} INFO - Sync 1 DAGs
[2022-06-13 01:17:01,360] {logging_mixin.py:115} INFO - [2022-06-13 01:17:01,360] {dag.py:2931} INFO - Setting next_dagrun for example_branch_datetime_operator_2 to 2022-06-12T00:00:00+00:00, run_after=2022-06-13T00:00:00+00:00
[2022-06-13 01:17:01,488] {processor.py:161} INFO - Processing /home/airflow/.local/lib/python3.7/site-packages/airflow/example_dags/example_branch_datetime_operator.py took 0.225 seconds
