[2022-06-13 01:10:16,121] {processor.py:153} INFO - Started process (PID=51) to work on /home/airflow/.local/lib/python3.7/site-packages/airflow/example_dags/example_branch_operator_decorator.py
[2022-06-13 01:10:16,122] {processor.py:641} INFO - Processing file /home/airflow/.local/lib/python3.7/site-packages/airflow/example_dags/example_branch_operator_decorator.py for tasks to queue
[2022-06-13 01:10:16,122] {logging_mixin.py:115} INFO - [2022-06-13 01:10:16,122] {dagbag.py:507} INFO - Filling up the DagBag from /home/airflow/.local/lib/python3.7/site-packages/airflow/example_dags/example_branch_operator_decorator.py
[2022-06-13 01:10:16,152] {processor.py:651} INFO - DAG(s) dict_keys(['example_branch_python_operator_decorator']) retrieved from /home/airflow/.local/lib/python3.7/site-packages/airflow/example_dags/example_branch_operator_decorator.py
[2022-06-13 01:10:16,400] {logging_mixin.py:115} INFO - [2022-06-13 01:10:16,400] {manager.py:508} INFO - Created Permission View: can edit on DAG:example_branch_python_operator_decorator
[2022-06-13 01:10:16,410] {logging_mixin.py:115} INFO - [2022-06-13 01:10:16,410] {manager.py:508} INFO - Created Permission View: can delete on DAG:example_branch_python_operator_decorator
[2022-06-13 01:10:16,419] {logging_mixin.py:115} INFO - [2022-06-13 01:10:16,418] {manager.py:508} INFO - Created Permission View: can read on DAG:example_branch_python_operator_decorator
[2022-06-13 01:10:16,419] {logging_mixin.py:115} INFO - [2022-06-13 01:10:16,419] {dag.py:2379} INFO - Sync 1 DAGs
[2022-06-13 01:10:16,427] {logging_mixin.py:115} INFO - [2022-06-13 01:10:16,427] {dag.py:2398} INFO - Creating ORM DAG for example_branch_python_operator_decorator
[2022-06-13 01:10:16,440] {logging_mixin.py:115} INFO - [2022-06-13 01:10:16,440] {dag.py:2931} INFO - Setting next_dagrun for example_branch_python_operator_decorator to 2022-06-12T00:00:00+00:00, run_after=2022-06-13T00:00:00+00:00
[2022-06-13 01:10:16,475] {processor.py:161} INFO - Processing /home/airflow/.local/lib/python3.7/site-packages/airflow/example_dags/example_branch_operator_decorator.py took 0.357 seconds
[2022-06-13 01:10:46,736] {processor.py:153} INFO - Started process (PID=105) to work on /home/airflow/.local/lib/python3.7/site-packages/airflow/example_dags/example_branch_operator_decorator.py
[2022-06-13 01:10:46,737] {processor.py:641} INFO - Processing file /home/airflow/.local/lib/python3.7/site-packages/airflow/example_dags/example_branch_operator_decorator.py for tasks to queue
[2022-06-13 01:10:46,737] {logging_mixin.py:115} INFO - [2022-06-13 01:10:46,737] {dagbag.py:507} INFO - Filling up the DagBag from /home/airflow/.local/lib/python3.7/site-packages/airflow/example_dags/example_branch_operator_decorator.py
[2022-06-13 01:10:46,755] {processor.py:651} INFO - DAG(s) dict_keys(['example_branch_python_operator_decorator']) retrieved from /home/airflow/.local/lib/python3.7/site-packages/airflow/example_dags/example_branch_operator_decorator.py
[2022-06-13 01:10:46,780] {logging_mixin.py:115} INFO - [2022-06-13 01:10:46,779] {dag.py:2379} INFO - Sync 1 DAGs
[2022-06-13 01:10:46,919] {logging_mixin.py:115} INFO - [2022-06-13 01:10:46,919] {dag.py:2931} INFO - Setting next_dagrun for example_branch_python_operator_decorator to 2022-06-12T00:00:00+00:00, run_after=2022-06-13T00:00:00+00:00
[2022-06-13 01:10:46,935] {processor.py:161} INFO - Processing /home/airflow/.local/lib/python3.7/site-packages/airflow/example_dags/example_branch_operator_decorator.py took 0.202 seconds
[2022-06-13 01:11:17,804] {processor.py:153} INFO - Started process (PID=168) to work on /home/airflow/.local/lib/python3.7/site-packages/airflow/example_dags/example_branch_operator_decorator.py
[2022-06-13 01:11:17,805] {processor.py:641} INFO - Processing file /home/airflow/.local/lib/python3.7/site-packages/airflow/example_dags/example_branch_operator_decorator.py for tasks to queue
[2022-06-13 01:11:17,805] {logging_mixin.py:115} INFO - [2022-06-13 01:11:17,805] {dagbag.py:507} INFO - Filling up the DagBag from /home/airflow/.local/lib/python3.7/site-packages/airflow/example_dags/example_branch_operator_decorator.py
[2022-06-13 01:11:17,830] {processor.py:651} INFO - DAG(s) dict_keys(['example_branch_python_operator_decorator']) retrieved from /home/airflow/.local/lib/python3.7/site-packages/airflow/example_dags/example_branch_operator_decorator.py
[2022-06-13 01:11:17,877] {logging_mixin.py:115} INFO - [2022-06-13 01:11:17,877] {dag.py:2379} INFO - Sync 1 DAGs
[2022-06-13 01:11:18,066] {logging_mixin.py:115} INFO - [2022-06-13 01:11:18,066] {dag.py:2931} INFO - Setting next_dagrun for example_branch_python_operator_decorator to 2022-06-12T00:00:00+00:00, run_after=2022-06-13T00:00:00+00:00
[2022-06-13 01:11:18,082] {processor.py:161} INFO - Processing /home/airflow/.local/lib/python3.7/site-packages/airflow/example_dags/example_branch_operator_decorator.py took 0.283 seconds
[2022-06-13 01:11:48,665] {processor.py:153} INFO - Started process (PID=231) to work on /home/airflow/.local/lib/python3.7/site-packages/airflow/example_dags/example_branch_operator_decorator.py
[2022-06-13 01:11:48,666] {processor.py:641} INFO - Processing file /home/airflow/.local/lib/python3.7/site-packages/airflow/example_dags/example_branch_operator_decorator.py for tasks to queue
[2022-06-13 01:11:48,667] {logging_mixin.py:115} INFO - [2022-06-13 01:11:48,667] {dagbag.py:507} INFO - Filling up the DagBag from /home/airflow/.local/lib/python3.7/site-packages/airflow/example_dags/example_branch_operator_decorator.py
[2022-06-13 01:11:48,689] {processor.py:651} INFO - DAG(s) dict_keys(['example_branch_python_operator_decorator']) retrieved from /home/airflow/.local/lib/python3.7/site-packages/airflow/example_dags/example_branch_operator_decorator.py
[2022-06-13 01:11:48,719] {logging_mixin.py:115} INFO - [2022-06-13 01:11:48,719] {dag.py:2379} INFO - Sync 1 DAGs
[2022-06-13 01:11:48,864] {logging_mixin.py:115} INFO - [2022-06-13 01:11:48,864] {dag.py:2931} INFO - Setting next_dagrun for example_branch_python_operator_decorator to 2022-06-12T00:00:00+00:00, run_after=2022-06-13T00:00:00+00:00
[2022-06-13 01:11:48,878] {processor.py:161} INFO - Processing /home/airflow/.local/lib/python3.7/site-packages/airflow/example_dags/example_branch_operator_decorator.py took 0.217 seconds
[2022-06-13 01:12:19,558] {processor.py:153} INFO - Started process (PID=286) to work on /home/airflow/.local/lib/python3.7/site-packages/airflow/example_dags/example_branch_operator_decorator.py
[2022-06-13 01:12:19,559] {processor.py:641} INFO - Processing file /home/airflow/.local/lib/python3.7/site-packages/airflow/example_dags/example_branch_operator_decorator.py for tasks to queue
[2022-06-13 01:12:19,559] {logging_mixin.py:115} INFO - [2022-06-13 01:12:19,559] {dagbag.py:507} INFO - Filling up the DagBag from /home/airflow/.local/lib/python3.7/site-packages/airflow/example_dags/example_branch_operator_decorator.py
[2022-06-13 01:12:19,578] {processor.py:651} INFO - DAG(s) dict_keys(['example_branch_python_operator_decorator']) retrieved from /home/airflow/.local/lib/python3.7/site-packages/airflow/example_dags/example_branch_operator_decorator.py
[2022-06-13 01:12:19,613] {logging_mixin.py:115} INFO - [2022-06-13 01:12:19,613] {dag.py:2379} INFO - Sync 1 DAGs
[2022-06-13 01:12:19,750] {logging_mixin.py:115} INFO - [2022-06-13 01:12:19,750] {dag.py:2931} INFO - Setting next_dagrun for example_branch_python_operator_decorator to 2022-06-12T00:00:00+00:00, run_after=2022-06-13T00:00:00+00:00
[2022-06-13 01:12:19,767] {processor.py:161} INFO - Processing /home/airflow/.local/lib/python3.7/site-packages/airflow/example_dags/example_branch_operator_decorator.py took 0.215 seconds
[2022-06-13 01:12:50,307] {processor.py:153} INFO - Started process (PID=347) to work on /home/airflow/.local/lib/python3.7/site-packages/airflow/example_dags/example_branch_operator_decorator.py
[2022-06-13 01:12:50,308] {processor.py:641} INFO - Processing file /home/airflow/.local/lib/python3.7/site-packages/airflow/example_dags/example_branch_operator_decorator.py for tasks to queue
[2022-06-13 01:12:50,308] {logging_mixin.py:115} INFO - [2022-06-13 01:12:50,308] {dagbag.py:507} INFO - Filling up the DagBag from /home/airflow/.local/lib/python3.7/site-packages/airflow/example_dags/example_branch_operator_decorator.py
[2022-06-13 01:12:50,327] {processor.py:651} INFO - DAG(s) dict_keys(['example_branch_python_operator_decorator']) retrieved from /home/airflow/.local/lib/python3.7/site-packages/airflow/example_dags/example_branch_operator_decorator.py
[2022-06-13 01:12:50,352] {logging_mixin.py:115} INFO - [2022-06-13 01:12:50,352] {dag.py:2379} INFO - Sync 1 DAGs
[2022-06-13 01:12:50,482] {logging_mixin.py:115} INFO - [2022-06-13 01:12:50,482] {dag.py:2931} INFO - Setting next_dagrun for example_branch_python_operator_decorator to 2022-06-12T00:00:00+00:00, run_after=2022-06-13T00:00:00+00:00
[2022-06-13 01:12:50,492] {processor.py:161} INFO - Processing /home/airflow/.local/lib/python3.7/site-packages/airflow/example_dags/example_branch_operator_decorator.py took 0.188 seconds
[2022-06-13 01:13:21,189] {processor.py:153} INFO - Started process (PID=411) to work on /home/airflow/.local/lib/python3.7/site-packages/airflow/example_dags/example_branch_operator_decorator.py
[2022-06-13 01:13:21,190] {processor.py:641} INFO - Processing file /home/airflow/.local/lib/python3.7/site-packages/airflow/example_dags/example_branch_operator_decorator.py for tasks to queue
[2022-06-13 01:13:21,191] {logging_mixin.py:115} INFO - [2022-06-13 01:13:21,191] {dagbag.py:507} INFO - Filling up the DagBag from /home/airflow/.local/lib/python3.7/site-packages/airflow/example_dags/example_branch_operator_decorator.py
[2022-06-13 01:13:21,208] {processor.py:651} INFO - DAG(s) dict_keys(['example_branch_python_operator_decorator']) retrieved from /home/airflow/.local/lib/python3.7/site-packages/airflow/example_dags/example_branch_operator_decorator.py
[2022-06-13 01:13:21,234] {logging_mixin.py:115} INFO - [2022-06-13 01:13:21,234] {dag.py:2379} INFO - Sync 1 DAGs
[2022-06-13 01:13:21,364] {logging_mixin.py:115} INFO - [2022-06-13 01:13:21,364] {dag.py:2931} INFO - Setting next_dagrun for example_branch_python_operator_decorator to 2022-06-12T00:00:00+00:00, run_after=2022-06-13T00:00:00+00:00
[2022-06-13 01:13:21,375] {processor.py:161} INFO - Processing /home/airflow/.local/lib/python3.7/site-packages/airflow/example_dags/example_branch_operator_decorator.py took 0.190 seconds
[2022-06-13 01:13:51,941] {processor.py:153} INFO - Started process (PID=476) to work on /home/airflow/.local/lib/python3.7/site-packages/airflow/example_dags/example_branch_operator_decorator.py
[2022-06-13 01:13:51,942] {processor.py:641} INFO - Processing file /home/airflow/.local/lib/python3.7/site-packages/airflow/example_dags/example_branch_operator_decorator.py for tasks to queue
[2022-06-13 01:13:51,943] {logging_mixin.py:115} INFO - [2022-06-13 01:13:51,943] {dagbag.py:507} INFO - Filling up the DagBag from /home/airflow/.local/lib/python3.7/site-packages/airflow/example_dags/example_branch_operator_decorator.py
[2022-06-13 01:13:51,960] {processor.py:651} INFO - DAG(s) dict_keys(['example_branch_python_operator_decorator']) retrieved from /home/airflow/.local/lib/python3.7/site-packages/airflow/example_dags/example_branch_operator_decorator.py
[2022-06-13 01:13:51,985] {logging_mixin.py:115} INFO - [2022-06-13 01:13:51,985] {dag.py:2379} INFO - Sync 1 DAGs
[2022-06-13 01:13:52,128] {logging_mixin.py:115} INFO - [2022-06-13 01:13:52,128] {dag.py:2931} INFO - Setting next_dagrun for example_branch_python_operator_decorator to 2022-06-12T00:00:00+00:00, run_after=2022-06-13T00:00:00+00:00
[2022-06-13 01:13:52,142] {processor.py:161} INFO - Processing /home/airflow/.local/lib/python3.7/site-packages/airflow/example_dags/example_branch_operator_decorator.py took 0.204 seconds
[2022-06-13 01:14:23,141] {processor.py:153} INFO - Started process (PID=529) to work on /home/airflow/.local/lib/python3.7/site-packages/airflow/example_dags/example_branch_operator_decorator.py
[2022-06-13 01:14:23,142] {processor.py:641} INFO - Processing file /home/airflow/.local/lib/python3.7/site-packages/airflow/example_dags/example_branch_operator_decorator.py for tasks to queue
[2022-06-13 01:14:23,143] {logging_mixin.py:115} INFO - [2022-06-13 01:14:23,143] {dagbag.py:507} INFO - Filling up the DagBag from /home/airflow/.local/lib/python3.7/site-packages/airflow/example_dags/example_branch_operator_decorator.py
[2022-06-13 01:14:23,192] {processor.py:651} INFO - DAG(s) dict_keys(['example_branch_python_operator_decorator']) retrieved from /home/airflow/.local/lib/python3.7/site-packages/airflow/example_dags/example_branch_operator_decorator.py
[2022-06-13 01:14:23,241] {logging_mixin.py:115} INFO - [2022-06-13 01:14:23,241] {dag.py:2379} INFO - Sync 1 DAGs
[2022-06-13 01:14:23,426] {logging_mixin.py:115} INFO - [2022-06-13 01:14:23,425] {dag.py:2931} INFO - Setting next_dagrun for example_branch_python_operator_decorator to 2022-06-12T00:00:00+00:00, run_after=2022-06-13T00:00:00+00:00
[2022-06-13 01:14:23,437] {processor.py:161} INFO - Processing /home/airflow/.local/lib/python3.7/site-packages/airflow/example_dags/example_branch_operator_decorator.py took 0.299 seconds
[2022-06-13 01:14:54,412] {processor.py:153} INFO - Started process (PID=592) to work on /home/airflow/.local/lib/python3.7/site-packages/airflow/example_dags/example_branch_operator_decorator.py
[2022-06-13 01:14:54,412] {processor.py:641} INFO - Processing file /home/airflow/.local/lib/python3.7/site-packages/airflow/example_dags/example_branch_operator_decorator.py for tasks to queue
[2022-06-13 01:14:54,413] {logging_mixin.py:115} INFO - [2022-06-13 01:14:54,413] {dagbag.py:507} INFO - Filling up the DagBag from /home/airflow/.local/lib/python3.7/site-packages/airflow/example_dags/example_branch_operator_decorator.py
[2022-06-13 01:14:54,437] {processor.py:651} INFO - DAG(s) dict_keys(['example_branch_python_operator_decorator']) retrieved from /home/airflow/.local/lib/python3.7/site-packages/airflow/example_dags/example_branch_operator_decorator.py
[2022-06-13 01:14:54,470] {logging_mixin.py:115} INFO - [2022-06-13 01:14:54,470] {dag.py:2379} INFO - Sync 1 DAGs
[2022-06-13 01:14:54,603] {logging_mixin.py:115} INFO - [2022-06-13 01:14:54,603] {dag.py:2931} INFO - Setting next_dagrun for example_branch_python_operator_decorator to 2022-06-12T00:00:00+00:00, run_after=2022-06-13T00:00:00+00:00
[2022-06-13 01:14:54,676] {processor.py:161} INFO - Processing /home/airflow/.local/lib/python3.7/site-packages/airflow/example_dags/example_branch_operator_decorator.py took 0.267 seconds
[2022-06-13 01:15:24,914] {processor.py:153} INFO - Started process (PID=655) to work on /home/airflow/.local/lib/python3.7/site-packages/airflow/example_dags/example_branch_operator_decorator.py
[2022-06-13 01:15:24,925] {processor.py:641} INFO - Processing file /home/airflow/.local/lib/python3.7/site-packages/airflow/example_dags/example_branch_operator_decorator.py for tasks to queue
[2022-06-13 01:15:24,926] {logging_mixin.py:115} INFO - [2022-06-13 01:15:24,925] {dagbag.py:507} INFO - Filling up the DagBag from /home/airflow/.local/lib/python3.7/site-packages/airflow/example_dags/example_branch_operator_decorator.py
[2022-06-13 01:15:24,965] {processor.py:651} INFO - DAG(s) dict_keys(['example_branch_python_operator_decorator']) retrieved from /home/airflow/.local/lib/python3.7/site-packages/airflow/example_dags/example_branch_operator_decorator.py
[2022-06-13 01:15:25,016] {logging_mixin.py:115} INFO - [2022-06-13 01:15:25,016] {dag.py:2379} INFO - Sync 1 DAGs
[2022-06-13 01:15:25,173] {logging_mixin.py:115} INFO - [2022-06-13 01:15:25,172] {dag.py:2931} INFO - Setting next_dagrun for example_branch_python_operator_decorator to 2022-06-12T00:00:00+00:00, run_after=2022-06-13T00:00:00+00:00
[2022-06-13 01:15:25,190] {processor.py:161} INFO - Processing /home/airflow/.local/lib/python3.7/site-packages/airflow/example_dags/example_branch_operator_decorator.py took 0.283 seconds
[2022-06-13 01:15:55,829] {processor.py:153} INFO - Started process (PID=708) to work on /home/airflow/.local/lib/python3.7/site-packages/airflow/example_dags/example_branch_operator_decorator.py
[2022-06-13 01:15:55,829] {processor.py:641} INFO - Processing file /home/airflow/.local/lib/python3.7/site-packages/airflow/example_dags/example_branch_operator_decorator.py for tasks to queue
[2022-06-13 01:15:55,830] {logging_mixin.py:115} INFO - [2022-06-13 01:15:55,830] {dagbag.py:507} INFO - Filling up the DagBag from /home/airflow/.local/lib/python3.7/site-packages/airflow/example_dags/example_branch_operator_decorator.py
[2022-06-13 01:15:55,848] {processor.py:651} INFO - DAG(s) dict_keys(['example_branch_python_operator_decorator']) retrieved from /home/airflow/.local/lib/python3.7/site-packages/airflow/example_dags/example_branch_operator_decorator.py
[2022-06-13 01:15:55,873] {logging_mixin.py:115} INFO - [2022-06-13 01:15:55,873] {dag.py:2379} INFO - Sync 1 DAGs
[2022-06-13 01:15:56,006] {logging_mixin.py:115} INFO - [2022-06-13 01:15:56,006] {dag.py:2931} INFO - Setting next_dagrun for example_branch_python_operator_decorator to 2022-06-12T00:00:00+00:00, run_after=2022-06-13T00:00:00+00:00
[2022-06-13 01:15:56,019] {processor.py:161} INFO - Processing /home/airflow/.local/lib/python3.7/site-packages/airflow/example_dags/example_branch_operator_decorator.py took 0.194 seconds
