[2022-06-13 01:10:17,720] {processor.py:153} INFO - Started process (PID=59) to work on /home/airflow/.local/lib/python3.7/site-packages/airflow/example_dags/example_branch_day_of_week_operator.py
[2022-06-13 01:10:17,720] {processor.py:641} INFO - Processing file /home/airflow/.local/lib/python3.7/site-packages/airflow/example_dags/example_branch_day_of_week_operator.py for tasks to queue
[2022-06-13 01:10:17,722] {logging_mixin.py:115} INFO - [2022-06-13 01:10:17,721] {dagbag.py:507} INFO - Filling up the DagBag from /home/airflow/.local/lib/python3.7/site-packages/airflow/example_dags/example_branch_day_of_week_operator.py
[2022-06-13 01:10:17,731] {processor.py:651} INFO - DAG(s) dict_keys(['example_weekday_branch_operator']) retrieved from /home/airflow/.local/lib/python3.7/site-packages/airflow/example_dags/example_branch_day_of_week_operator.py
[2022-06-13 01:10:17,995] {logging_mixin.py:115} INFO - [2022-06-13 01:10:17,995] {manager.py:508} INFO - Created Permission View: can edit on DAG:example_weekday_branch_operator
[2022-06-13 01:10:18,009] {logging_mixin.py:115} INFO - [2022-06-13 01:10:18,009] {manager.py:508} INFO - Created Permission View: can delete on DAG:example_weekday_branch_operator
[2022-06-13 01:10:18,018] {logging_mixin.py:115} INFO - [2022-06-13 01:10:18,018] {manager.py:508} INFO - Created Permission View: can read on DAG:example_weekday_branch_operator
[2022-06-13 01:10:18,018] {logging_mixin.py:115} INFO - [2022-06-13 01:10:18,018] {dag.py:2379} INFO - Sync 1 DAGs
[2022-06-13 01:10:18,028] {logging_mixin.py:115} INFO - [2022-06-13 01:10:18,027] {dag.py:2398} INFO - Creating ORM DAG for example_weekday_branch_operator
[2022-06-13 01:10:18,042] {logging_mixin.py:115} INFO - [2022-06-13 01:10:18,042] {dag.py:2931} INFO - Setting next_dagrun for example_weekday_branch_operator to 2022-06-12T00:00:00+00:00, run_after=2022-06-13T00:00:00+00:00
[2022-06-13 01:10:18,059] {processor.py:161} INFO - Processing /home/airflow/.local/lib/python3.7/site-packages/airflow/example_dags/example_branch_day_of_week_operator.py took 0.342 seconds
[2022-06-13 01:10:48,656] {processor.py:153} INFO - Started process (PID=122) to work on /home/airflow/.local/lib/python3.7/site-packages/airflow/example_dags/example_branch_day_of_week_operator.py
[2022-06-13 01:10:48,657] {processor.py:641} INFO - Processing file /home/airflow/.local/lib/python3.7/site-packages/airflow/example_dags/example_branch_day_of_week_operator.py for tasks to queue
[2022-06-13 01:10:48,658] {logging_mixin.py:115} INFO - [2022-06-13 01:10:48,658] {dagbag.py:507} INFO - Filling up the DagBag from /home/airflow/.local/lib/python3.7/site-packages/airflow/example_dags/example_branch_day_of_week_operator.py
[2022-06-13 01:10:48,679] {processor.py:651} INFO - DAG(s) dict_keys(['example_weekday_branch_operator']) retrieved from /home/airflow/.local/lib/python3.7/site-packages/airflow/example_dags/example_branch_day_of_week_operator.py
[2022-06-13 01:10:48,723] {logging_mixin.py:115} INFO - [2022-06-13 01:10:48,723] {dag.py:2379} INFO - Sync 1 DAGs
[2022-06-13 01:10:48,769] {logging_mixin.py:115} INFO - [2022-06-13 01:10:48,769] {dag.py:2931} INFO - Setting next_dagrun for example_weekday_branch_operator to 2022-06-12T00:00:00+00:00, run_after=2022-06-13T00:00:00+00:00
[2022-06-13 01:10:48,782] {processor.py:161} INFO - Processing /home/airflow/.local/lib/python3.7/site-packages/airflow/example_dags/example_branch_day_of_week_operator.py took 0.137 seconds
[2022-06-13 01:11:19,527] {processor.py:153} INFO - Started process (PID=176) to work on /home/airflow/.local/lib/python3.7/site-packages/airflow/example_dags/example_branch_day_of_week_operator.py
[2022-06-13 01:11:19,528] {processor.py:641} INFO - Processing file /home/airflow/.local/lib/python3.7/site-packages/airflow/example_dags/example_branch_day_of_week_operator.py for tasks to queue
[2022-06-13 01:11:19,528] {logging_mixin.py:115} INFO - [2022-06-13 01:11:19,528] {dagbag.py:507} INFO - Filling up the DagBag from /home/airflow/.local/lib/python3.7/site-packages/airflow/example_dags/example_branch_day_of_week_operator.py
[2022-06-13 01:11:19,538] {processor.py:651} INFO - DAG(s) dict_keys(['example_weekday_branch_operator']) retrieved from /home/airflow/.local/lib/python3.7/site-packages/airflow/example_dags/example_branch_day_of_week_operator.py
[2022-06-13 01:11:19,564] {logging_mixin.py:115} INFO - [2022-06-13 01:11:19,564] {dag.py:2379} INFO - Sync 1 DAGs
[2022-06-13 01:11:19,592] {logging_mixin.py:115} INFO - [2022-06-13 01:11:19,592] {dag.py:2931} INFO - Setting next_dagrun for example_weekday_branch_operator to 2022-06-12T00:00:00+00:00, run_after=2022-06-13T00:00:00+00:00
[2022-06-13 01:11:19,603] {processor.py:161} INFO - Processing /home/airflow/.local/lib/python3.7/site-packages/airflow/example_dags/example_branch_day_of_week_operator.py took 0.080 seconds
[2022-06-13 01:11:50,301] {processor.py:153} INFO - Started process (PID=239) to work on /home/airflow/.local/lib/python3.7/site-packages/airflow/example_dags/example_branch_day_of_week_operator.py
[2022-06-13 01:11:50,304] {processor.py:641} INFO - Processing file /home/airflow/.local/lib/python3.7/site-packages/airflow/example_dags/example_branch_day_of_week_operator.py for tasks to queue
[2022-06-13 01:11:50,306] {logging_mixin.py:115} INFO - [2022-06-13 01:11:50,305] {dagbag.py:507} INFO - Filling up the DagBag from /home/airflow/.local/lib/python3.7/site-packages/airflow/example_dags/example_branch_day_of_week_operator.py
[2022-06-13 01:11:50,314] {processor.py:651} INFO - DAG(s) dict_keys(['example_weekday_branch_operator']) retrieved from /home/airflow/.local/lib/python3.7/site-packages/airflow/example_dags/example_branch_day_of_week_operator.py
[2022-06-13 01:11:50,354] {logging_mixin.py:115} INFO - [2022-06-13 01:11:50,354] {dag.py:2379} INFO - Sync 1 DAGs
[2022-06-13 01:11:50,402] {logging_mixin.py:115} INFO - [2022-06-13 01:11:50,401] {dag.py:2931} INFO - Setting next_dagrun for example_weekday_branch_operator to 2022-06-12T00:00:00+00:00, run_after=2022-06-13T00:00:00+00:00
[2022-06-13 01:11:50,416] {processor.py:161} INFO - Processing /home/airflow/.local/lib/python3.7/site-packages/airflow/example_dags/example_branch_day_of_week_operator.py took 0.120 seconds
[2022-06-13 01:12:21,156] {processor.py:153} INFO - Started process (PID=302) to work on /home/airflow/.local/lib/python3.7/site-packages/airflow/example_dags/example_branch_day_of_week_operator.py
[2022-06-13 01:12:21,157] {processor.py:641} INFO - Processing file /home/airflow/.local/lib/python3.7/site-packages/airflow/example_dags/example_branch_day_of_week_operator.py for tasks to queue
[2022-06-13 01:12:21,157] {logging_mixin.py:115} INFO - [2022-06-13 01:12:21,157] {dagbag.py:507} INFO - Filling up the DagBag from /home/airflow/.local/lib/python3.7/site-packages/airflow/example_dags/example_branch_day_of_week_operator.py
[2022-06-13 01:12:21,165] {processor.py:651} INFO - DAG(s) dict_keys(['example_weekday_branch_operator']) retrieved from /home/airflow/.local/lib/python3.7/site-packages/airflow/example_dags/example_branch_day_of_week_operator.py
[2022-06-13 01:12:21,188] {logging_mixin.py:115} INFO - [2022-06-13 01:12:21,187] {dag.py:2379} INFO - Sync 1 DAGs
[2022-06-13 01:12:21,213] {logging_mixin.py:115} INFO - [2022-06-13 01:12:21,212] {dag.py:2931} INFO - Setting next_dagrun for example_weekday_branch_operator to 2022-06-12T00:00:00+00:00, run_after=2022-06-13T00:00:00+00:00
[2022-06-13 01:12:21,227] {processor.py:161} INFO - Processing /home/airflow/.local/lib/python3.7/site-packages/airflow/example_dags/example_branch_day_of_week_operator.py took 0.075 seconds
[2022-06-13 01:12:52,034] {processor.py:153} INFO - Started process (PID=355) to work on /home/airflow/.local/lib/python3.7/site-packages/airflow/example_dags/example_branch_day_of_week_operator.py
[2022-06-13 01:12:52,035] {processor.py:641} INFO - Processing file /home/airflow/.local/lib/python3.7/site-packages/airflow/example_dags/example_branch_day_of_week_operator.py for tasks to queue
[2022-06-13 01:12:52,035] {logging_mixin.py:115} INFO - [2022-06-13 01:12:52,035] {dagbag.py:507} INFO - Filling up the DagBag from /home/airflow/.local/lib/python3.7/site-packages/airflow/example_dags/example_branch_day_of_week_operator.py
[2022-06-13 01:12:52,042] {processor.py:651} INFO - DAG(s) dict_keys(['example_weekday_branch_operator']) retrieved from /home/airflow/.local/lib/python3.7/site-packages/airflow/example_dags/example_branch_day_of_week_operator.py
[2022-06-13 01:12:52,065] {logging_mixin.py:115} INFO - [2022-06-13 01:12:52,065] {dag.py:2379} INFO - Sync 1 DAGs
[2022-06-13 01:12:52,090] {logging_mixin.py:115} INFO - [2022-06-13 01:12:52,090] {dag.py:2931} INFO - Setting next_dagrun for example_weekday_branch_operator to 2022-06-12T00:00:00+00:00, run_after=2022-06-13T00:00:00+00:00
[2022-06-13 01:12:52,103] {processor.py:161} INFO - Processing /home/airflow/.local/lib/python3.7/site-packages/airflow/example_dags/example_branch_day_of_week_operator.py took 0.072 seconds
[2022-06-13 01:13:22,829] {processor.py:153} INFO - Started process (PID=419) to work on /home/airflow/.local/lib/python3.7/site-packages/airflow/example_dags/example_branch_day_of_week_operator.py
[2022-06-13 01:13:22,830] {processor.py:641} INFO - Processing file /home/airflow/.local/lib/python3.7/site-packages/airflow/example_dags/example_branch_day_of_week_operator.py for tasks to queue
[2022-06-13 01:13:22,830] {logging_mixin.py:115} INFO - [2022-06-13 01:13:22,830] {dagbag.py:507} INFO - Filling up the DagBag from /home/airflow/.local/lib/python3.7/site-packages/airflow/example_dags/example_branch_day_of_week_operator.py
[2022-06-13 01:13:22,837] {processor.py:651} INFO - DAG(s) dict_keys(['example_weekday_branch_operator']) retrieved from /home/airflow/.local/lib/python3.7/site-packages/airflow/example_dags/example_branch_day_of_week_operator.py
[2022-06-13 01:13:22,860] {logging_mixin.py:115} INFO - [2022-06-13 01:13:22,860] {dag.py:2379} INFO - Sync 1 DAGs
[2022-06-13 01:13:22,885] {logging_mixin.py:115} INFO - [2022-06-13 01:13:22,885] {dag.py:2931} INFO - Setting next_dagrun for example_weekday_branch_operator to 2022-06-12T00:00:00+00:00, run_after=2022-06-13T00:00:00+00:00
[2022-06-13 01:13:22,896] {processor.py:161} INFO - Processing /home/airflow/.local/lib/python3.7/site-packages/airflow/example_dags/example_branch_day_of_week_operator.py took 0.071 seconds
[2022-06-13 01:13:53,626] {processor.py:153} INFO - Started process (PID=484) to work on /home/airflow/.local/lib/python3.7/site-packages/airflow/example_dags/example_branch_day_of_week_operator.py
[2022-06-13 01:13:53,627] {processor.py:641} INFO - Processing file /home/airflow/.local/lib/python3.7/site-packages/airflow/example_dags/example_branch_day_of_week_operator.py for tasks to queue
[2022-06-13 01:13:53,627] {logging_mixin.py:115} INFO - [2022-06-13 01:13:53,627] {dagbag.py:507} INFO - Filling up the DagBag from /home/airflow/.local/lib/python3.7/site-packages/airflow/example_dags/example_branch_day_of_week_operator.py
[2022-06-13 01:13:53,637] {processor.py:651} INFO - DAG(s) dict_keys(['example_weekday_branch_operator']) retrieved from /home/airflow/.local/lib/python3.7/site-packages/airflow/example_dags/example_branch_day_of_week_operator.py
[2022-06-13 01:13:53,667] {logging_mixin.py:115} INFO - [2022-06-13 01:13:53,667] {dag.py:2379} INFO - Sync 1 DAGs
[2022-06-13 01:13:53,707] {logging_mixin.py:115} INFO - [2022-06-13 01:13:53,706] {dag.py:2931} INFO - Setting next_dagrun for example_weekday_branch_operator to 2022-06-12T00:00:00+00:00, run_after=2022-06-13T00:00:00+00:00
[2022-06-13 01:13:53,726] {processor.py:161} INFO - Processing /home/airflow/.local/lib/python3.7/site-packages/airflow/example_dags/example_branch_day_of_week_operator.py took 0.103 seconds
[2022-06-13 01:14:23,903] {processor.py:153} INFO - Started process (PID=537) to work on /home/airflow/.local/lib/python3.7/site-packages/airflow/example_dags/example_branch_day_of_week_operator.py
[2022-06-13 01:14:23,904] {processor.py:641} INFO - Processing file /home/airflow/.local/lib/python3.7/site-packages/airflow/example_dags/example_branch_day_of_week_operator.py for tasks to queue
[2022-06-13 01:14:23,904] {logging_mixin.py:115} INFO - [2022-06-13 01:14:23,904] {dagbag.py:507} INFO - Filling up the DagBag from /home/airflow/.local/lib/python3.7/site-packages/airflow/example_dags/example_branch_day_of_week_operator.py
[2022-06-13 01:14:23,913] {processor.py:651} INFO - DAG(s) dict_keys(['example_weekday_branch_operator']) retrieved from /home/airflow/.local/lib/python3.7/site-packages/airflow/example_dags/example_branch_day_of_week_operator.py
[2022-06-13 01:14:23,957] {logging_mixin.py:115} INFO - [2022-06-13 01:14:23,957] {dag.py:2379} INFO - Sync 1 DAGs
[2022-06-13 01:14:24,018] {logging_mixin.py:115} INFO - [2022-06-13 01:14:24,017] {dag.py:2931} INFO - Setting next_dagrun for example_weekday_branch_operator to 2022-06-12T00:00:00+00:00, run_after=2022-06-13T00:00:00+00:00
[2022-06-13 01:14:24,044] {processor.py:161} INFO - Processing /home/airflow/.local/lib/python3.7/site-packages/airflow/example_dags/example_branch_day_of_week_operator.py took 0.145 seconds
[2022-06-13 01:14:55,027] {processor.py:153} INFO - Started process (PID=599) to work on /home/airflow/.local/lib/python3.7/site-packages/airflow/example_dags/example_branch_day_of_week_operator.py
[2022-06-13 01:14:55,028] {processor.py:641} INFO - Processing file /home/airflow/.local/lib/python3.7/site-packages/airflow/example_dags/example_branch_day_of_week_operator.py for tasks to queue
[2022-06-13 01:14:55,029] {logging_mixin.py:115} INFO - [2022-06-13 01:14:55,028] {dagbag.py:507} INFO - Filling up the DagBag from /home/airflow/.local/lib/python3.7/site-packages/airflow/example_dags/example_branch_day_of_week_operator.py
[2022-06-13 01:14:55,038] {processor.py:651} INFO - DAG(s) dict_keys(['example_weekday_branch_operator']) retrieved from /home/airflow/.local/lib/python3.7/site-packages/airflow/example_dags/example_branch_day_of_week_operator.py
[2022-06-13 01:14:55,063] {logging_mixin.py:115} INFO - [2022-06-13 01:14:55,063] {dag.py:2379} INFO - Sync 1 DAGs
[2022-06-13 01:14:55,093] {logging_mixin.py:115} INFO - [2022-06-13 01:14:55,093] {dag.py:2931} INFO - Setting next_dagrun for example_weekday_branch_operator to 2022-06-12T00:00:00+00:00, run_after=2022-06-13T00:00:00+00:00
[2022-06-13 01:14:55,108] {processor.py:161} INFO - Processing /home/airflow/.local/lib/python3.7/site-packages/airflow/example_dags/example_branch_day_of_week_operator.py took 0.084 seconds
[2022-06-13 01:15:26,121] {processor.py:153} INFO - Started process (PID=662) to work on /home/airflow/.local/lib/python3.7/site-packages/airflow/example_dags/example_branch_day_of_week_operator.py
[2022-06-13 01:15:26,125] {processor.py:641} INFO - Processing file /home/airflow/.local/lib/python3.7/site-packages/airflow/example_dags/example_branch_day_of_week_operator.py for tasks to queue
[2022-06-13 01:15:26,127] {logging_mixin.py:115} INFO - [2022-06-13 01:15:26,127] {dagbag.py:507} INFO - Filling up the DagBag from /home/airflow/.local/lib/python3.7/site-packages/airflow/example_dags/example_branch_day_of_week_operator.py
[2022-06-13 01:15:26,135] {processor.py:651} INFO - DAG(s) dict_keys(['example_weekday_branch_operator']) retrieved from /home/airflow/.local/lib/python3.7/site-packages/airflow/example_dags/example_branch_day_of_week_operator.py
[2022-06-13 01:15:26,183] {logging_mixin.py:115} INFO - [2022-06-13 01:15:26,183] {dag.py:2379} INFO - Sync 1 DAGs
[2022-06-13 01:15:26,231] {logging_mixin.py:115} INFO - [2022-06-13 01:15:26,231] {dag.py:2931} INFO - Setting next_dagrun for example_weekday_branch_operator to 2022-06-12T00:00:00+00:00, run_after=2022-06-13T00:00:00+00:00
[2022-06-13 01:15:26,470] {processor.py:161} INFO - Processing /home/airflow/.local/lib/python3.7/site-packages/airflow/example_dags/example_branch_day_of_week_operator.py took 0.354 seconds
[2022-06-13 01:15:56,655] {processor.py:153} INFO - Started process (PID=715) to work on /home/airflow/.local/lib/python3.7/site-packages/airflow/example_dags/example_branch_day_of_week_operator.py
[2022-06-13 01:15:56,656] {processor.py:641} INFO - Processing file /home/airflow/.local/lib/python3.7/site-packages/airflow/example_dags/example_branch_day_of_week_operator.py for tasks to queue
[2022-06-13 01:15:56,656] {logging_mixin.py:115} INFO - [2022-06-13 01:15:56,656] {dagbag.py:507} INFO - Filling up the DagBag from /home/airflow/.local/lib/python3.7/site-packages/airflow/example_dags/example_branch_day_of_week_operator.py
[2022-06-13 01:15:56,665] {processor.py:651} INFO - DAG(s) dict_keys(['example_weekday_branch_operator']) retrieved from /home/airflow/.local/lib/python3.7/site-packages/airflow/example_dags/example_branch_day_of_week_operator.py
[2022-06-13 01:15:56,697] {logging_mixin.py:115} INFO - [2022-06-13 01:15:56,697] {dag.py:2379} INFO - Sync 1 DAGs
[2022-06-13 01:15:56,732] {logging_mixin.py:115} INFO - [2022-06-13 01:15:56,731] {dag.py:2931} INFO - Setting next_dagrun for example_weekday_branch_operator to 2022-06-12T00:00:00+00:00, run_after=2022-06-13T00:00:00+00:00
[2022-06-13 01:15:56,869] {processor.py:161} INFO - Processing /home/airflow/.local/lib/python3.7/site-packages/airflow/example_dags/example_branch_day_of_week_operator.py took 0.218 seconds
