[2022-06-13 01:10:18,985] {processor.py:153} INFO - Started process (PID=65) to work on /home/airflow/.local/lib/python3.7/site-packages/airflow/example_dags/example_nested_branch_dag.py
[2022-06-13 01:10:19,003] {processor.py:641} INFO - Processing file /home/airflow/.local/lib/python3.7/site-packages/airflow/example_dags/example_nested_branch_dag.py for tasks to queue
[2022-06-13 01:10:19,003] {logging_mixin.py:115} INFO - [2022-06-13 01:10:19,003] {dagbag.py:507} INFO - Filling up the DagBag from /home/airflow/.local/lib/python3.7/site-packages/airflow/example_dags/example_nested_branch_dag.py
[2022-06-13 01:10:19,013] {processor.py:651} INFO - DAG(s) dict_keys(['example_nested_branch_dag']) retrieved from /home/airflow/.local/lib/python3.7/site-packages/airflow/example_dags/example_nested_branch_dag.py
[2022-06-13 01:10:19,342] {logging_mixin.py:115} INFO - [2022-06-13 01:10:19,342] {manager.py:508} INFO - Created Permission View: can edit on DAG:example_nested_branch_dag
[2022-06-13 01:10:19,364] {logging_mixin.py:115} INFO - [2022-06-13 01:10:19,364] {manager.py:508} INFO - Created Permission View: can delete on DAG:example_nested_branch_dag
[2022-06-13 01:10:19,383] {logging_mixin.py:115} INFO - [2022-06-13 01:10:19,383] {manager.py:508} INFO - Created Permission View: can read on DAG:example_nested_branch_dag
[2022-06-13 01:10:19,383] {logging_mixin.py:115} INFO - [2022-06-13 01:10:19,383] {dag.py:2379} INFO - Sync 1 DAGs
[2022-06-13 01:10:19,392] {logging_mixin.py:115} INFO - [2022-06-13 01:10:19,392] {dag.py:2398} INFO - Creating ORM DAG for example_nested_branch_dag
[2022-06-13 01:10:19,415] {logging_mixin.py:115} INFO - [2022-06-13 01:10:19,415] {dag.py:2931} INFO - Setting next_dagrun for example_nested_branch_dag to 2022-06-12T00:00:00+00:00, run_after=2022-06-13T00:00:00+00:00
[2022-06-13 01:10:19,444] {processor.py:161} INFO - Processing /home/airflow/.local/lib/python3.7/site-packages/airflow/example_dags/example_nested_branch_dag.py took 0.465 seconds
[2022-06-13 01:10:50,121] {processor.py:153} INFO - Started process (PID=128) to work on /home/airflow/.local/lib/python3.7/site-packages/airflow/example_dags/example_nested_branch_dag.py
[2022-06-13 01:10:50,123] {processor.py:641} INFO - Processing file /home/airflow/.local/lib/python3.7/site-packages/airflow/example_dags/example_nested_branch_dag.py for tasks to queue
[2022-06-13 01:10:50,124] {logging_mixin.py:115} INFO - [2022-06-13 01:10:50,124] {dagbag.py:507} INFO - Filling up the DagBag from /home/airflow/.local/lib/python3.7/site-packages/airflow/example_dags/example_nested_branch_dag.py
[2022-06-13 01:10:50,133] {processor.py:651} INFO - DAG(s) dict_keys(['example_nested_branch_dag']) retrieved from /home/airflow/.local/lib/python3.7/site-packages/airflow/example_dags/example_nested_branch_dag.py
[2022-06-13 01:10:50,180] {logging_mixin.py:115} INFO - [2022-06-13 01:10:50,179] {dag.py:2379} INFO - Sync 1 DAGs
[2022-06-13 01:10:50,220] {logging_mixin.py:115} INFO - [2022-06-13 01:10:50,219] {dag.py:2931} INFO - Setting next_dagrun for example_nested_branch_dag to 2022-06-12T00:00:00+00:00, run_after=2022-06-13T00:00:00+00:00
[2022-06-13 01:10:50,342] {processor.py:161} INFO - Processing /home/airflow/.local/lib/python3.7/site-packages/airflow/example_dags/example_nested_branch_dag.py took 0.224 seconds
[2022-06-13 01:11:20,906] {processor.py:153} INFO - Started process (PID=182) to work on /home/airflow/.local/lib/python3.7/site-packages/airflow/example_dags/example_nested_branch_dag.py
[2022-06-13 01:11:20,907] {processor.py:641} INFO - Processing file /home/airflow/.local/lib/python3.7/site-packages/airflow/example_dags/example_nested_branch_dag.py for tasks to queue
[2022-06-13 01:11:20,908] {logging_mixin.py:115} INFO - [2022-06-13 01:11:20,908] {dagbag.py:507} INFO - Filling up the DagBag from /home/airflow/.local/lib/python3.7/site-packages/airflow/example_dags/example_nested_branch_dag.py
[2022-06-13 01:11:20,917] {processor.py:651} INFO - DAG(s) dict_keys(['example_nested_branch_dag']) retrieved from /home/airflow/.local/lib/python3.7/site-packages/airflow/example_dags/example_nested_branch_dag.py
[2022-06-13 01:11:20,944] {logging_mixin.py:115} INFO - [2022-06-13 01:11:20,944] {dag.py:2379} INFO - Sync 1 DAGs
[2022-06-13 01:11:20,970] {logging_mixin.py:115} INFO - [2022-06-13 01:11:20,970] {dag.py:2931} INFO - Setting next_dagrun for example_nested_branch_dag to 2022-06-12T00:00:00+00:00, run_after=2022-06-13T00:00:00+00:00
[2022-06-13 01:11:21,087] {processor.py:161} INFO - Processing /home/airflow/.local/lib/python3.7/site-packages/airflow/example_dags/example_nested_branch_dag.py took 0.184 seconds
[2022-06-13 01:11:51,761] {processor.py:153} INFO - Started process (PID=245) to work on /home/airflow/.local/lib/python3.7/site-packages/airflow/example_dags/example_nested_branch_dag.py
[2022-06-13 01:11:51,761] {processor.py:641} INFO - Processing file /home/airflow/.local/lib/python3.7/site-packages/airflow/example_dags/example_nested_branch_dag.py for tasks to queue
[2022-06-13 01:11:51,762] {logging_mixin.py:115} INFO - [2022-06-13 01:11:51,762] {dagbag.py:507} INFO - Filling up the DagBag from /home/airflow/.local/lib/python3.7/site-packages/airflow/example_dags/example_nested_branch_dag.py
[2022-06-13 01:11:51,771] {processor.py:651} INFO - DAG(s) dict_keys(['example_nested_branch_dag']) retrieved from /home/airflow/.local/lib/python3.7/site-packages/airflow/example_dags/example_nested_branch_dag.py
[2022-06-13 01:11:51,800] {logging_mixin.py:115} INFO - [2022-06-13 01:11:51,800] {dag.py:2379} INFO - Sync 1 DAGs
[2022-06-13 01:11:51,826] {logging_mixin.py:115} INFO - [2022-06-13 01:11:51,826] {dag.py:2931} INFO - Setting next_dagrun for example_nested_branch_dag to 2022-06-12T00:00:00+00:00, run_after=2022-06-13T00:00:00+00:00
[2022-06-13 01:11:51,960] {processor.py:161} INFO - Processing /home/airflow/.local/lib/python3.7/site-packages/airflow/example_dags/example_nested_branch_dag.py took 0.203 seconds
[2022-06-13 01:12:22,528] {processor.py:153} INFO - Started process (PID=308) to work on /home/airflow/.local/lib/python3.7/site-packages/airflow/example_dags/example_nested_branch_dag.py
[2022-06-13 01:12:22,534] {processor.py:641} INFO - Processing file /home/airflow/.local/lib/python3.7/site-packages/airflow/example_dags/example_nested_branch_dag.py for tasks to queue
[2022-06-13 01:12:22,535] {logging_mixin.py:115} INFO - [2022-06-13 01:12:22,535] {dagbag.py:507} INFO - Filling up the DagBag from /home/airflow/.local/lib/python3.7/site-packages/airflow/example_dags/example_nested_branch_dag.py
[2022-06-13 01:12:22,545] {processor.py:651} INFO - DAG(s) dict_keys(['example_nested_branch_dag']) retrieved from /home/airflow/.local/lib/python3.7/site-packages/airflow/example_dags/example_nested_branch_dag.py
[2022-06-13 01:12:22,572] {logging_mixin.py:115} INFO - [2022-06-13 01:12:22,572] {dag.py:2379} INFO - Sync 1 DAGs
[2022-06-13 01:12:22,598] {logging_mixin.py:115} INFO - [2022-06-13 01:12:22,598] {dag.py:2931} INFO - Setting next_dagrun for example_nested_branch_dag to 2022-06-12T00:00:00+00:00, run_after=2022-06-13T00:00:00+00:00
[2022-06-13 01:12:22,714] {processor.py:161} INFO - Processing /home/airflow/.local/lib/python3.7/site-packages/airflow/example_dags/example_nested_branch_dag.py took 0.190 seconds
[2022-06-13 01:12:53,415] {processor.py:153} INFO - Started process (PID=361) to work on /home/airflow/.local/lib/python3.7/site-packages/airflow/example_dags/example_nested_branch_dag.py
[2022-06-13 01:12:53,416] {processor.py:641} INFO - Processing file /home/airflow/.local/lib/python3.7/site-packages/airflow/example_dags/example_nested_branch_dag.py for tasks to queue
[2022-06-13 01:12:53,416] {logging_mixin.py:115} INFO - [2022-06-13 01:12:53,416] {dagbag.py:507} INFO - Filling up the DagBag from /home/airflow/.local/lib/python3.7/site-packages/airflow/example_dags/example_nested_branch_dag.py
[2022-06-13 01:12:53,426] {processor.py:651} INFO - DAG(s) dict_keys(['example_nested_branch_dag']) retrieved from /home/airflow/.local/lib/python3.7/site-packages/airflow/example_dags/example_nested_branch_dag.py
[2022-06-13 01:12:53,454] {logging_mixin.py:115} INFO - [2022-06-13 01:12:53,454] {dag.py:2379} INFO - Sync 1 DAGs
[2022-06-13 01:12:53,479] {logging_mixin.py:115} INFO - [2022-06-13 01:12:53,479] {dag.py:2931} INFO - Setting next_dagrun for example_nested_branch_dag to 2022-06-12T00:00:00+00:00, run_after=2022-06-13T00:00:00+00:00
[2022-06-13 01:12:53,624] {processor.py:161} INFO - Processing /home/airflow/.local/lib/python3.7/site-packages/airflow/example_dags/example_nested_branch_dag.py took 0.211 seconds
[2022-06-13 01:13:24,193] {processor.py:153} INFO - Started process (PID=425) to work on /home/airflow/.local/lib/python3.7/site-packages/airflow/example_dags/example_nested_branch_dag.py
[2022-06-13 01:13:24,195] {processor.py:641} INFO - Processing file /home/airflow/.local/lib/python3.7/site-packages/airflow/example_dags/example_nested_branch_dag.py for tasks to queue
[2022-06-13 01:13:24,196] {logging_mixin.py:115} INFO - [2022-06-13 01:13:24,196] {dagbag.py:507} INFO - Filling up the DagBag from /home/airflow/.local/lib/python3.7/site-packages/airflow/example_dags/example_nested_branch_dag.py
[2022-06-13 01:13:24,209] {processor.py:651} INFO - DAG(s) dict_keys(['example_nested_branch_dag']) retrieved from /home/airflow/.local/lib/python3.7/site-packages/airflow/example_dags/example_nested_branch_dag.py
[2022-06-13 01:13:24,235] {logging_mixin.py:115} INFO - [2022-06-13 01:13:24,235] {dag.py:2379} INFO - Sync 1 DAGs
[2022-06-13 01:13:24,260] {logging_mixin.py:115} INFO - [2022-06-13 01:13:24,260] {dag.py:2931} INFO - Setting next_dagrun for example_nested_branch_dag to 2022-06-12T00:00:00+00:00, run_after=2022-06-13T00:00:00+00:00
[2022-06-13 01:13:24,385] {processor.py:161} INFO - Processing /home/airflow/.local/lib/python3.7/site-packages/airflow/example_dags/example_nested_branch_dag.py took 0.196 seconds
[2022-06-13 01:13:55,129] {processor.py:153} INFO - Started process (PID=490) to work on /home/airflow/.local/lib/python3.7/site-packages/airflow/example_dags/example_nested_branch_dag.py
[2022-06-13 01:13:55,129] {processor.py:641} INFO - Processing file /home/airflow/.local/lib/python3.7/site-packages/airflow/example_dags/example_nested_branch_dag.py for tasks to queue
[2022-06-13 01:13:55,130] {logging_mixin.py:115} INFO - [2022-06-13 01:13:55,130] {dagbag.py:507} INFO - Filling up the DagBag from /home/airflow/.local/lib/python3.7/site-packages/airflow/example_dags/example_nested_branch_dag.py
[2022-06-13 01:13:55,138] {processor.py:651} INFO - DAG(s) dict_keys(['example_nested_branch_dag']) retrieved from /home/airflow/.local/lib/python3.7/site-packages/airflow/example_dags/example_nested_branch_dag.py
[2022-06-13 01:13:55,166] {logging_mixin.py:115} INFO - [2022-06-13 01:13:55,166] {dag.py:2379} INFO - Sync 1 DAGs
[2022-06-13 01:13:55,194] {logging_mixin.py:115} INFO - [2022-06-13 01:13:55,193] {dag.py:2931} INFO - Setting next_dagrun for example_nested_branch_dag to 2022-06-12T00:00:00+00:00, run_after=2022-06-13T00:00:00+00:00
[2022-06-13 01:13:55,312] {processor.py:161} INFO - Processing /home/airflow/.local/lib/python3.7/site-packages/airflow/example_dags/example_nested_branch_dag.py took 0.186 seconds
[2022-06-13 01:14:25,461] {processor.py:153} INFO - Started process (PID=543) to work on /home/airflow/.local/lib/python3.7/site-packages/airflow/example_dags/example_nested_branch_dag.py
[2022-06-13 01:14:25,462] {processor.py:641} INFO - Processing file /home/airflow/.local/lib/python3.7/site-packages/airflow/example_dags/example_nested_branch_dag.py for tasks to queue
[2022-06-13 01:14:25,462] {logging_mixin.py:115} INFO - [2022-06-13 01:14:25,462] {dagbag.py:507} INFO - Filling up the DagBag from /home/airflow/.local/lib/python3.7/site-packages/airflow/example_dags/example_nested_branch_dag.py
[2022-06-13 01:14:25,471] {processor.py:651} INFO - DAG(s) dict_keys(['example_nested_branch_dag']) retrieved from /home/airflow/.local/lib/python3.7/site-packages/airflow/example_dags/example_nested_branch_dag.py
[2022-06-13 01:14:25,498] {logging_mixin.py:115} INFO - [2022-06-13 01:14:25,498] {dag.py:2379} INFO - Sync 1 DAGs
[2022-06-13 01:14:25,523] {logging_mixin.py:115} INFO - [2022-06-13 01:14:25,523] {dag.py:2931} INFO - Setting next_dagrun for example_nested_branch_dag to 2022-06-12T00:00:00+00:00, run_after=2022-06-13T00:00:00+00:00
[2022-06-13 01:14:25,638] {processor.py:161} INFO - Processing /home/airflow/.local/lib/python3.7/site-packages/airflow/example_dags/example_nested_branch_dag.py took 0.180 seconds
[2022-06-13 01:14:55,725] {processor.py:153} INFO - Started process (PID=606) to work on /home/airflow/.local/lib/python3.7/site-packages/airflow/example_dags/example_nested_branch_dag.py
[2022-06-13 01:14:55,725] {processor.py:641} INFO - Processing file /home/airflow/.local/lib/python3.7/site-packages/airflow/example_dags/example_nested_branch_dag.py for tasks to queue
[2022-06-13 01:14:55,726] {logging_mixin.py:115} INFO - [2022-06-13 01:14:55,726] {dagbag.py:507} INFO - Filling up the DagBag from /home/airflow/.local/lib/python3.7/site-packages/airflow/example_dags/example_nested_branch_dag.py
[2022-06-13 01:14:55,737] {processor.py:651} INFO - DAG(s) dict_keys(['example_nested_branch_dag']) retrieved from /home/airflow/.local/lib/python3.7/site-packages/airflow/example_dags/example_nested_branch_dag.py
[2022-06-13 01:14:55,765] {logging_mixin.py:115} INFO - [2022-06-13 01:14:55,765] {dag.py:2379} INFO - Sync 1 DAGs
[2022-06-13 01:14:55,800] {logging_mixin.py:115} INFO - [2022-06-13 01:14:55,800] {dag.py:2931} INFO - Setting next_dagrun for example_nested_branch_dag to 2022-06-12T00:00:00+00:00, run_after=2022-06-13T00:00:00+00:00
[2022-06-13 01:14:55,957] {processor.py:161} INFO - Processing /home/airflow/.local/lib/python3.7/site-packages/airflow/example_dags/example_nested_branch_dag.py took 0.235 seconds
[2022-06-13 01:15:27,327] {processor.py:153} INFO - Started process (PID=669) to work on /home/airflow/.local/lib/python3.7/site-packages/airflow/example_dags/example_nested_branch_dag.py
[2022-06-13 01:15:27,328] {processor.py:641} INFO - Processing file /home/airflow/.local/lib/python3.7/site-packages/airflow/example_dags/example_nested_branch_dag.py for tasks to queue
[2022-06-13 01:15:27,329] {logging_mixin.py:115} INFO - [2022-06-13 01:15:27,329] {dagbag.py:507} INFO - Filling up the DagBag from /home/airflow/.local/lib/python3.7/site-packages/airflow/example_dags/example_nested_branch_dag.py
[2022-06-13 01:15:27,340] {processor.py:651} INFO - DAG(s) dict_keys(['example_nested_branch_dag']) retrieved from /home/airflow/.local/lib/python3.7/site-packages/airflow/example_dags/example_nested_branch_dag.py
[2022-06-13 01:15:27,374] {logging_mixin.py:115} INFO - [2022-06-13 01:15:27,374] {dag.py:2379} INFO - Sync 1 DAGs
[2022-06-13 01:15:27,417] {logging_mixin.py:115} INFO - [2022-06-13 01:15:27,417] {dag.py:2931} INFO - Setting next_dagrun for example_nested_branch_dag to 2022-06-12T00:00:00+00:00, run_after=2022-06-13T00:00:00+00:00
[2022-06-13 01:15:27,633] {processor.py:161} INFO - Processing /home/airflow/.local/lib/python3.7/site-packages/airflow/example_dags/example_nested_branch_dag.py took 0.309 seconds
[2022-06-13 01:15:58,461] {processor.py:153} INFO - Started process (PID=722) to work on /home/airflow/.local/lib/python3.7/site-packages/airflow/example_dags/example_nested_branch_dag.py
[2022-06-13 01:15:58,463] {processor.py:641} INFO - Processing file /home/airflow/.local/lib/python3.7/site-packages/airflow/example_dags/example_nested_branch_dag.py for tasks to queue
[2022-06-13 01:15:58,463] {logging_mixin.py:115} INFO - [2022-06-13 01:15:58,463] {dagbag.py:507} INFO - Filling up the DagBag from /home/airflow/.local/lib/python3.7/site-packages/airflow/example_dags/example_nested_branch_dag.py
[2022-06-13 01:15:58,483] {processor.py:651} INFO - DAG(s) dict_keys(['example_nested_branch_dag']) retrieved from /home/airflow/.local/lib/python3.7/site-packages/airflow/example_dags/example_nested_branch_dag.py
[2022-06-13 01:15:58,512] {logging_mixin.py:115} INFO - [2022-06-13 01:15:58,512] {dag.py:2379} INFO - Sync 1 DAGs
[2022-06-13 01:15:58,540] {logging_mixin.py:115} INFO - [2022-06-13 01:15:58,540] {dag.py:2931} INFO - Setting next_dagrun for example_nested_branch_dag to 2022-06-12T00:00:00+00:00, run_after=2022-06-13T00:00:00+00:00
[2022-06-13 01:15:58,656] {processor.py:161} INFO - Processing /home/airflow/.local/lib/python3.7/site-packages/airflow/example_dags/example_nested_branch_dag.py took 0.206 seconds
[2022-06-13 01:16:29,521] {processor.py:153} INFO - Started process (PID=785) to work on /home/airflow/.local/lib/python3.7/site-packages/airflow/example_dags/example_nested_branch_dag.py
[2022-06-13 01:16:29,523] {processor.py:641} INFO - Processing file /home/airflow/.local/lib/python3.7/site-packages/airflow/example_dags/example_nested_branch_dag.py for tasks to queue
[2022-06-13 01:16:29,523] {logging_mixin.py:115} INFO - [2022-06-13 01:16:29,523] {dagbag.py:507} INFO - Filling up the DagBag from /home/airflow/.local/lib/python3.7/site-packages/airflow/example_dags/example_nested_branch_dag.py
[2022-06-13 01:16:29,534] {processor.py:651} INFO - DAG(s) dict_keys(['example_nested_branch_dag']) retrieved from /home/airflow/.local/lib/python3.7/site-packages/airflow/example_dags/example_nested_branch_dag.py
[2022-06-13 01:16:29,565] {logging_mixin.py:115} INFO - [2022-06-13 01:16:29,565] {dag.py:2379} INFO - Sync 1 DAGs
[2022-06-13 01:16:29,591] {logging_mixin.py:115} INFO - [2022-06-13 01:16:29,591] {dag.py:2931} INFO - Setting next_dagrun for example_nested_branch_dag to 2022-06-12T00:00:00+00:00, run_after=2022-06-13T00:00:00+00:00
[2022-06-13 01:16:29,716] {processor.py:161} INFO - Processing /home/airflow/.local/lib/python3.7/site-packages/airflow/example_dags/example_nested_branch_dag.py took 0.198 seconds
[2022-06-13 01:17:01,023] {processor.py:153} INFO - Started process (PID=849) to work on /home/airflow/.local/lib/python3.7/site-packages/airflow/example_dags/example_nested_branch_dag.py
[2022-06-13 01:17:01,023] {processor.py:641} INFO - Processing file /home/airflow/.local/lib/python3.7/site-packages/airflow/example_dags/example_nested_branch_dag.py for tasks to queue
[2022-06-13 01:17:01,024] {logging_mixin.py:115} INFO - [2022-06-13 01:17:01,024] {dagbag.py:507} INFO - Filling up the DagBag from /home/airflow/.local/lib/python3.7/site-packages/airflow/example_dags/example_nested_branch_dag.py
[2022-06-13 01:17:01,034] {processor.py:651} INFO - DAG(s) dict_keys(['example_nested_branch_dag']) retrieved from /home/airflow/.local/lib/python3.7/site-packages/airflow/example_dags/example_nested_branch_dag.py
[2022-06-13 01:17:01,061] {logging_mixin.py:115} INFO - [2022-06-13 01:17:01,060] {dag.py:2379} INFO - Sync 1 DAGs
[2022-06-13 01:17:01,098] {logging_mixin.py:115} INFO - [2022-06-13 01:17:01,098] {dag.py:2931} INFO - Setting next_dagrun for example_nested_branch_dag to 2022-06-12T00:00:00+00:00, run_after=2022-06-13T00:00:00+00:00
[2022-06-13 01:17:01,222] {processor.py:161} INFO - Processing /home/airflow/.local/lib/python3.7/site-packages/airflow/example_dags/example_nested_branch_dag.py took 0.203 seconds
[2022-06-13 01:17:31,320] {processor.py:153} INFO - Started process (PID=901) to work on /home/airflow/.local/lib/python3.7/site-packages/airflow/example_dags/example_nested_branch_dag.py
[2022-06-13 01:17:31,321] {processor.py:641} INFO - Processing file /home/airflow/.local/lib/python3.7/site-packages/airflow/example_dags/example_nested_branch_dag.py for tasks to queue
[2022-06-13 01:17:31,321] {logging_mixin.py:115} INFO - [2022-06-13 01:17:31,321] {dagbag.py:507} INFO - Filling up the DagBag from /home/airflow/.local/lib/python3.7/site-packages/airflow/example_dags/example_nested_branch_dag.py
[2022-06-13 01:17:31,331] {processor.py:651} INFO - DAG(s) dict_keys(['example_nested_branch_dag']) retrieved from /home/airflow/.local/lib/python3.7/site-packages/airflow/example_dags/example_nested_branch_dag.py
[2022-06-13 01:17:31,355] {logging_mixin.py:115} INFO - [2022-06-13 01:17:31,355] {dag.py:2379} INFO - Sync 1 DAGs
[2022-06-13 01:17:31,380] {logging_mixin.py:115} INFO - [2022-06-13 01:17:31,380] {dag.py:2931} INFO - Setting next_dagrun for example_nested_branch_dag to 2022-06-12T00:00:00+00:00, run_after=2022-06-13T00:00:00+00:00
[2022-06-13 01:17:31,498] {processor.py:161} INFO - Processing /home/airflow/.local/lib/python3.7/site-packages/airflow/example_dags/example_nested_branch_dag.py took 0.181 seconds
[2022-06-13 01:18:01,806] {processor.py:153} INFO - Started process (PID=965) to work on /home/airflow/.local/lib/python3.7/site-packages/airflow/example_dags/example_nested_branch_dag.py
[2022-06-13 01:18:01,807] {processor.py:641} INFO - Processing file /home/airflow/.local/lib/python3.7/site-packages/airflow/example_dags/example_nested_branch_dag.py for tasks to queue
[2022-06-13 01:18:01,808] {logging_mixin.py:115} INFO - [2022-06-13 01:18:01,808] {dagbag.py:507} INFO - Filling up the DagBag from /home/airflow/.local/lib/python3.7/site-packages/airflow/example_dags/example_nested_branch_dag.py
[2022-06-13 01:18:01,818] {processor.py:651} INFO - DAG(s) dict_keys(['example_nested_branch_dag']) retrieved from /home/airflow/.local/lib/python3.7/site-packages/airflow/example_dags/example_nested_branch_dag.py
[2022-06-13 01:18:01,845] {logging_mixin.py:115} INFO - [2022-06-13 01:18:01,845] {dag.py:2379} INFO - Sync 1 DAGs
[2022-06-13 01:18:01,869] {logging_mixin.py:115} INFO - [2022-06-13 01:18:01,869] {dag.py:2931} INFO - Setting next_dagrun for example_nested_branch_dag to 2022-06-12T00:00:00+00:00, run_after=2022-06-13T00:00:00+00:00
[2022-06-13 01:18:01,988] {processor.py:161} INFO - Processing /home/airflow/.local/lib/python3.7/site-packages/airflow/example_dags/example_nested_branch_dag.py took 0.185 seconds
[2022-06-13 01:18:32,057] {processor.py:153} INFO - Started process (PID=1027) to work on /home/airflow/.local/lib/python3.7/site-packages/airflow/example_dags/example_nested_branch_dag.py
[2022-06-13 01:18:32,060] {processor.py:641} INFO - Processing file /home/airflow/.local/lib/python3.7/site-packages/airflow/example_dags/example_nested_branch_dag.py for tasks to queue
[2022-06-13 01:18:32,060] {logging_mixin.py:115} INFO - [2022-06-13 01:18:32,060] {dagbag.py:507} INFO - Filling up the DagBag from /home/airflow/.local/lib/python3.7/site-packages/airflow/example_dags/example_nested_branch_dag.py
[2022-06-13 01:18:32,075] {processor.py:651} INFO - DAG(s) dict_keys(['example_nested_branch_dag']) retrieved from /home/airflow/.local/lib/python3.7/site-packages/airflow/example_dags/example_nested_branch_dag.py
[2022-06-13 01:18:32,116] {logging_mixin.py:115} INFO - [2022-06-13 01:18:32,116] {dag.py:2379} INFO - Sync 1 DAGs
[2022-06-13 01:18:32,142] {logging_mixin.py:115} INFO - [2022-06-13 01:18:32,142] {dag.py:2931} INFO - Setting next_dagrun for example_nested_branch_dag to 2022-06-12T00:00:00+00:00, run_after=2022-06-13T00:00:00+00:00
[2022-06-13 01:18:32,377] {processor.py:161} INFO - Processing /home/airflow/.local/lib/python3.7/site-packages/airflow/example_dags/example_nested_branch_dag.py took 0.323 seconds
[2022-06-13 01:19:02,479] {processor.py:153} INFO - Started process (PID=1082) to work on /home/airflow/.local/lib/python3.7/site-packages/airflow/example_dags/example_nested_branch_dag.py
[2022-06-13 01:19:02,480] {processor.py:641} INFO - Processing file /home/airflow/.local/lib/python3.7/site-packages/airflow/example_dags/example_nested_branch_dag.py for tasks to queue
[2022-06-13 01:19:02,480] {logging_mixin.py:115} INFO - [2022-06-13 01:19:02,480] {dagbag.py:507} INFO - Filling up the DagBag from /home/airflow/.local/lib/python3.7/site-packages/airflow/example_dags/example_nested_branch_dag.py
[2022-06-13 01:19:02,490] {processor.py:651} INFO - DAG(s) dict_keys(['example_nested_branch_dag']) retrieved from /home/airflow/.local/lib/python3.7/site-packages/airflow/example_dags/example_nested_branch_dag.py
[2022-06-13 01:19:02,518] {logging_mixin.py:115} INFO - [2022-06-13 01:19:02,518] {dag.py:2379} INFO - Sync 1 DAGs
[2022-06-13 01:19:02,545] {logging_mixin.py:115} INFO - [2022-06-13 01:19:02,545] {dag.py:2931} INFO - Setting next_dagrun for example_nested_branch_dag to 2022-06-12T00:00:00+00:00, run_after=2022-06-13T00:00:00+00:00
[2022-06-13 01:19:02,685] {processor.py:161} INFO - Processing /home/airflow/.local/lib/python3.7/site-packages/airflow/example_dags/example_nested_branch_dag.py took 0.210 seconds
