[2022-06-13 01:10:16,505] {processor.py:153} INFO - Started process (PID=53) to work on /home/airflow/.local/lib/python3.7/site-packages/airflow/example_dags/example_task_group.py
[2022-06-13 01:10:16,506] {processor.py:641} INFO - Processing file /home/airflow/.local/lib/python3.7/site-packages/airflow/example_dags/example_task_group.py for tasks to queue
[2022-06-13 01:10:16,506] {logging_mixin.py:115} INFO - [2022-06-13 01:10:16,506] {dagbag.py:507} INFO - Filling up the DagBag from /home/airflow/.local/lib/python3.7/site-packages/airflow/example_dags/example_task_group.py
[2022-06-13 01:10:16,514] {processor.py:651} INFO - DAG(s) dict_keys(['example_task_group']) retrieved from /home/airflow/.local/lib/python3.7/site-packages/airflow/example_dags/example_task_group.py
[2022-06-13 01:10:16,773] {logging_mixin.py:115} INFO - [2022-06-13 01:10:16,773] {manager.py:508} INFO - Created Permission View: can edit on DAG:example_task_group
[2022-06-13 01:10:16,784] {logging_mixin.py:115} INFO - [2022-06-13 01:10:16,784] {manager.py:508} INFO - Created Permission View: can delete on DAG:example_task_group
[2022-06-13 01:10:16,794] {logging_mixin.py:115} INFO - [2022-06-13 01:10:16,794] {manager.py:508} INFO - Created Permission View: can read on DAG:example_task_group
[2022-06-13 01:10:16,794] {logging_mixin.py:115} INFO - [2022-06-13 01:10:16,794] {dag.py:2379} INFO - Sync 1 DAGs
[2022-06-13 01:10:16,805] {logging_mixin.py:115} INFO - [2022-06-13 01:10:16,805] {dag.py:2398} INFO - Creating ORM DAG for example_task_group
[2022-06-13 01:10:16,816] {logging_mixin.py:115} INFO - [2022-06-13 01:10:16,816] {dag.py:2931} INFO - Setting next_dagrun for example_task_group to 2022-06-12T01:10:16.816036+00:00, run_after=2022-06-13T01:10:16.816036+00:00
[2022-06-13 01:10:16,841] {processor.py:161} INFO - Processing /home/airflow/.local/lib/python3.7/site-packages/airflow/example_dags/example_task_group.py took 0.341 seconds
[2022-06-13 01:10:46,965] {processor.py:153} INFO - Started process (PID=107) to work on /home/airflow/.local/lib/python3.7/site-packages/airflow/example_dags/example_task_group.py
[2022-06-13 01:10:46,975] {processor.py:641} INFO - Processing file /home/airflow/.local/lib/python3.7/site-packages/airflow/example_dags/example_task_group.py for tasks to queue
[2022-06-13 01:10:46,975] {logging_mixin.py:115} INFO - [2022-06-13 01:10:46,975] {dagbag.py:507} INFO - Filling up the DagBag from /home/airflow/.local/lib/python3.7/site-packages/airflow/example_dags/example_task_group.py
[2022-06-13 01:10:46,983] {processor.py:651} INFO - DAG(s) dict_keys(['example_task_group']) retrieved from /home/airflow/.local/lib/python3.7/site-packages/airflow/example_dags/example_task_group.py
[2022-06-13 01:10:47,029] {logging_mixin.py:115} INFO - [2022-06-13 01:10:47,029] {dag.py:2379} INFO - Sync 1 DAGs
[2022-06-13 01:10:47,065] {logging_mixin.py:115} INFO - [2022-06-13 01:10:47,065] {dag.py:2931} INFO - Setting next_dagrun for example_task_group to 2022-06-12T01:10:47.065368+00:00, run_after=2022-06-13T01:10:47.065368+00:00
[2022-06-13 01:10:47,089] {processor.py:161} INFO - Processing /home/airflow/.local/lib/python3.7/site-packages/airflow/example_dags/example_task_group.py took 0.127 seconds
[2022-06-13 01:11:18,101] {processor.py:153} INFO - Started process (PID=170) to work on /home/airflow/.local/lib/python3.7/site-packages/airflow/example_dags/example_task_group.py
[2022-06-13 01:11:18,102] {processor.py:641} INFO - Processing file /home/airflow/.local/lib/python3.7/site-packages/airflow/example_dags/example_task_group.py for tasks to queue
[2022-06-13 01:11:18,104] {logging_mixin.py:115} INFO - [2022-06-13 01:11:18,103] {dagbag.py:507} INFO - Filling up the DagBag from /home/airflow/.local/lib/python3.7/site-packages/airflow/example_dags/example_task_group.py
[2022-06-13 01:11:18,115] {processor.py:651} INFO - DAG(s) dict_keys(['example_task_group']) retrieved from /home/airflow/.local/lib/python3.7/site-packages/airflow/example_dags/example_task_group.py
[2022-06-13 01:11:18,155] {logging_mixin.py:115} INFO - [2022-06-13 01:11:18,155] {dag.py:2379} INFO - Sync 1 DAGs
[2022-06-13 01:11:18,183] {logging_mixin.py:115} INFO - [2022-06-13 01:11:18,183] {dag.py:2931} INFO - Setting next_dagrun for example_task_group to 2022-06-12T01:11:18.183172+00:00, run_after=2022-06-13T01:11:18.183172+00:00
[2022-06-13 01:11:18,196] {processor.py:161} INFO - Processing /home/airflow/.local/lib/python3.7/site-packages/airflow/example_dags/example_task_group.py took 0.099 seconds
[2022-06-13 01:11:48,896] {processor.py:153} INFO - Started process (PID=233) to work on /home/airflow/.local/lib/python3.7/site-packages/airflow/example_dags/example_task_group.py
[2022-06-13 01:11:48,897] {processor.py:641} INFO - Processing file /home/airflow/.local/lib/python3.7/site-packages/airflow/example_dags/example_task_group.py for tasks to queue
[2022-06-13 01:11:48,897] {logging_mixin.py:115} INFO - [2022-06-13 01:11:48,897] {dagbag.py:507} INFO - Filling up the DagBag from /home/airflow/.local/lib/python3.7/site-packages/airflow/example_dags/example_task_group.py
[2022-06-13 01:11:48,906] {processor.py:651} INFO - DAG(s) dict_keys(['example_task_group']) retrieved from /home/airflow/.local/lib/python3.7/site-packages/airflow/example_dags/example_task_group.py
[2022-06-13 01:11:48,935] {logging_mixin.py:115} INFO - [2022-06-13 01:11:48,935] {dag.py:2379} INFO - Sync 1 DAGs
[2022-06-13 01:11:48,963] {logging_mixin.py:115} INFO - [2022-06-13 01:11:48,963] {dag.py:2931} INFO - Setting next_dagrun for example_task_group to 2022-06-12T01:11:48.963253+00:00, run_after=2022-06-13T01:11:48.963253+00:00
[2022-06-13 01:11:48,979] {processor.py:161} INFO - Processing /home/airflow/.local/lib/python3.7/site-packages/airflow/example_dags/example_task_group.py took 0.087 seconds
[2022-06-13 01:12:19,786] {processor.py:153} INFO - Started process (PID=294) to work on /home/airflow/.local/lib/python3.7/site-packages/airflow/example_dags/example_task_group.py
[2022-06-13 01:12:19,787] {processor.py:641} INFO - Processing file /home/airflow/.local/lib/python3.7/site-packages/airflow/example_dags/example_task_group.py for tasks to queue
[2022-06-13 01:12:19,787] {logging_mixin.py:115} INFO - [2022-06-13 01:12:19,787] {dagbag.py:507} INFO - Filling up the DagBag from /home/airflow/.local/lib/python3.7/site-packages/airflow/example_dags/example_task_group.py
[2022-06-13 01:12:19,795] {processor.py:651} INFO - DAG(s) dict_keys(['example_task_group']) retrieved from /home/airflow/.local/lib/python3.7/site-packages/airflow/example_dags/example_task_group.py
[2022-06-13 01:12:19,823] {logging_mixin.py:115} INFO - [2022-06-13 01:12:19,823] {dag.py:2379} INFO - Sync 1 DAGs
[2022-06-13 01:12:19,846] {logging_mixin.py:115} INFO - [2022-06-13 01:12:19,846] {dag.py:2931} INFO - Setting next_dagrun for example_task_group to 2022-06-12T01:12:19.846592+00:00, run_after=2022-06-13T01:12:19.846592+00:00
[2022-06-13 01:12:19,859] {processor.py:161} INFO - Processing /home/airflow/.local/lib/python3.7/site-packages/airflow/example_dags/example_task_group.py took 0.077 seconds
[2022-06-13 01:12:50,539] {processor.py:153} INFO - Started process (PID=349) to work on /home/airflow/.local/lib/python3.7/site-packages/airflow/example_dags/example_task_group.py
[2022-06-13 01:12:50,539] {processor.py:641} INFO - Processing file /home/airflow/.local/lib/python3.7/site-packages/airflow/example_dags/example_task_group.py for tasks to queue
[2022-06-13 01:12:50,540] {logging_mixin.py:115} INFO - [2022-06-13 01:12:50,540] {dagbag.py:507} INFO - Filling up the DagBag from /home/airflow/.local/lib/python3.7/site-packages/airflow/example_dags/example_task_group.py
[2022-06-13 01:12:50,547] {processor.py:651} INFO - DAG(s) dict_keys(['example_task_group']) retrieved from /home/airflow/.local/lib/python3.7/site-packages/airflow/example_dags/example_task_group.py
[2022-06-13 01:12:50,588] {logging_mixin.py:115} INFO - [2022-06-13 01:12:50,588] {dag.py:2379} INFO - Sync 1 DAGs
[2022-06-13 01:12:50,613] {logging_mixin.py:115} INFO - [2022-06-13 01:12:50,613] {dag.py:2931} INFO - Setting next_dagrun for example_task_group to 2022-06-12T01:12:50.613626+00:00, run_after=2022-06-13T01:12:50.613626+00:00
[2022-06-13 01:12:50,626] {processor.py:161} INFO - Processing /home/airflow/.local/lib/python3.7/site-packages/airflow/example_dags/example_task_group.py took 0.090 seconds
[2022-06-13 01:13:21,243] {processor.py:153} INFO - Started process (PID=412) to work on /home/airflow/.local/lib/python3.7/site-packages/airflow/example_dags/example_task_group.py
[2022-06-13 01:13:21,243] {processor.py:641} INFO - Processing file /home/airflow/.local/lib/python3.7/site-packages/airflow/example_dags/example_task_group.py for tasks to queue
[2022-06-13 01:13:21,244] {logging_mixin.py:115} INFO - [2022-06-13 01:13:21,244] {dagbag.py:507} INFO - Filling up the DagBag from /home/airflow/.local/lib/python3.7/site-packages/airflow/example_dags/example_task_group.py
[2022-06-13 01:13:21,251] {processor.py:651} INFO - DAG(s) dict_keys(['example_task_group']) retrieved from /home/airflow/.local/lib/python3.7/site-packages/airflow/example_dags/example_task_group.py
[2022-06-13 01:13:21,276] {logging_mixin.py:115} INFO - [2022-06-13 01:13:21,276] {dag.py:2379} INFO - Sync 1 DAGs
[2022-06-13 01:13:21,299] {logging_mixin.py:115} INFO - [2022-06-13 01:13:21,299] {dag.py:2931} INFO - Setting next_dagrun for example_task_group to 2022-06-12T01:13:21.299319+00:00, run_after=2022-06-13T01:13:21.299319+00:00
[2022-06-13 01:13:21,314] {processor.py:161} INFO - Processing /home/airflow/.local/lib/python3.7/site-packages/airflow/example_dags/example_task_group.py took 0.074 seconds
[2022-06-13 01:13:52,010] {processor.py:153} INFO - Started process (PID=477) to work on /home/airflow/.local/lib/python3.7/site-packages/airflow/example_dags/example_task_group.py
[2022-06-13 01:13:52,010] {processor.py:641} INFO - Processing file /home/airflow/.local/lib/python3.7/site-packages/airflow/example_dags/example_task_group.py for tasks to queue
[2022-06-13 01:13:52,011] {logging_mixin.py:115} INFO - [2022-06-13 01:13:52,011] {dagbag.py:507} INFO - Filling up the DagBag from /home/airflow/.local/lib/python3.7/site-packages/airflow/example_dags/example_task_group.py
[2022-06-13 01:13:52,018] {processor.py:651} INFO - DAG(s) dict_keys(['example_task_group']) retrieved from /home/airflow/.local/lib/python3.7/site-packages/airflow/example_dags/example_task_group.py
[2022-06-13 01:13:52,049] {logging_mixin.py:115} INFO - [2022-06-13 01:13:52,049] {dag.py:2379} INFO - Sync 1 DAGs
[2022-06-13 01:13:52,080] {logging_mixin.py:115} INFO - [2022-06-13 01:13:52,080] {dag.py:2931} INFO - Setting next_dagrun for example_task_group to 2022-06-12T01:13:52.080096+00:00, run_after=2022-06-13T01:13:52.080096+00:00
[2022-06-13 01:13:52,097] {processor.py:161} INFO - Processing /home/airflow/.local/lib/python3.7/site-packages/airflow/example_dags/example_task_group.py took 0.094 seconds
[2022-06-13 01:14:23,464] {processor.py:153} INFO - Started process (PID=531) to work on /home/airflow/.local/lib/python3.7/site-packages/airflow/example_dags/example_task_group.py
[2022-06-13 01:14:23,464] {processor.py:641} INFO - Processing file /home/airflow/.local/lib/python3.7/site-packages/airflow/example_dags/example_task_group.py for tasks to queue
[2022-06-13 01:14:23,465] {logging_mixin.py:115} INFO - [2022-06-13 01:14:23,465] {dagbag.py:507} INFO - Filling up the DagBag from /home/airflow/.local/lib/python3.7/site-packages/airflow/example_dags/example_task_group.py
[2022-06-13 01:14:23,472] {processor.py:651} INFO - DAG(s) dict_keys(['example_task_group']) retrieved from /home/airflow/.local/lib/python3.7/site-packages/airflow/example_dags/example_task_group.py
[2022-06-13 01:14:23,500] {logging_mixin.py:115} INFO - [2022-06-13 01:14:23,499] {dag.py:2379} INFO - Sync 1 DAGs
[2022-06-13 01:14:23,525] {logging_mixin.py:115} INFO - [2022-06-13 01:14:23,524] {dag.py:2931} INFO - Setting next_dagrun for example_task_group to 2022-06-12T01:14:23.524667+00:00, run_after=2022-06-13T01:14:23.524667+00:00
[2022-06-13 01:14:23,545] {processor.py:161} INFO - Processing /home/airflow/.local/lib/python3.7/site-packages/airflow/example_dags/example_task_group.py took 0.084 seconds
[2022-06-13 01:14:54,697] {processor.py:153} INFO - Started process (PID=594) to work on /home/airflow/.local/lib/python3.7/site-packages/airflow/example_dags/example_task_group.py
[2022-06-13 01:14:54,698] {processor.py:641} INFO - Processing file /home/airflow/.local/lib/python3.7/site-packages/airflow/example_dags/example_task_group.py for tasks to queue
[2022-06-13 01:14:54,698] {logging_mixin.py:115} INFO - [2022-06-13 01:14:54,698] {dagbag.py:507} INFO - Filling up the DagBag from /home/airflow/.local/lib/python3.7/site-packages/airflow/example_dags/example_task_group.py
[2022-06-13 01:14:54,713] {processor.py:651} INFO - DAG(s) dict_keys(['example_task_group']) retrieved from /home/airflow/.local/lib/python3.7/site-packages/airflow/example_dags/example_task_group.py
[2022-06-13 01:14:54,760] {logging_mixin.py:115} INFO - [2022-06-13 01:14:54,760] {dag.py:2379} INFO - Sync 1 DAGs
[2022-06-13 01:14:54,790] {logging_mixin.py:115} INFO - [2022-06-13 01:14:54,790] {dag.py:2931} INFO - Setting next_dagrun for example_task_group to 2022-06-12T01:14:54.790592+00:00, run_after=2022-06-13T01:14:54.790592+00:00
[2022-06-13 01:14:54,805] {processor.py:161} INFO - Processing /home/airflow/.local/lib/python3.7/site-packages/airflow/example_dags/example_task_group.py took 0.112 seconds
[2022-06-13 01:15:25,210] {processor.py:153} INFO - Started process (PID=657) to work on /home/airflow/.local/lib/python3.7/site-packages/airflow/example_dags/example_task_group.py
[2022-06-13 01:15:25,217] {processor.py:641} INFO - Processing file /home/airflow/.local/lib/python3.7/site-packages/airflow/example_dags/example_task_group.py for tasks to queue
[2022-06-13 01:15:25,219] {logging_mixin.py:115} INFO - [2022-06-13 01:15:25,219] {dagbag.py:507} INFO - Filling up the DagBag from /home/airflow/.local/lib/python3.7/site-packages/airflow/example_dags/example_task_group.py
[2022-06-13 01:15:25,225] {processor.py:651} INFO - DAG(s) dict_keys(['example_task_group']) retrieved from /home/airflow/.local/lib/python3.7/site-packages/airflow/example_dags/example_task_group.py
[2022-06-13 01:15:25,313] {logging_mixin.py:115} INFO - [2022-06-13 01:15:25,312] {dag.py:2379} INFO - Sync 1 DAGs
[2022-06-13 01:15:25,405] {logging_mixin.py:115} INFO - [2022-06-13 01:15:25,405] {dag.py:2931} INFO - Setting next_dagrun for example_task_group to 2022-06-12T01:15:25.405022+00:00, run_after=2022-06-13T01:15:25.405022+00:00
[2022-06-13 01:15:25,644] {processor.py:161} INFO - Processing /home/airflow/.local/lib/python3.7/site-packages/airflow/example_dags/example_task_group.py took 0.437 seconds
[2022-06-13 01:15:56,036] {processor.py:153} INFO - Started process (PID=710) to work on /home/airflow/.local/lib/python3.7/site-packages/airflow/example_dags/example_task_group.py
[2022-06-13 01:15:56,037] {processor.py:641} INFO - Processing file /home/airflow/.local/lib/python3.7/site-packages/airflow/example_dags/example_task_group.py for tasks to queue
[2022-06-13 01:15:56,037] {logging_mixin.py:115} INFO - [2022-06-13 01:15:56,037] {dagbag.py:507} INFO - Filling up the DagBag from /home/airflow/.local/lib/python3.7/site-packages/airflow/example_dags/example_task_group.py
[2022-06-13 01:15:56,044] {processor.py:651} INFO - DAG(s) dict_keys(['example_task_group']) retrieved from /home/airflow/.local/lib/python3.7/site-packages/airflow/example_dags/example_task_group.py
[2022-06-13 01:15:56,078] {logging_mixin.py:115} INFO - [2022-06-13 01:15:56,078] {dag.py:2379} INFO - Sync 1 DAGs
[2022-06-13 01:15:56,113] {logging_mixin.py:115} INFO - [2022-06-13 01:15:56,113] {dag.py:2931} INFO - Setting next_dagrun for example_task_group to 2022-06-12T01:15:56.112728+00:00, run_after=2022-06-13T01:15:56.112728+00:00
[2022-06-13 01:15:56,249] {processor.py:161} INFO - Processing /home/airflow/.local/lib/python3.7/site-packages/airflow/example_dags/example_task_group.py took 0.216 seconds
