[2022-06-13 01:10:18,822] {processor.py:153} INFO - Started process (PID=64) to work on /home/airflow/.local/lib/python3.7/site-packages/airflow/example_dags/example_branch_operator.py
[2022-06-13 01:10:18,823] {processor.py:641} INFO - Processing file /home/airflow/.local/lib/python3.7/site-packages/airflow/example_dags/example_branch_operator.py for tasks to queue
[2022-06-13 01:10:18,823] {logging_mixin.py:115} INFO - [2022-06-13 01:10:18,823] {dagbag.py:507} INFO - Filling up the DagBag from /home/airflow/.local/lib/python3.7/site-packages/airflow/example_dags/example_branch_operator.py
[2022-06-13 01:10:18,845] {processor.py:651} INFO - DAG(s) dict_keys(['example_branch_operator']) retrieved from /home/airflow/.local/lib/python3.7/site-packages/airflow/example_dags/example_branch_operator.py
[2022-06-13 01:10:19,239] {logging_mixin.py:115} INFO - [2022-06-13 01:10:19,239] {manager.py:508} INFO - Created Permission View: can edit on DAG:example_branch_operator
[2022-06-13 01:10:19,259] {logging_mixin.py:115} INFO - [2022-06-13 01:10:19,259] {manager.py:508} INFO - Created Permission View: can delete on DAG:example_branch_operator
[2022-06-13 01:10:19,279] {logging_mixin.py:115} INFO - [2022-06-13 01:10:19,279] {manager.py:508} INFO - Created Permission View: can read on DAG:example_branch_operator
[2022-06-13 01:10:19,279] {logging_mixin.py:115} INFO - [2022-06-13 01:10:19,279] {dag.py:2379} INFO - Sync 1 DAGs
[2022-06-13 01:10:19,294] {logging_mixin.py:115} INFO - [2022-06-13 01:10:19,294] {dag.py:2398} INFO - Creating ORM DAG for example_branch_operator
[2022-06-13 01:10:19,315] {logging_mixin.py:115} INFO - [2022-06-13 01:10:19,315] {dag.py:2931} INFO - Setting next_dagrun for example_branch_operator to 2022-06-12T00:00:00+00:00, run_after=2022-06-13T00:00:00+00:00
[2022-06-13 01:10:19,342] {processor.py:161} INFO - Processing /home/airflow/.local/lib/python3.7/site-packages/airflow/example_dags/example_branch_operator.py took 0.524 seconds
[2022-06-13 01:10:50,117] {processor.py:153} INFO - Started process (PID=127) to work on /home/airflow/.local/lib/python3.7/site-packages/airflow/example_dags/example_branch_operator.py
[2022-06-13 01:10:50,118] {processor.py:641} INFO - Processing file /home/airflow/.local/lib/python3.7/site-packages/airflow/example_dags/example_branch_operator.py for tasks to queue
[2022-06-13 01:10:50,119] {logging_mixin.py:115} INFO - [2022-06-13 01:10:50,119] {dagbag.py:507} INFO - Filling up the DagBag from /home/airflow/.local/lib/python3.7/site-packages/airflow/example_dags/example_branch_operator.py
[2022-06-13 01:10:50,129] {processor.py:651} INFO - DAG(s) dict_keys(['example_branch_operator']) retrieved from /home/airflow/.local/lib/python3.7/site-packages/airflow/example_dags/example_branch_operator.py
[2022-06-13 01:10:50,165] {logging_mixin.py:115} INFO - [2022-06-13 01:10:50,165] {dag.py:2379} INFO - Sync 1 DAGs
[2022-06-13 01:10:50,229] {logging_mixin.py:115} INFO - [2022-06-13 01:10:50,229] {dag.py:2931} INFO - Setting next_dagrun for example_branch_operator to 2022-06-12T00:00:00+00:00, run_after=2022-06-13T00:00:00+00:00
[2022-06-13 01:10:50,346] {processor.py:161} INFO - Processing /home/airflow/.local/lib/python3.7/site-packages/airflow/example_dags/example_branch_operator.py took 0.232 seconds
[2022-06-13 01:11:20,903] {processor.py:153} INFO - Started process (PID=181) to work on /home/airflow/.local/lib/python3.7/site-packages/airflow/example_dags/example_branch_operator.py
[2022-06-13 01:11:20,904] {processor.py:641} INFO - Processing file /home/airflow/.local/lib/python3.7/site-packages/airflow/example_dags/example_branch_operator.py for tasks to queue
[2022-06-13 01:11:20,905] {logging_mixin.py:115} INFO - [2022-06-13 01:11:20,905] {dagbag.py:507} INFO - Filling up the DagBag from /home/airflow/.local/lib/python3.7/site-packages/airflow/example_dags/example_branch_operator.py
[2022-06-13 01:11:20,915] {processor.py:651} INFO - DAG(s) dict_keys(['example_branch_operator']) retrieved from /home/airflow/.local/lib/python3.7/site-packages/airflow/example_dags/example_branch_operator.py
[2022-06-13 01:11:20,942] {logging_mixin.py:115} INFO - [2022-06-13 01:11:20,942] {dag.py:2379} INFO - Sync 1 DAGs
[2022-06-13 01:11:20,969] {logging_mixin.py:115} INFO - [2022-06-13 01:11:20,969] {dag.py:2931} INFO - Setting next_dagrun for example_branch_operator to 2022-06-12T00:00:00+00:00, run_after=2022-06-13T00:00:00+00:00
[2022-06-13 01:11:21,088] {processor.py:161} INFO - Processing /home/airflow/.local/lib/python3.7/site-packages/airflow/example_dags/example_branch_operator.py took 0.188 seconds
[2022-06-13 01:11:51,756] {processor.py:153} INFO - Started process (PID=244) to work on /home/airflow/.local/lib/python3.7/site-packages/airflow/example_dags/example_branch_operator.py
[2022-06-13 01:11:51,756] {processor.py:641} INFO - Processing file /home/airflow/.local/lib/python3.7/site-packages/airflow/example_dags/example_branch_operator.py for tasks to queue
[2022-06-13 01:11:51,757] {logging_mixin.py:115} INFO - [2022-06-13 01:11:51,757] {dagbag.py:507} INFO - Filling up the DagBag from /home/airflow/.local/lib/python3.7/site-packages/airflow/example_dags/example_branch_operator.py
[2022-06-13 01:11:51,767] {processor.py:651} INFO - DAG(s) dict_keys(['example_branch_operator']) retrieved from /home/airflow/.local/lib/python3.7/site-packages/airflow/example_dags/example_branch_operator.py
[2022-06-13 01:11:51,796] {logging_mixin.py:115} INFO - [2022-06-13 01:11:51,796] {dag.py:2379} INFO - Sync 1 DAGs
[2022-06-13 01:11:51,822] {logging_mixin.py:115} INFO - [2022-06-13 01:11:51,821] {dag.py:2931} INFO - Setting next_dagrun for example_branch_operator to 2022-06-12T00:00:00+00:00, run_after=2022-06-13T00:00:00+00:00
[2022-06-13 01:11:51,956] {processor.py:161} INFO - Processing /home/airflow/.local/lib/python3.7/site-packages/airflow/example_dags/example_branch_operator.py took 0.203 seconds
[2022-06-13 01:12:22,524] {processor.py:153} INFO - Started process (PID=307) to work on /home/airflow/.local/lib/python3.7/site-packages/airflow/example_dags/example_branch_operator.py
[2022-06-13 01:12:22,525] {processor.py:641} INFO - Processing file /home/airflow/.local/lib/python3.7/site-packages/airflow/example_dags/example_branch_operator.py for tasks to queue
[2022-06-13 01:12:22,526] {logging_mixin.py:115} INFO - [2022-06-13 01:12:22,526] {dagbag.py:507} INFO - Filling up the DagBag from /home/airflow/.local/lib/python3.7/site-packages/airflow/example_dags/example_branch_operator.py
[2022-06-13 01:12:22,536] {processor.py:651} INFO - DAG(s) dict_keys(['example_branch_operator']) retrieved from /home/airflow/.local/lib/python3.7/site-packages/airflow/example_dags/example_branch_operator.py
[2022-06-13 01:12:22,564] {logging_mixin.py:115} INFO - [2022-06-13 01:12:22,563] {dag.py:2379} INFO - Sync 1 DAGs
[2022-06-13 01:12:22,589] {logging_mixin.py:115} INFO - [2022-06-13 01:12:22,588] {dag.py:2931} INFO - Setting next_dagrun for example_branch_operator to 2022-06-12T00:00:00+00:00, run_after=2022-06-13T00:00:00+00:00
[2022-06-13 01:12:22,707] {processor.py:161} INFO - Processing /home/airflow/.local/lib/python3.7/site-packages/airflow/example_dags/example_branch_operator.py took 0.186 seconds
[2022-06-13 01:12:53,412] {processor.py:153} INFO - Started process (PID=360) to work on /home/airflow/.local/lib/python3.7/site-packages/airflow/example_dags/example_branch_operator.py
[2022-06-13 01:12:53,412] {processor.py:641} INFO - Processing file /home/airflow/.local/lib/python3.7/site-packages/airflow/example_dags/example_branch_operator.py for tasks to queue
[2022-06-13 01:12:53,413] {logging_mixin.py:115} INFO - [2022-06-13 01:12:53,413] {dagbag.py:507} INFO - Filling up the DagBag from /home/airflow/.local/lib/python3.7/site-packages/airflow/example_dags/example_branch_operator.py
[2022-06-13 01:12:53,423] {processor.py:651} INFO - DAG(s) dict_keys(['example_branch_operator']) retrieved from /home/airflow/.local/lib/python3.7/site-packages/airflow/example_dags/example_branch_operator.py
[2022-06-13 01:12:53,451] {logging_mixin.py:115} INFO - [2022-06-13 01:12:53,450] {dag.py:2379} INFO - Sync 1 DAGs
[2022-06-13 01:12:53,476] {logging_mixin.py:115} INFO - [2022-06-13 01:12:53,476] {dag.py:2931} INFO - Setting next_dagrun for example_branch_operator to 2022-06-12T00:00:00+00:00, run_after=2022-06-13T00:00:00+00:00
[2022-06-13 01:12:53,624] {processor.py:161} INFO - Processing /home/airflow/.local/lib/python3.7/site-packages/airflow/example_dags/example_branch_operator.py took 0.215 seconds
[2022-06-13 01:13:24,189] {processor.py:153} INFO - Started process (PID=424) to work on /home/airflow/.local/lib/python3.7/site-packages/airflow/example_dags/example_branch_operator.py
[2022-06-13 01:13:24,190] {processor.py:641} INFO - Processing file /home/airflow/.local/lib/python3.7/site-packages/airflow/example_dags/example_branch_operator.py for tasks to queue
[2022-06-13 01:13:24,190] {logging_mixin.py:115} INFO - [2022-06-13 01:13:24,190] {dagbag.py:507} INFO - Filling up the DagBag from /home/airflow/.local/lib/python3.7/site-packages/airflow/example_dags/example_branch_operator.py
[2022-06-13 01:13:24,202] {processor.py:651} INFO - DAG(s) dict_keys(['example_branch_operator']) retrieved from /home/airflow/.local/lib/python3.7/site-packages/airflow/example_dags/example_branch_operator.py
[2022-06-13 01:13:24,230] {logging_mixin.py:115} INFO - [2022-06-13 01:13:24,230] {dag.py:2379} INFO - Sync 1 DAGs
[2022-06-13 01:13:24,255] {logging_mixin.py:115} INFO - [2022-06-13 01:13:24,254] {dag.py:2931} INFO - Setting next_dagrun for example_branch_operator to 2022-06-12T00:00:00+00:00, run_after=2022-06-13T00:00:00+00:00
[2022-06-13 01:13:24,379] {processor.py:161} INFO - Processing /home/airflow/.local/lib/python3.7/site-packages/airflow/example_dags/example_branch_operator.py took 0.193 seconds
[2022-06-13 01:13:55,125] {processor.py:153} INFO - Started process (PID=489) to work on /home/airflow/.local/lib/python3.7/site-packages/airflow/example_dags/example_branch_operator.py
[2022-06-13 01:13:55,126] {processor.py:641} INFO - Processing file /home/airflow/.local/lib/python3.7/site-packages/airflow/example_dags/example_branch_operator.py for tasks to queue
[2022-06-13 01:13:55,126] {logging_mixin.py:115} INFO - [2022-06-13 01:13:55,126] {dagbag.py:507} INFO - Filling up the DagBag from /home/airflow/.local/lib/python3.7/site-packages/airflow/example_dags/example_branch_operator.py
[2022-06-13 01:13:55,136] {processor.py:651} INFO - DAG(s) dict_keys(['example_branch_operator']) retrieved from /home/airflow/.local/lib/python3.7/site-packages/airflow/example_dags/example_branch_operator.py
[2022-06-13 01:13:55,164] {logging_mixin.py:115} INFO - [2022-06-13 01:13:55,164] {dag.py:2379} INFO - Sync 1 DAGs
[2022-06-13 01:13:55,191] {logging_mixin.py:115} INFO - [2022-06-13 01:13:55,191] {dag.py:2931} INFO - Setting next_dagrun for example_branch_operator to 2022-06-12T00:00:00+00:00, run_after=2022-06-13T00:00:00+00:00
[2022-06-13 01:13:55,310] {processor.py:161} INFO - Processing /home/airflow/.local/lib/python3.7/site-packages/airflow/example_dags/example_branch_operator.py took 0.188 seconds
[2022-06-13 01:14:25,457] {processor.py:153} INFO - Started process (PID=542) to work on /home/airflow/.local/lib/python3.7/site-packages/airflow/example_dags/example_branch_operator.py
[2022-06-13 01:14:25,462] {processor.py:641} INFO - Processing file /home/airflow/.local/lib/python3.7/site-packages/airflow/example_dags/example_branch_operator.py for tasks to queue
[2022-06-13 01:14:25,462] {logging_mixin.py:115} INFO - [2022-06-13 01:14:25,462] {dagbag.py:507} INFO - Filling up the DagBag from /home/airflow/.local/lib/python3.7/site-packages/airflow/example_dags/example_branch_operator.py
[2022-06-13 01:14:25,472] {processor.py:651} INFO - DAG(s) dict_keys(['example_branch_operator']) retrieved from /home/airflow/.local/lib/python3.7/site-packages/airflow/example_dags/example_branch_operator.py
[2022-06-13 01:14:25,498] {logging_mixin.py:115} INFO - [2022-06-13 01:14:25,498] {dag.py:2379} INFO - Sync 1 DAGs
[2022-06-13 01:14:25,523] {logging_mixin.py:115} INFO - [2022-06-13 01:14:25,523] {dag.py:2931} INFO - Setting next_dagrun for example_branch_operator to 2022-06-12T00:00:00+00:00, run_after=2022-06-13T00:00:00+00:00
[2022-06-13 01:14:25,638] {processor.py:161} INFO - Processing /home/airflow/.local/lib/python3.7/site-packages/airflow/example_dags/example_branch_operator.py took 0.184 seconds
[2022-06-13 01:14:55,724] {processor.py:153} INFO - Started process (PID=605) to work on /home/airflow/.local/lib/python3.7/site-packages/airflow/example_dags/example_branch_operator.py
[2022-06-13 01:14:55,725] {processor.py:641} INFO - Processing file /home/airflow/.local/lib/python3.7/site-packages/airflow/example_dags/example_branch_operator.py for tasks to queue
[2022-06-13 01:14:55,726] {logging_mixin.py:115} INFO - [2022-06-13 01:14:55,726] {dagbag.py:507} INFO - Filling up the DagBag from /home/airflow/.local/lib/python3.7/site-packages/airflow/example_dags/example_branch_operator.py
[2022-06-13 01:14:55,736] {processor.py:651} INFO - DAG(s) dict_keys(['example_branch_operator']) retrieved from /home/airflow/.local/lib/python3.7/site-packages/airflow/example_dags/example_branch_operator.py
[2022-06-13 01:14:55,765] {logging_mixin.py:115} INFO - [2022-06-13 01:14:55,765] {dag.py:2379} INFO - Sync 1 DAGs
[2022-06-13 01:14:55,801] {logging_mixin.py:115} INFO - [2022-06-13 01:14:55,801] {dag.py:2931} INFO - Setting next_dagrun for example_branch_operator to 2022-06-12T00:00:00+00:00, run_after=2022-06-13T00:00:00+00:00
[2022-06-13 01:14:55,959] {processor.py:161} INFO - Processing /home/airflow/.local/lib/python3.7/site-packages/airflow/example_dags/example_branch_operator.py took 0.241 seconds
[2022-06-13 01:15:27,219] {processor.py:153} INFO - Started process (PID=668) to work on /home/airflow/.local/lib/python3.7/site-packages/airflow/example_dags/example_branch_operator.py
[2022-06-13 01:15:27,220] {processor.py:641} INFO - Processing file /home/airflow/.local/lib/python3.7/site-packages/airflow/example_dags/example_branch_operator.py for tasks to queue
[2022-06-13 01:15:27,220] {logging_mixin.py:115} INFO - [2022-06-13 01:15:27,220] {dagbag.py:507} INFO - Filling up the DagBag from /home/airflow/.local/lib/python3.7/site-packages/airflow/example_dags/example_branch_operator.py
[2022-06-13 01:15:27,234] {processor.py:651} INFO - DAG(s) dict_keys(['example_branch_operator']) retrieved from /home/airflow/.local/lib/python3.7/site-packages/airflow/example_dags/example_branch_operator.py
[2022-06-13 01:15:27,264] {logging_mixin.py:115} INFO - [2022-06-13 01:15:27,264] {dag.py:2379} INFO - Sync 1 DAGs
[2022-06-13 01:15:27,454] {logging_mixin.py:115} INFO - [2022-06-13 01:15:27,454] {dag.py:2931} INFO - Setting next_dagrun for example_branch_operator to 2022-06-12T00:00:00+00:00, run_after=2022-06-13T00:00:00+00:00
[2022-06-13 01:15:27,486] {processor.py:161} INFO - Processing /home/airflow/.local/lib/python3.7/site-packages/airflow/example_dags/example_branch_operator.py took 0.270 seconds
[2022-06-13 01:15:58,386] {processor.py:153} INFO - Started process (PID=721) to work on /home/airflow/.local/lib/python3.7/site-packages/airflow/example_dags/example_branch_operator.py
[2022-06-13 01:15:58,387] {processor.py:641} INFO - Processing file /home/airflow/.local/lib/python3.7/site-packages/airflow/example_dags/example_branch_operator.py for tasks to queue
[2022-06-13 01:15:58,389] {logging_mixin.py:115} INFO - [2022-06-13 01:15:58,389] {dagbag.py:507} INFO - Filling up the DagBag from /home/airflow/.local/lib/python3.7/site-packages/airflow/example_dags/example_branch_operator.py
[2022-06-13 01:15:58,417] {processor.py:651} INFO - DAG(s) dict_keys(['example_branch_operator']) retrieved from /home/airflow/.local/lib/python3.7/site-packages/airflow/example_dags/example_branch_operator.py
[2022-06-13 01:15:58,462] {logging_mixin.py:115} INFO - [2022-06-13 01:15:58,462] {dag.py:2379} INFO - Sync 1 DAGs
[2022-06-13 01:15:58,611] {logging_mixin.py:115} INFO - [2022-06-13 01:15:58,610] {dag.py:2931} INFO - Setting next_dagrun for example_branch_operator to 2022-06-12T00:00:00+00:00, run_after=2022-06-13T00:00:00+00:00
[2022-06-13 01:15:58,624] {processor.py:161} INFO - Processing /home/airflow/.local/lib/python3.7/site-packages/airflow/example_dags/example_branch_operator.py took 0.242 seconds
[2022-06-13 01:16:29,367] {processor.py:153} INFO - Started process (PID=784) to work on /home/airflow/.local/lib/python3.7/site-packages/airflow/example_dags/example_branch_operator.py
[2022-06-13 01:16:29,367] {processor.py:641} INFO - Processing file /home/airflow/.local/lib/python3.7/site-packages/airflow/example_dags/example_branch_operator.py for tasks to queue
[2022-06-13 01:16:29,368] {logging_mixin.py:115} INFO - [2022-06-13 01:16:29,368] {dagbag.py:507} INFO - Filling up the DagBag from /home/airflow/.local/lib/python3.7/site-packages/airflow/example_dags/example_branch_operator.py
[2022-06-13 01:16:29,378] {processor.py:651} INFO - DAG(s) dict_keys(['example_branch_operator']) retrieved from /home/airflow/.local/lib/python3.7/site-packages/airflow/example_dags/example_branch_operator.py
[2022-06-13 01:16:29,405] {logging_mixin.py:115} INFO - [2022-06-13 01:16:29,405] {dag.py:2379} INFO - Sync 1 DAGs
[2022-06-13 01:16:29,547] {logging_mixin.py:115} INFO - [2022-06-13 01:16:29,547] {dag.py:2931} INFO - Setting next_dagrun for example_branch_operator to 2022-06-12T00:00:00+00:00, run_after=2022-06-13T00:00:00+00:00
[2022-06-13 01:16:29,568] {processor.py:161} INFO - Processing /home/airflow/.local/lib/python3.7/site-packages/airflow/example_dags/example_branch_operator.py took 0.208 seconds
[2022-06-13 01:17:00,814] {processor.py:153} INFO - Started process (PID=848) to work on /home/airflow/.local/lib/python3.7/site-packages/airflow/example_dags/example_branch_operator.py
[2022-06-13 01:17:00,814] {processor.py:641} INFO - Processing file /home/airflow/.local/lib/python3.7/site-packages/airflow/example_dags/example_branch_operator.py for tasks to queue
[2022-06-13 01:17:00,815] {logging_mixin.py:115} INFO - [2022-06-13 01:17:00,815] {dagbag.py:507} INFO - Filling up the DagBag from /home/airflow/.local/lib/python3.7/site-packages/airflow/example_dags/example_branch_operator.py
[2022-06-13 01:17:00,836] {processor.py:651} INFO - DAG(s) dict_keys(['example_branch_operator']) retrieved from /home/airflow/.local/lib/python3.7/site-packages/airflow/example_dags/example_branch_operator.py
[2022-06-13 01:17:00,877] {logging_mixin.py:115} INFO - [2022-06-13 01:17:00,877] {dag.py:2379} INFO - Sync 1 DAGs
[2022-06-13 01:17:01,014] {logging_mixin.py:115} INFO - [2022-06-13 01:17:01,014] {dag.py:2931} INFO - Setting next_dagrun for example_branch_operator to 2022-06-12T00:00:00+00:00, run_after=2022-06-13T00:00:00+00:00
[2022-06-13 01:17:01,026] {processor.py:161} INFO - Processing /home/airflow/.local/lib/python3.7/site-packages/airflow/example_dags/example_branch_operator.py took 0.216 seconds
