[2022-06-13 01:10:15,627] {processor.py:153} INFO - Started process (PID=49) to work on /home/airflow/.local/lib/python3.7/site-packages/airflow/example_dags/example_kubernetes_executor.py
[2022-06-13 01:10:15,627] {processor.py:641} INFO - Processing file /home/airflow/.local/lib/python3.7/site-packages/airflow/example_dags/example_kubernetes_executor.py for tasks to queue
[2022-06-13 01:10:15,628] {logging_mixin.py:115} INFO - [2022-06-13 01:10:15,627] {dagbag.py:507} INFO - Filling up the DagBag from /home/airflow/.local/lib/python3.7/site-packages/airflow/example_dags/example_kubernetes_executor.py
[2022-06-13 01:10:15,695] {processor.py:651} INFO - DAG(s) dict_keys(['example_kubernetes_executor']) retrieved from /home/airflow/.local/lib/python3.7/site-packages/airflow/example_dags/example_kubernetes_executor.py
[2022-06-13 01:10:15,987] {logging_mixin.py:115} INFO - [2022-06-13 01:10:15,987] {manager.py:508} INFO - Created Permission View: can edit on DAG:example_kubernetes_executor
[2022-06-13 01:10:16,003] {logging_mixin.py:115} INFO - [2022-06-13 01:10:16,003] {manager.py:508} INFO - Created Permission View: can delete on DAG:example_kubernetes_executor
[2022-06-13 01:10:16,026] {logging_mixin.py:115} INFO - [2022-06-13 01:10:16,026] {manager.py:508} INFO - Created Permission View: can read on DAG:example_kubernetes_executor
[2022-06-13 01:10:16,027] {logging_mixin.py:115} INFO - [2022-06-13 01:10:16,027] {dag.py:2379} INFO - Sync 1 DAGs
[2022-06-13 01:10:16,034] {logging_mixin.py:115} INFO - [2022-06-13 01:10:16,034] {dag.py:2398} INFO - Creating ORM DAG for example_kubernetes_executor
[2022-06-13 01:10:16,056] {logging_mixin.py:115} INFO - [2022-06-13 01:10:16,056] {dag.py:2931} INFO - Setting next_dagrun for example_kubernetes_executor to None, run_after=None
[2022-06-13 01:10:16,090] {processor.py:161} INFO - Processing /home/airflow/.local/lib/python3.7/site-packages/airflow/example_dags/example_kubernetes_executor.py took 0.467 seconds
[2022-06-13 01:10:46,483] {processor.py:153} INFO - Started process (PID=103) to work on /home/airflow/.local/lib/python3.7/site-packages/airflow/example_dags/example_kubernetes_executor.py
[2022-06-13 01:10:46,487] {processor.py:641} INFO - Processing file /home/airflow/.local/lib/python3.7/site-packages/airflow/example_dags/example_kubernetes_executor.py for tasks to queue
[2022-06-13 01:10:46,488] {logging_mixin.py:115} INFO - [2022-06-13 01:10:46,488] {dagbag.py:507} INFO - Filling up the DagBag from /home/airflow/.local/lib/python3.7/site-packages/airflow/example_dags/example_kubernetes_executor.py
[2022-06-13 01:10:46,516] {processor.py:651} INFO - DAG(s) dict_keys(['example_kubernetes_executor']) retrieved from /home/airflow/.local/lib/python3.7/site-packages/airflow/example_dags/example_kubernetes_executor.py
[2022-06-13 01:10:46,576] {logging_mixin.py:115} INFO - [2022-06-13 01:10:46,576] {dag.py:2379} INFO - Sync 1 DAGs
[2022-06-13 01:10:46,709] {logging_mixin.py:115} INFO - [2022-06-13 01:10:46,709] {dag.py:2931} INFO - Setting next_dagrun for example_kubernetes_executor to None, run_after=None
[2022-06-13 01:10:46,720] {processor.py:161} INFO - Processing /home/airflow/.local/lib/python3.7/site-packages/airflow/example_dags/example_kubernetes_executor.py took 0.240 seconds
[2022-06-13 01:11:17,463] {processor.py:153} INFO - Started process (PID=166) to work on /home/airflow/.local/lib/python3.7/site-packages/airflow/example_dags/example_kubernetes_executor.py
[2022-06-13 01:11:17,464] {processor.py:641} INFO - Processing file /home/airflow/.local/lib/python3.7/site-packages/airflow/example_dags/example_kubernetes_executor.py for tasks to queue
[2022-06-13 01:11:17,464] {logging_mixin.py:115} INFO - [2022-06-13 01:11:17,464] {dagbag.py:507} INFO - Filling up the DagBag from /home/airflow/.local/lib/python3.7/site-packages/airflow/example_dags/example_kubernetes_executor.py
[2022-06-13 01:11:17,504] {processor.py:651} INFO - DAG(s) dict_keys(['example_kubernetes_executor']) retrieved from /home/airflow/.local/lib/python3.7/site-packages/airflow/example_dags/example_kubernetes_executor.py
[2022-06-13 01:11:17,540] {logging_mixin.py:115} INFO - [2022-06-13 01:11:17,540] {dag.py:2379} INFO - Sync 1 DAGs
[2022-06-13 01:11:17,739] {logging_mixin.py:115} INFO - [2022-06-13 01:11:17,739] {dag.py:2931} INFO - Setting next_dagrun for example_kubernetes_executor to None, run_after=None
[2022-06-13 01:11:17,751] {processor.py:161} INFO - Processing /home/airflow/.local/lib/python3.7/site-packages/airflow/example_dags/example_kubernetes_executor.py took 0.291 seconds
[2022-06-13 01:11:48,414] {processor.py:153} INFO - Started process (PID=229) to work on /home/airflow/.local/lib/python3.7/site-packages/airflow/example_dags/example_kubernetes_executor.py
[2022-06-13 01:11:48,415] {processor.py:641} INFO - Processing file /home/airflow/.local/lib/python3.7/site-packages/airflow/example_dags/example_kubernetes_executor.py for tasks to queue
[2022-06-13 01:11:48,415] {logging_mixin.py:115} INFO - [2022-06-13 01:11:48,415] {dagbag.py:507} INFO - Filling up the DagBag from /home/airflow/.local/lib/python3.7/site-packages/airflow/example_dags/example_kubernetes_executor.py
[2022-06-13 01:11:48,439] {processor.py:651} INFO - DAG(s) dict_keys(['example_kubernetes_executor']) retrieved from /home/airflow/.local/lib/python3.7/site-packages/airflow/example_dags/example_kubernetes_executor.py
[2022-06-13 01:11:48,469] {logging_mixin.py:115} INFO - [2022-06-13 01:11:48,469] {dag.py:2379} INFO - Sync 1 DAGs
[2022-06-13 01:11:48,606] {logging_mixin.py:115} INFO - [2022-06-13 01:11:48,606] {dag.py:2931} INFO - Setting next_dagrun for example_kubernetes_executor to None, run_after=None
[2022-06-13 01:11:48,623] {processor.py:161} INFO - Processing /home/airflow/.local/lib/python3.7/site-packages/airflow/example_dags/example_kubernetes_executor.py took 0.212 seconds
[2022-06-13 01:12:19,415] {processor.py:153} INFO - Started process (PID=283) to work on /home/airflow/.local/lib/python3.7/site-packages/airflow/example_dags/example_kubernetes_executor.py
[2022-06-13 01:12:19,416] {processor.py:641} INFO - Processing file /home/airflow/.local/lib/python3.7/site-packages/airflow/example_dags/example_kubernetes_executor.py for tasks to queue
[2022-06-13 01:12:19,416] {logging_mixin.py:115} INFO - [2022-06-13 01:12:19,416] {dagbag.py:507} INFO - Filling up the DagBag from /home/airflow/.local/lib/python3.7/site-packages/airflow/example_dags/example_kubernetes_executor.py
[2022-06-13 01:12:19,441] {processor.py:651} INFO - DAG(s) dict_keys(['example_kubernetes_executor']) retrieved from /home/airflow/.local/lib/python3.7/site-packages/airflow/example_dags/example_kubernetes_executor.py
[2022-06-13 01:12:19,467] {logging_mixin.py:115} INFO - [2022-06-13 01:12:19,467] {dag.py:2379} INFO - Sync 1 DAGs
[2022-06-13 01:12:19,619] {logging_mixin.py:115} INFO - [2022-06-13 01:12:19,619] {dag.py:2931} INFO - Setting next_dagrun for example_kubernetes_executor to None, run_after=None
[2022-06-13 01:12:19,638] {processor.py:161} INFO - Processing /home/airflow/.local/lib/python3.7/site-packages/airflow/example_dags/example_kubernetes_executor.py took 0.226 seconds
[2022-06-13 01:12:50,220] {processor.py:153} INFO - Started process (PID=345) to work on /home/airflow/.local/lib/python3.7/site-packages/airflow/example_dags/example_kubernetes_executor.py
[2022-06-13 01:12:50,220] {processor.py:641} INFO - Processing file /home/airflow/.local/lib/python3.7/site-packages/airflow/example_dags/example_kubernetes_executor.py for tasks to queue
[2022-06-13 01:12:50,221] {logging_mixin.py:115} INFO - [2022-06-13 01:12:50,221] {dagbag.py:507} INFO - Filling up the DagBag from /home/airflow/.local/lib/python3.7/site-packages/airflow/example_dags/example_kubernetes_executor.py
[2022-06-13 01:12:50,244] {processor.py:651} INFO - DAG(s) dict_keys(['example_kubernetes_executor']) retrieved from /home/airflow/.local/lib/python3.7/site-packages/airflow/example_dags/example_kubernetes_executor.py
[2022-06-13 01:12:50,269] {logging_mixin.py:115} INFO - [2022-06-13 01:12:50,269] {dag.py:2379} INFO - Sync 1 DAGs
[2022-06-13 01:12:50,395] {logging_mixin.py:115} INFO - [2022-06-13 01:12:50,395] {dag.py:2931} INFO - Setting next_dagrun for example_kubernetes_executor to None, run_after=None
[2022-06-13 01:12:50,406] {processor.py:161} INFO - Processing /home/airflow/.local/lib/python3.7/site-packages/airflow/example_dags/example_kubernetes_executor.py took 0.190 seconds
[2022-06-13 01:13:20,957] {processor.py:153} INFO - Started process (PID=409) to work on /home/airflow/.local/lib/python3.7/site-packages/airflow/example_dags/example_kubernetes_executor.py
[2022-06-13 01:13:20,958] {processor.py:641} INFO - Processing file /home/airflow/.local/lib/python3.7/site-packages/airflow/example_dags/example_kubernetes_executor.py for tasks to queue
[2022-06-13 01:13:20,958] {logging_mixin.py:115} INFO - [2022-06-13 01:13:20,958] {dagbag.py:507} INFO - Filling up the DagBag from /home/airflow/.local/lib/python3.7/site-packages/airflow/example_dags/example_kubernetes_executor.py
[2022-06-13 01:13:20,981] {processor.py:651} INFO - DAG(s) dict_keys(['example_kubernetes_executor']) retrieved from /home/airflow/.local/lib/python3.7/site-packages/airflow/example_dags/example_kubernetes_executor.py
[2022-06-13 01:13:21,006] {logging_mixin.py:115} INFO - [2022-06-13 01:13:21,006] {dag.py:2379} INFO - Sync 1 DAGs
[2022-06-13 01:13:21,133] {logging_mixin.py:115} INFO - [2022-06-13 01:13:21,133] {dag.py:2931} INFO - Setting next_dagrun for example_kubernetes_executor to None, run_after=None
[2022-06-13 01:13:21,143] {processor.py:161} INFO - Processing /home/airflow/.local/lib/python3.7/site-packages/airflow/example_dags/example_kubernetes_executor.py took 0.189 seconds
[2022-06-13 01:13:51,686] {processor.py:153} INFO - Started process (PID=472) to work on /home/airflow/.local/lib/python3.7/site-packages/airflow/example_dags/example_kubernetes_executor.py
[2022-06-13 01:13:51,687] {processor.py:641} INFO - Processing file /home/airflow/.local/lib/python3.7/site-packages/airflow/example_dags/example_kubernetes_executor.py for tasks to queue
[2022-06-13 01:13:51,687] {logging_mixin.py:115} INFO - [2022-06-13 01:13:51,687] {dagbag.py:507} INFO - Filling up the DagBag from /home/airflow/.local/lib/python3.7/site-packages/airflow/example_dags/example_kubernetes_executor.py
[2022-06-13 01:13:51,719] {processor.py:651} INFO - DAG(s) dict_keys(['example_kubernetes_executor']) retrieved from /home/airflow/.local/lib/python3.7/site-packages/airflow/example_dags/example_kubernetes_executor.py
[2022-06-13 01:13:51,762] {logging_mixin.py:115} INFO - [2022-06-13 01:13:51,762] {dag.py:2379} INFO - Sync 1 DAGs
[2022-06-13 01:13:51,891] {logging_mixin.py:115} INFO - [2022-06-13 01:13:51,891] {dag.py:2931} INFO - Setting next_dagrun for example_kubernetes_executor to None, run_after=None
[2022-06-13 01:13:51,904] {processor.py:161} INFO - Processing /home/airflow/.local/lib/python3.7/site-packages/airflow/example_dags/example_kubernetes_executor.py took 0.221 seconds
[2022-06-13 01:14:22,824] {processor.py:153} INFO - Started process (PID=527) to work on /home/airflow/.local/lib/python3.7/site-packages/airflow/example_dags/example_kubernetes_executor.py
[2022-06-13 01:14:22,825] {processor.py:641} INFO - Processing file /home/airflow/.local/lib/python3.7/site-packages/airflow/example_dags/example_kubernetes_executor.py for tasks to queue
[2022-06-13 01:14:22,825] {logging_mixin.py:115} INFO - [2022-06-13 01:14:22,825] {dagbag.py:507} INFO - Filling up the DagBag from /home/airflow/.local/lib/python3.7/site-packages/airflow/example_dags/example_kubernetes_executor.py
[2022-06-13 01:14:22,848] {processor.py:651} INFO - DAG(s) dict_keys(['example_kubernetes_executor']) retrieved from /home/airflow/.local/lib/python3.7/site-packages/airflow/example_dags/example_kubernetes_executor.py
[2022-06-13 01:14:22,887] {logging_mixin.py:115} INFO - [2022-06-13 01:14:22,887] {dag.py:2379} INFO - Sync 1 DAGs
[2022-06-13 01:14:23,056] {logging_mixin.py:115} INFO - [2022-06-13 01:14:23,056] {dag.py:2931} INFO - Setting next_dagrun for example_kubernetes_executor to None, run_after=None
[2022-06-13 01:14:23,079] {processor.py:161} INFO - Processing /home/airflow/.local/lib/python3.7/site-packages/airflow/example_dags/example_kubernetes_executor.py took 0.258 seconds
[2022-06-13 01:14:54,092] {processor.py:153} INFO - Started process (PID=590) to work on /home/airflow/.local/lib/python3.7/site-packages/airflow/example_dags/example_kubernetes_executor.py
[2022-06-13 01:14:54,093] {processor.py:641} INFO - Processing file /home/airflow/.local/lib/python3.7/site-packages/airflow/example_dags/example_kubernetes_executor.py for tasks to queue
[2022-06-13 01:14:54,093] {logging_mixin.py:115} INFO - [2022-06-13 01:14:54,093] {dagbag.py:507} INFO - Filling up the DagBag from /home/airflow/.local/lib/python3.7/site-packages/airflow/example_dags/example_kubernetes_executor.py
[2022-06-13 01:14:54,117] {processor.py:651} INFO - DAG(s) dict_keys(['example_kubernetes_executor']) retrieved from /home/airflow/.local/lib/python3.7/site-packages/airflow/example_dags/example_kubernetes_executor.py
[2022-06-13 01:14:54,143] {logging_mixin.py:115} INFO - [2022-06-13 01:14:54,143] {dag.py:2379} INFO - Sync 1 DAGs
[2022-06-13 01:14:54,310] {logging_mixin.py:115} INFO - [2022-06-13 01:14:54,310] {dag.py:2931} INFO - Setting next_dagrun for example_kubernetes_executor to None, run_after=None
[2022-06-13 01:14:54,327] {processor.py:161} INFO - Processing /home/airflow/.local/lib/python3.7/site-packages/airflow/example_dags/example_kubernetes_executor.py took 0.238 seconds
[2022-06-13 01:15:24,492] {processor.py:153} INFO - Started process (PID=651) to work on /home/airflow/.local/lib/python3.7/site-packages/airflow/example_dags/example_kubernetes_executor.py
[2022-06-13 01:15:24,499] {processor.py:641} INFO - Processing file /home/airflow/.local/lib/python3.7/site-packages/airflow/example_dags/example_kubernetes_executor.py for tasks to queue
[2022-06-13 01:15:24,500] {logging_mixin.py:115} INFO - [2022-06-13 01:15:24,500] {dagbag.py:507} INFO - Filling up the DagBag from /home/airflow/.local/lib/python3.7/site-packages/airflow/example_dags/example_kubernetes_executor.py
[2022-06-13 01:15:24,577] {processor.py:651} INFO - DAG(s) dict_keys(['example_kubernetes_executor']) retrieved from /home/airflow/.local/lib/python3.7/site-packages/airflow/example_dags/example_kubernetes_executor.py
[2022-06-13 01:15:24,648] {logging_mixin.py:115} INFO - [2022-06-13 01:15:24,647] {dag.py:2379} INFO - Sync 1 DAGs
[2022-06-13 01:15:24,826] {logging_mixin.py:115} INFO - [2022-06-13 01:15:24,826] {dag.py:2931} INFO - Setting next_dagrun for example_kubernetes_executor to None, run_after=None
[2022-06-13 01:15:24,840] {processor.py:161} INFO - Processing /home/airflow/.local/lib/python3.7/site-packages/airflow/example_dags/example_kubernetes_executor.py took 0.355 seconds
[2022-06-13 01:15:55,558] {processor.py:153} INFO - Started process (PID=706) to work on /home/airflow/.local/lib/python3.7/site-packages/airflow/example_dags/example_kubernetes_executor.py
[2022-06-13 01:15:55,559] {processor.py:641} INFO - Processing file /home/airflow/.local/lib/python3.7/site-packages/airflow/example_dags/example_kubernetes_executor.py for tasks to queue
[2022-06-13 01:15:55,560] {logging_mixin.py:115} INFO - [2022-06-13 01:15:55,560] {dagbag.py:507} INFO - Filling up the DagBag from /home/airflow/.local/lib/python3.7/site-packages/airflow/example_dags/example_kubernetes_executor.py
[2022-06-13 01:15:55,585] {processor.py:651} INFO - DAG(s) dict_keys(['example_kubernetes_executor']) retrieved from /home/airflow/.local/lib/python3.7/site-packages/airflow/example_dags/example_kubernetes_executor.py
[2022-06-13 01:15:55,618] {logging_mixin.py:115} INFO - [2022-06-13 01:15:55,618] {dag.py:2379} INFO - Sync 1 DAGs
[2022-06-13 01:15:55,760] {logging_mixin.py:115} INFO - [2022-06-13 01:15:55,760] {dag.py:2931} INFO - Setting next_dagrun for example_kubernetes_executor to None, run_after=None
[2022-06-13 01:15:55,771] {processor.py:161} INFO - Processing /home/airflow/.local/lib/python3.7/site-packages/airflow/example_dags/example_kubernetes_executor.py took 0.216 seconds
[2022-06-13 01:16:26,317] {processor.py:153} INFO - Started process (PID=769) to work on /home/airflow/.local/lib/python3.7/site-packages/airflow/example_dags/example_kubernetes_executor.py
[2022-06-13 01:16:26,325] {processor.py:641} INFO - Processing file /home/airflow/.local/lib/python3.7/site-packages/airflow/example_dags/example_kubernetes_executor.py for tasks to queue
[2022-06-13 01:16:26,326] {logging_mixin.py:115} INFO - [2022-06-13 01:16:26,326] {dagbag.py:507} INFO - Filling up the DagBag from /home/airflow/.local/lib/python3.7/site-packages/airflow/example_dags/example_kubernetes_executor.py
[2022-06-13 01:16:26,360] {processor.py:651} INFO - DAG(s) dict_keys(['example_kubernetes_executor']) retrieved from /home/airflow/.local/lib/python3.7/site-packages/airflow/example_dags/example_kubernetes_executor.py
[2022-06-13 01:16:26,396] {logging_mixin.py:115} INFO - [2022-06-13 01:16:26,395] {dag.py:2379} INFO - Sync 1 DAGs
[2022-06-13 01:16:26,548] {logging_mixin.py:115} INFO - [2022-06-13 01:16:26,548] {dag.py:2931} INFO - Setting next_dagrun for example_kubernetes_executor to None, run_after=None
[2022-06-13 01:16:26,562] {processor.py:161} INFO - Processing /home/airflow/.local/lib/python3.7/site-packages/airflow/example_dags/example_kubernetes_executor.py took 0.248 seconds
[2022-06-13 01:16:57,506] {processor.py:153} INFO - Started process (PID=824) to work on /home/airflow/.local/lib/python3.7/site-packages/airflow/example_dags/example_kubernetes_executor.py
[2022-06-13 01:16:57,506] {processor.py:641} INFO - Processing file /home/airflow/.local/lib/python3.7/site-packages/airflow/example_dags/example_kubernetes_executor.py for tasks to queue
[2022-06-13 01:16:57,507] {logging_mixin.py:115} INFO - [2022-06-13 01:16:57,507] {dagbag.py:507} INFO - Filling up the DagBag from /home/airflow/.local/lib/python3.7/site-packages/airflow/example_dags/example_kubernetes_executor.py
[2022-06-13 01:16:57,609] {processor.py:651} INFO - DAG(s) dict_keys(['example_kubernetes_executor']) retrieved from /home/airflow/.local/lib/python3.7/site-packages/airflow/example_dags/example_kubernetes_executor.py
[2022-06-13 01:16:57,665] {logging_mixin.py:115} INFO - [2022-06-13 01:16:57,665] {dag.py:2379} INFO - Sync 1 DAGs
[2022-06-13 01:16:58,108] {logging_mixin.py:115} INFO - [2022-06-13 01:16:58,108] {dag.py:2931} INFO - Setting next_dagrun for example_kubernetes_executor to None, run_after=None
[2022-06-13 01:16:58,182] {processor.py:161} INFO - Processing /home/airflow/.local/lib/python3.7/site-packages/airflow/example_dags/example_kubernetes_executor.py took 0.679 seconds
[2022-06-13 01:17:28,885] {processor.py:153} INFO - Started process (PID=885) to work on /home/airflow/.local/lib/python3.7/site-packages/airflow/example_dags/example_kubernetes_executor.py
[2022-06-13 01:17:28,885] {processor.py:641} INFO - Processing file /home/airflow/.local/lib/python3.7/site-packages/airflow/example_dags/example_kubernetes_executor.py for tasks to queue
[2022-06-13 01:17:28,886] {logging_mixin.py:115} INFO - [2022-06-13 01:17:28,886] {dagbag.py:507} INFO - Filling up the DagBag from /home/airflow/.local/lib/python3.7/site-packages/airflow/example_dags/example_kubernetes_executor.py
[2022-06-13 01:17:28,910] {processor.py:651} INFO - DAG(s) dict_keys(['example_kubernetes_executor']) retrieved from /home/airflow/.local/lib/python3.7/site-packages/airflow/example_dags/example_kubernetes_executor.py
[2022-06-13 01:17:28,942] {logging_mixin.py:115} INFO - [2022-06-13 01:17:28,942] {dag.py:2379} INFO - Sync 1 DAGs
[2022-06-13 01:17:29,079] {logging_mixin.py:115} INFO - [2022-06-13 01:17:29,079] {dag.py:2931} INFO - Setting next_dagrun for example_kubernetes_executor to None, run_after=None
[2022-06-13 01:17:29,126] {processor.py:161} INFO - Processing /home/airflow/.local/lib/python3.7/site-packages/airflow/example_dags/example_kubernetes_executor.py took 0.244 seconds
[2022-06-13 01:17:59,367] {processor.py:153} INFO - Started process (PID=949) to work on /home/airflow/.local/lib/python3.7/site-packages/airflow/example_dags/example_kubernetes_executor.py
[2022-06-13 01:17:59,368] {processor.py:641} INFO - Processing file /home/airflow/.local/lib/python3.7/site-packages/airflow/example_dags/example_kubernetes_executor.py for tasks to queue
[2022-06-13 01:17:59,369] {logging_mixin.py:115} INFO - [2022-06-13 01:17:59,369] {dagbag.py:507} INFO - Filling up the DagBag from /home/airflow/.local/lib/python3.7/site-packages/airflow/example_dags/example_kubernetes_executor.py
[2022-06-13 01:17:59,401] {processor.py:651} INFO - DAG(s) dict_keys(['example_kubernetes_executor']) retrieved from /home/airflow/.local/lib/python3.7/site-packages/airflow/example_dags/example_kubernetes_executor.py
[2022-06-13 01:17:59,431] {logging_mixin.py:115} INFO - [2022-06-13 01:17:59,431] {dag.py:2379} INFO - Sync 1 DAGs
[2022-06-13 01:17:59,573] {logging_mixin.py:115} INFO - [2022-06-13 01:17:59,573] {dag.py:2931} INFO - Setting next_dagrun for example_kubernetes_executor to None, run_after=None
[2022-06-13 01:17:59,586] {processor.py:161} INFO - Processing /home/airflow/.local/lib/python3.7/site-packages/airflow/example_dags/example_kubernetes_executor.py took 0.223 seconds
[2022-06-13 01:18:29,652] {processor.py:153} INFO - Started process (PID=1003) to work on /home/airflow/.local/lib/python3.7/site-packages/airflow/example_dags/example_kubernetes_executor.py
[2022-06-13 01:18:29,654] {processor.py:641} INFO - Processing file /home/airflow/.local/lib/python3.7/site-packages/airflow/example_dags/example_kubernetes_executor.py for tasks to queue
[2022-06-13 01:18:29,654] {logging_mixin.py:115} INFO - [2022-06-13 01:18:29,654] {dagbag.py:507} INFO - Filling up the DagBag from /home/airflow/.local/lib/python3.7/site-packages/airflow/example_dags/example_kubernetes_executor.py
[2022-06-13 01:18:29,677] {processor.py:651} INFO - DAG(s) dict_keys(['example_kubernetes_executor']) retrieved from /home/airflow/.local/lib/python3.7/site-packages/airflow/example_dags/example_kubernetes_executor.py
[2022-06-13 01:18:29,708] {logging_mixin.py:115} INFO - [2022-06-13 01:18:29,708] {dag.py:2379} INFO - Sync 1 DAGs
[2022-06-13 01:18:29,836] {logging_mixin.py:115} INFO - [2022-06-13 01:18:29,836] {dag.py:2931} INFO - Setting next_dagrun for example_kubernetes_executor to None, run_after=None
[2022-06-13 01:18:29,849] {processor.py:161} INFO - Processing /home/airflow/.local/lib/python3.7/site-packages/airflow/example_dags/example_kubernetes_executor.py took 0.200 seconds
[2022-06-13 01:19:00,239] {processor.py:153} INFO - Started process (PID=1066) to work on /home/airflow/.local/lib/python3.7/site-packages/airflow/example_dags/example_kubernetes_executor.py
[2022-06-13 01:19:00,241] {processor.py:641} INFO - Processing file /home/airflow/.local/lib/python3.7/site-packages/airflow/example_dags/example_kubernetes_executor.py for tasks to queue
[2022-06-13 01:19:00,242] {logging_mixin.py:115} INFO - [2022-06-13 01:19:00,241] {dagbag.py:507} INFO - Filling up the DagBag from /home/airflow/.local/lib/python3.7/site-packages/airflow/example_dags/example_kubernetes_executor.py
[2022-06-13 01:19:00,273] {processor.py:651} INFO - DAG(s) dict_keys(['example_kubernetes_executor']) retrieved from /home/airflow/.local/lib/python3.7/site-packages/airflow/example_dags/example_kubernetes_executor.py
[2022-06-13 01:19:00,306] {logging_mixin.py:115} INFO - [2022-06-13 01:19:00,306] {dag.py:2379} INFO - Sync 1 DAGs
[2022-06-13 01:19:00,447] {logging_mixin.py:115} INFO - [2022-06-13 01:19:00,447] {dag.py:2931} INFO - Setting next_dagrun for example_kubernetes_executor to None, run_after=None
[2022-06-13 01:19:00,459] {processor.py:161} INFO - Processing /home/airflow/.local/lib/python3.7/site-packages/airflow/example_dags/example_kubernetes_executor.py took 0.223 seconds
