[2022-06-13 01:10:16,858] {processor.py:153} INFO - Started process (PID=55) to work on /home/airflow/.local/lib/python3.7/site-packages/airflow/example_dags/tutorial_etl_dag.py
[2022-06-13 01:10:16,859] {processor.py:641} INFO - Processing file /home/airflow/.local/lib/python3.7/site-packages/airflow/example_dags/tutorial_etl_dag.py for tasks to queue
[2022-06-13 01:10:16,859] {logging_mixin.py:115} INFO - [2022-06-13 01:10:16,859] {dagbag.py:507} INFO - Filling up the DagBag from /home/airflow/.local/lib/python3.7/site-packages/airflow/example_dags/tutorial_etl_dag.py
[2022-06-13 01:10:16,867] {processor.py:651} INFO - DAG(s) dict_keys(['tutorial_etl_dag']) retrieved from /home/airflow/.local/lib/python3.7/site-packages/airflow/example_dags/tutorial_etl_dag.py
[2022-06-13 01:10:17,133] {logging_mixin.py:115} INFO - [2022-06-13 01:10:17,133] {manager.py:508} INFO - Created Permission View: can edit on DAG:tutorial_etl_dag
[2022-06-13 01:10:17,152] {logging_mixin.py:115} INFO - [2022-06-13 01:10:17,152] {manager.py:508} INFO - Created Permission View: can delete on DAG:tutorial_etl_dag
[2022-06-13 01:10:17,175] {logging_mixin.py:115} INFO - [2022-06-13 01:10:17,175] {manager.py:508} INFO - Created Permission View: can read on DAG:tutorial_etl_dag
[2022-06-13 01:10:17,175] {logging_mixin.py:115} INFO - [2022-06-13 01:10:17,175] {dag.py:2379} INFO - Sync 1 DAGs
[2022-06-13 01:10:17,194] {logging_mixin.py:115} INFO - [2022-06-13 01:10:17,194] {dag.py:2398} INFO - Creating ORM DAG for tutorial_etl_dag
[2022-06-13 01:10:17,205] {logging_mixin.py:115} INFO - [2022-06-13 01:10:17,205] {dag.py:2931} INFO - Setting next_dagrun for tutorial_etl_dag to None, run_after=None
[2022-06-13 01:10:17,242] {processor.py:161} INFO - Processing /home/airflow/.local/lib/python3.7/site-packages/airflow/example_dags/tutorial_etl_dag.py took 0.386 seconds
[2022-06-13 01:10:47,290] {processor.py:153} INFO - Started process (PID=116) to work on /home/airflow/.local/lib/python3.7/site-packages/airflow/example_dags/tutorial_etl_dag.py
[2022-06-13 01:10:47,292] {processor.py:641} INFO - Processing file /home/airflow/.local/lib/python3.7/site-packages/airflow/example_dags/tutorial_etl_dag.py for tasks to queue
[2022-06-13 01:10:47,294] {logging_mixin.py:115} INFO - [2022-06-13 01:10:47,293] {dagbag.py:507} INFO - Filling up the DagBag from /home/airflow/.local/lib/python3.7/site-packages/airflow/example_dags/tutorial_etl_dag.py
[2022-06-13 01:10:47,318] {processor.py:651} INFO - DAG(s) dict_keys(['tutorial_etl_dag']) retrieved from /home/airflow/.local/lib/python3.7/site-packages/airflow/example_dags/tutorial_etl_dag.py
[2022-06-13 01:10:47,356] {logging_mixin.py:115} INFO - [2022-06-13 01:10:47,355] {dag.py:2379} INFO - Sync 1 DAGs
[2022-06-13 01:10:47,388] {logging_mixin.py:115} INFO - [2022-06-13 01:10:47,388] {dag.py:2931} INFO - Setting next_dagrun for tutorial_etl_dag to None, run_after=None
[2022-06-13 01:10:47,406] {processor.py:161} INFO - Processing /home/airflow/.local/lib/python3.7/site-packages/airflow/example_dags/tutorial_etl_dag.py took 0.119 seconds
[2022-06-13 01:11:18,237] {processor.py:153} INFO - Started process (PID=172) to work on /home/airflow/.local/lib/python3.7/site-packages/airflow/example_dags/tutorial_etl_dag.py
[2022-06-13 01:11:18,238] {processor.py:641} INFO - Processing file /home/airflow/.local/lib/python3.7/site-packages/airflow/example_dags/tutorial_etl_dag.py for tasks to queue
[2022-06-13 01:11:18,238] {logging_mixin.py:115} INFO - [2022-06-13 01:11:18,238] {dagbag.py:507} INFO - Filling up the DagBag from /home/airflow/.local/lib/python3.7/site-packages/airflow/example_dags/tutorial_etl_dag.py
[2022-06-13 01:11:18,244] {processor.py:651} INFO - DAG(s) dict_keys(['tutorial_etl_dag']) retrieved from /home/airflow/.local/lib/python3.7/site-packages/airflow/example_dags/tutorial_etl_dag.py
[2022-06-13 01:11:18,268] {logging_mixin.py:115} INFO - [2022-06-13 01:11:18,268] {dag.py:2379} INFO - Sync 1 DAGs
[2022-06-13 01:11:18,302] {logging_mixin.py:115} INFO - [2022-06-13 01:11:18,301] {dag.py:2931} INFO - Setting next_dagrun for tutorial_etl_dag to None, run_after=None
[2022-06-13 01:11:18,326] {processor.py:161} INFO - Processing /home/airflow/.local/lib/python3.7/site-packages/airflow/example_dags/tutorial_etl_dag.py took 0.092 seconds
[2022-06-13 01:11:49,013] {processor.py:153} INFO - Started process (PID=235) to work on /home/airflow/.local/lib/python3.7/site-packages/airflow/example_dags/tutorial_etl_dag.py
[2022-06-13 01:11:49,014] {processor.py:641} INFO - Processing file /home/airflow/.local/lib/python3.7/site-packages/airflow/example_dags/tutorial_etl_dag.py for tasks to queue
[2022-06-13 01:11:49,014] {logging_mixin.py:115} INFO - [2022-06-13 01:11:49,014] {dagbag.py:507} INFO - Filling up the DagBag from /home/airflow/.local/lib/python3.7/site-packages/airflow/example_dags/tutorial_etl_dag.py
[2022-06-13 01:11:49,021] {processor.py:651} INFO - DAG(s) dict_keys(['tutorial_etl_dag']) retrieved from /home/airflow/.local/lib/python3.7/site-packages/airflow/example_dags/tutorial_etl_dag.py
[2022-06-13 01:11:49,045] {logging_mixin.py:115} INFO - [2022-06-13 01:11:49,044] {dag.py:2379} INFO - Sync 1 DAGs
[2022-06-13 01:11:49,067] {logging_mixin.py:115} INFO - [2022-06-13 01:11:49,067] {dag.py:2931} INFO - Setting next_dagrun for tutorial_etl_dag to None, run_after=None
[2022-06-13 01:11:49,080] {processor.py:161} INFO - Processing /home/airflow/.local/lib/python3.7/site-packages/airflow/example_dags/tutorial_etl_dag.py took 0.069 seconds
[2022-06-13 01:12:19,900] {processor.py:153} INFO - Started process (PID=298) to work on /home/airflow/.local/lib/python3.7/site-packages/airflow/example_dags/tutorial_etl_dag.py
[2022-06-13 01:12:19,901] {processor.py:641} INFO - Processing file /home/airflow/.local/lib/python3.7/site-packages/airflow/example_dags/tutorial_etl_dag.py for tasks to queue
[2022-06-13 01:12:19,902] {logging_mixin.py:115} INFO - [2022-06-13 01:12:19,902] {dagbag.py:507} INFO - Filling up the DagBag from /home/airflow/.local/lib/python3.7/site-packages/airflow/example_dags/tutorial_etl_dag.py
[2022-06-13 01:12:19,908] {processor.py:651} INFO - DAG(s) dict_keys(['tutorial_etl_dag']) retrieved from /home/airflow/.local/lib/python3.7/site-packages/airflow/example_dags/tutorial_etl_dag.py
[2022-06-13 01:12:19,932] {logging_mixin.py:115} INFO - [2022-06-13 01:12:19,932] {dag.py:2379} INFO - Sync 1 DAGs
[2022-06-13 01:12:19,955] {logging_mixin.py:115} INFO - [2022-06-13 01:12:19,955] {dag.py:2931} INFO - Setting next_dagrun for tutorial_etl_dag to None, run_after=None
[2022-06-13 01:12:19,968] {processor.py:161} INFO - Processing /home/airflow/.local/lib/python3.7/site-packages/airflow/example_dags/tutorial_etl_dag.py took 0.071 seconds
[2022-06-13 01:12:50,748] {processor.py:153} INFO - Started process (PID=351) to work on /home/airflow/.local/lib/python3.7/site-packages/airflow/example_dags/tutorial_etl_dag.py
[2022-06-13 01:12:50,749] {processor.py:641} INFO - Processing file /home/airflow/.local/lib/python3.7/site-packages/airflow/example_dags/tutorial_etl_dag.py for tasks to queue
[2022-06-13 01:12:50,750] {logging_mixin.py:115} INFO - [2022-06-13 01:12:50,750] {dagbag.py:507} INFO - Filling up the DagBag from /home/airflow/.local/lib/python3.7/site-packages/airflow/example_dags/tutorial_etl_dag.py
[2022-06-13 01:12:50,757] {processor.py:651} INFO - DAG(s) dict_keys(['tutorial_etl_dag']) retrieved from /home/airflow/.local/lib/python3.7/site-packages/airflow/example_dags/tutorial_etl_dag.py
[2022-06-13 01:12:50,782] {logging_mixin.py:115} INFO - [2022-06-13 01:12:50,782] {dag.py:2379} INFO - Sync 1 DAGs
[2022-06-13 01:12:50,806] {logging_mixin.py:115} INFO - [2022-06-13 01:12:50,806] {dag.py:2931} INFO - Setting next_dagrun for tutorial_etl_dag to None, run_after=None
[2022-06-13 01:12:50,820] {processor.py:161} INFO - Processing /home/airflow/.local/lib/python3.7/site-packages/airflow/example_dags/tutorial_etl_dag.py took 0.075 seconds
[2022-06-13 01:13:21,594] {processor.py:153} INFO - Started process (PID=415) to work on /home/airflow/.local/lib/python3.7/site-packages/airflow/example_dags/tutorial_etl_dag.py
[2022-06-13 01:13:21,595] {processor.py:641} INFO - Processing file /home/airflow/.local/lib/python3.7/site-packages/airflow/example_dags/tutorial_etl_dag.py for tasks to queue
[2022-06-13 01:13:21,596] {logging_mixin.py:115} INFO - [2022-06-13 01:13:21,596] {dagbag.py:507} INFO - Filling up the DagBag from /home/airflow/.local/lib/python3.7/site-packages/airflow/example_dags/tutorial_etl_dag.py
[2022-06-13 01:13:21,603] {processor.py:651} INFO - DAG(s) dict_keys(['tutorial_etl_dag']) retrieved from /home/airflow/.local/lib/python3.7/site-packages/airflow/example_dags/tutorial_etl_dag.py
[2022-06-13 01:13:21,627] {logging_mixin.py:115} INFO - [2022-06-13 01:13:21,627] {dag.py:2379} INFO - Sync 1 DAGs
[2022-06-13 01:13:21,652] {logging_mixin.py:115} INFO - [2022-06-13 01:13:21,651] {dag.py:2931} INFO - Setting next_dagrun for tutorial_etl_dag to None, run_after=None
[2022-06-13 01:13:21,663] {processor.py:161} INFO - Processing /home/airflow/.local/lib/python3.7/site-packages/airflow/example_dags/tutorial_etl_dag.py took 0.071 seconds
[2022-06-13 01:13:52,435] {processor.py:153} INFO - Started process (PID=480) to work on /home/airflow/.local/lib/python3.7/site-packages/airflow/example_dags/tutorial_etl_dag.py
[2022-06-13 01:13:52,436] {processor.py:641} INFO - Processing file /home/airflow/.local/lib/python3.7/site-packages/airflow/example_dags/tutorial_etl_dag.py for tasks to queue
[2022-06-13 01:13:52,437] {logging_mixin.py:115} INFO - [2022-06-13 01:13:52,436] {dagbag.py:507} INFO - Filling up the DagBag from /home/airflow/.local/lib/python3.7/site-packages/airflow/example_dags/tutorial_etl_dag.py
[2022-06-13 01:13:52,445] {processor.py:651} INFO - DAG(s) dict_keys(['tutorial_etl_dag']) retrieved from /home/airflow/.local/lib/python3.7/site-packages/airflow/example_dags/tutorial_etl_dag.py
[2022-06-13 01:13:52,475] {logging_mixin.py:115} INFO - [2022-06-13 01:13:52,475] {dag.py:2379} INFO - Sync 1 DAGs
[2022-06-13 01:13:52,499] {logging_mixin.py:115} INFO - [2022-06-13 01:13:52,499] {dag.py:2931} INFO - Setting next_dagrun for tutorial_etl_dag to None, run_after=None
[2022-06-13 01:13:52,520] {processor.py:161} INFO - Processing /home/airflow/.local/lib/python3.7/site-packages/airflow/example_dags/tutorial_etl_dag.py took 0.090 seconds
[2022-06-13 01:14:23,612] {processor.py:153} INFO - Started process (PID=533) to work on /home/airflow/.local/lib/python3.7/site-packages/airflow/example_dags/tutorial_etl_dag.py
[2022-06-13 01:14:23,613] {processor.py:641} INFO - Processing file /home/airflow/.local/lib/python3.7/site-packages/airflow/example_dags/tutorial_etl_dag.py for tasks to queue
[2022-06-13 01:14:23,613] {logging_mixin.py:115} INFO - [2022-06-13 01:14:23,613] {dagbag.py:507} INFO - Filling up the DagBag from /home/airflow/.local/lib/python3.7/site-packages/airflow/example_dags/tutorial_etl_dag.py
[2022-06-13 01:14:23,620] {processor.py:651} INFO - DAG(s) dict_keys(['tutorial_etl_dag']) retrieved from /home/airflow/.local/lib/python3.7/site-packages/airflow/example_dags/tutorial_etl_dag.py
[2022-06-13 01:14:23,644] {logging_mixin.py:115} INFO - [2022-06-13 01:14:23,643] {dag.py:2379} INFO - Sync 1 DAGs
[2022-06-13 01:14:23,667] {logging_mixin.py:115} INFO - [2022-06-13 01:14:23,667] {dag.py:2931} INFO - Setting next_dagrun for tutorial_etl_dag to None, run_after=None
[2022-06-13 01:14:23,678] {processor.py:161} INFO - Processing /home/airflow/.local/lib/python3.7/site-packages/airflow/example_dags/tutorial_etl_dag.py took 0.070 seconds
[2022-06-13 01:14:54,821] {processor.py:153} INFO - Started process (PID=596) to work on /home/airflow/.local/lib/python3.7/site-packages/airflow/example_dags/tutorial_etl_dag.py
[2022-06-13 01:14:54,821] {processor.py:641} INFO - Processing file /home/airflow/.local/lib/python3.7/site-packages/airflow/example_dags/tutorial_etl_dag.py for tasks to queue
[2022-06-13 01:14:54,822] {logging_mixin.py:115} INFO - [2022-06-13 01:14:54,822] {dagbag.py:507} INFO - Filling up the DagBag from /home/airflow/.local/lib/python3.7/site-packages/airflow/example_dags/tutorial_etl_dag.py
[2022-06-13 01:14:54,829] {processor.py:651} INFO - DAG(s) dict_keys(['tutorial_etl_dag']) retrieved from /home/airflow/.local/lib/python3.7/site-packages/airflow/example_dags/tutorial_etl_dag.py
[2022-06-13 01:14:54,857] {logging_mixin.py:115} INFO - [2022-06-13 01:14:54,857] {dag.py:2379} INFO - Sync 1 DAGs
[2022-06-13 01:14:54,882] {logging_mixin.py:115} INFO - [2022-06-13 01:14:54,882] {dag.py:2931} INFO - Setting next_dagrun for tutorial_etl_dag to None, run_after=None
[2022-06-13 01:14:54,896] {processor.py:161} INFO - Processing /home/airflow/.local/lib/python3.7/site-packages/airflow/example_dags/tutorial_etl_dag.py took 0.079 seconds
[2022-06-13 01:15:25,664] {processor.py:153} INFO - Started process (PID=659) to work on /home/airflow/.local/lib/python3.7/site-packages/airflow/example_dags/tutorial_etl_dag.py
[2022-06-13 01:15:25,670] {processor.py:641} INFO - Processing file /home/airflow/.local/lib/python3.7/site-packages/airflow/example_dags/tutorial_etl_dag.py for tasks to queue
[2022-06-13 01:15:25,671] {logging_mixin.py:115} INFO - [2022-06-13 01:15:25,671] {dagbag.py:507} INFO - Filling up the DagBag from /home/airflow/.local/lib/python3.7/site-packages/airflow/example_dags/tutorial_etl_dag.py
[2022-06-13 01:15:25,677] {processor.py:651} INFO - DAG(s) dict_keys(['tutorial_etl_dag']) retrieved from /home/airflow/.local/lib/python3.7/site-packages/airflow/example_dags/tutorial_etl_dag.py
[2022-06-13 01:15:25,705] {logging_mixin.py:115} INFO - [2022-06-13 01:15:25,704] {dag.py:2379} INFO - Sync 1 DAGs
[2022-06-13 01:15:25,730] {logging_mixin.py:115} INFO - [2022-06-13 01:15:25,730] {dag.py:2931} INFO - Setting next_dagrun for tutorial_etl_dag to None, run_after=None
[2022-06-13 01:15:25,971] {processor.py:161} INFO - Processing /home/airflow/.local/lib/python3.7/site-packages/airflow/example_dags/tutorial_etl_dag.py took 0.310 seconds
[2022-06-13 01:15:56,265] {processor.py:153} INFO - Started process (PID=712) to work on /home/airflow/.local/lib/python3.7/site-packages/airflow/example_dags/tutorial_etl_dag.py
[2022-06-13 01:15:56,266] {processor.py:641} INFO - Processing file /home/airflow/.local/lib/python3.7/site-packages/airflow/example_dags/tutorial_etl_dag.py for tasks to queue
[2022-06-13 01:15:56,266] {logging_mixin.py:115} INFO - [2022-06-13 01:15:56,266] {dagbag.py:507} INFO - Filling up the DagBag from /home/airflow/.local/lib/python3.7/site-packages/airflow/example_dags/tutorial_etl_dag.py
[2022-06-13 01:15:56,273] {processor.py:651} INFO - DAG(s) dict_keys(['tutorial_etl_dag']) retrieved from /home/airflow/.local/lib/python3.7/site-packages/airflow/example_dags/tutorial_etl_dag.py
[2022-06-13 01:15:56,297] {logging_mixin.py:115} INFO - [2022-06-13 01:15:56,297] {dag.py:2379} INFO - Sync 1 DAGs
[2022-06-13 01:15:56,332] {logging_mixin.py:115} INFO - [2022-06-13 01:15:56,331] {dag.py:2931} INFO - Setting next_dagrun for tutorial_etl_dag to None, run_after=None
[2022-06-13 01:15:56,487] {processor.py:161} INFO - Processing /home/airflow/.local/lib/python3.7/site-packages/airflow/example_dags/tutorial_etl_dag.py took 0.225 seconds
[2022-06-13 01:16:27,052] {processor.py:153} INFO - Started process (PID=775) to work on /home/airflow/.local/lib/python3.7/site-packages/airflow/example_dags/tutorial_etl_dag.py
[2022-06-13 01:16:27,053] {processor.py:641} INFO - Processing file /home/airflow/.local/lib/python3.7/site-packages/airflow/example_dags/tutorial_etl_dag.py for tasks to queue
[2022-06-13 01:16:27,053] {logging_mixin.py:115} INFO - [2022-06-13 01:16:27,053] {dagbag.py:507} INFO - Filling up the DagBag from /home/airflow/.local/lib/python3.7/site-packages/airflow/example_dags/tutorial_etl_dag.py
[2022-06-13 01:16:27,060] {processor.py:651} INFO - DAG(s) dict_keys(['tutorial_etl_dag']) retrieved from /home/airflow/.local/lib/python3.7/site-packages/airflow/example_dags/tutorial_etl_dag.py
[2022-06-13 01:16:27,087] {logging_mixin.py:115} INFO - [2022-06-13 01:16:27,087] {dag.py:2379} INFO - Sync 1 DAGs
[2022-06-13 01:16:27,116] {logging_mixin.py:115} INFO - [2022-06-13 01:16:27,116] {dag.py:2931} INFO - Setting next_dagrun for tutorial_etl_dag to None, run_after=None
[2022-06-13 01:16:27,237] {processor.py:161} INFO - Processing /home/airflow/.local/lib/python3.7/site-packages/airflow/example_dags/tutorial_etl_dag.py took 0.188 seconds
[2022-06-13 01:16:59,249] {processor.py:153} INFO - Started process (PID=839) to work on /home/airflow/.local/lib/python3.7/site-packages/airflow/example_dags/tutorial_etl_dag.py
[2022-06-13 01:16:59,251] {processor.py:641} INFO - Processing file /home/airflow/.local/lib/python3.7/site-packages/airflow/example_dags/tutorial_etl_dag.py for tasks to queue
[2022-06-13 01:16:59,251] {logging_mixin.py:115} INFO - [2022-06-13 01:16:59,251] {dagbag.py:507} INFO - Filling up the DagBag from /home/airflow/.local/lib/python3.7/site-packages/airflow/example_dags/tutorial_etl_dag.py
[2022-06-13 01:16:59,264] {processor.py:651} INFO - DAG(s) dict_keys(['tutorial_etl_dag']) retrieved from /home/airflow/.local/lib/python3.7/site-packages/airflow/example_dags/tutorial_etl_dag.py
[2022-06-13 01:16:59,328] {logging_mixin.py:115} INFO - [2022-06-13 01:16:59,328] {dag.py:2379} INFO - Sync 1 DAGs
[2022-06-13 01:16:59,426] {logging_mixin.py:115} INFO - [2022-06-13 01:16:59,426] {dag.py:2931} INFO - Setting next_dagrun for tutorial_etl_dag to None, run_after=None
[2022-06-13 01:16:59,678] {processor.py:161} INFO - Processing /home/airflow/.local/lib/python3.7/site-packages/airflow/example_dags/tutorial_etl_dag.py took 0.446 seconds
