[2022-06-13 01:10:17,687] {processor.py:153} INFO - Started process (PID=58) to work on /home/airflow/.local/lib/python3.7/site-packages/airflow/example_dags/tutorial.py
[2022-06-13 01:10:17,688] {processor.py:641} INFO - Processing file /home/airflow/.local/lib/python3.7/site-packages/airflow/example_dags/tutorial.py for tasks to queue
[2022-06-13 01:10:17,688] {logging_mixin.py:115} INFO - [2022-06-13 01:10:17,688] {dagbag.py:507} INFO - Filling up the DagBag from /home/airflow/.local/lib/python3.7/site-packages/airflow/example_dags/tutorial.py
[2022-06-13 01:10:17,695] {processor.py:651} INFO - DAG(s) dict_keys(['tutorial']) retrieved from /home/airflow/.local/lib/python3.7/site-packages/airflow/example_dags/tutorial.py
[2022-06-13 01:10:17,927] {logging_mixin.py:115} INFO - [2022-06-13 01:10:17,927] {manager.py:508} INFO - Created Permission View: can edit on DAG:tutorial
[2022-06-13 01:10:17,946] {logging_mixin.py:115} INFO - [2022-06-13 01:10:17,945] {manager.py:508} INFO - Created Permission View: can delete on DAG:tutorial
[2022-06-13 01:10:17,957] {logging_mixin.py:115} INFO - [2022-06-13 01:10:17,957] {manager.py:508} INFO - Created Permission View: can read on DAG:tutorial
[2022-06-13 01:10:17,957] {logging_mixin.py:115} INFO - [2022-06-13 01:10:17,957] {dag.py:2379} INFO - Sync 1 DAGs
[2022-06-13 01:10:17,968] {logging_mixin.py:115} INFO - [2022-06-13 01:10:17,968] {dag.py:2398} INFO - Creating ORM DAG for tutorial
[2022-06-13 01:10:17,991] {logging_mixin.py:115} INFO - [2022-06-13 01:10:17,991] {dag.py:2931} INFO - Setting next_dagrun for tutorial to 2022-06-12T01:10:17.990874+00:00, run_after=2022-06-13T01:10:17.990874+00:00
[2022-06-13 01:10:18,013] {processor.py:161} INFO - Processing /home/airflow/.local/lib/python3.7/site-packages/airflow/example_dags/tutorial.py took 0.331 seconds
[2022-06-13 01:10:48,520] {processor.py:153} INFO - Started process (PID=121) to work on /home/airflow/.local/lib/python3.7/site-packages/airflow/example_dags/tutorial.py
[2022-06-13 01:10:48,521] {processor.py:641} INFO - Processing file /home/airflow/.local/lib/python3.7/site-packages/airflow/example_dags/tutorial.py for tasks to queue
[2022-06-13 01:10:48,521] {logging_mixin.py:115} INFO - [2022-06-13 01:10:48,521] {dagbag.py:507} INFO - Filling up the DagBag from /home/airflow/.local/lib/python3.7/site-packages/airflow/example_dags/tutorial.py
[2022-06-13 01:10:48,527] {processor.py:651} INFO - DAG(s) dict_keys(['tutorial']) retrieved from /home/airflow/.local/lib/python3.7/site-packages/airflow/example_dags/tutorial.py
[2022-06-13 01:10:48,553] {logging_mixin.py:115} INFO - [2022-06-13 01:10:48,552] {dag.py:2379} INFO - Sync 1 DAGs
[2022-06-13 01:10:48,580] {logging_mixin.py:115} INFO - [2022-06-13 01:10:48,580] {dag.py:2931} INFO - Setting next_dagrun for tutorial to 2022-06-12T01:10:48.579952+00:00, run_after=2022-06-13T01:10:48.579952+00:00
[2022-06-13 01:10:48,611] {processor.py:161} INFO - Processing /home/airflow/.local/lib/python3.7/site-packages/airflow/example_dags/tutorial.py took 0.094 seconds
[2022-06-13 01:11:19,434] {processor.py:153} INFO - Started process (PID=175) to work on /home/airflow/.local/lib/python3.7/site-packages/airflow/example_dags/tutorial.py
[2022-06-13 01:11:19,435] {processor.py:641} INFO - Processing file /home/airflow/.local/lib/python3.7/site-packages/airflow/example_dags/tutorial.py for tasks to queue
[2022-06-13 01:11:19,436] {logging_mixin.py:115} INFO - [2022-06-13 01:11:19,436] {dagbag.py:507} INFO - Filling up the DagBag from /home/airflow/.local/lib/python3.7/site-packages/airflow/example_dags/tutorial.py
[2022-06-13 01:11:19,441] {processor.py:651} INFO - DAG(s) dict_keys(['tutorial']) retrieved from /home/airflow/.local/lib/python3.7/site-packages/airflow/example_dags/tutorial.py
[2022-06-13 01:11:19,467] {logging_mixin.py:115} INFO - [2022-06-13 01:11:19,466] {dag.py:2379} INFO - Sync 1 DAGs
[2022-06-13 01:11:19,494] {logging_mixin.py:115} INFO - [2022-06-13 01:11:19,494] {dag.py:2931} INFO - Setting next_dagrun for tutorial to 2022-06-12T01:11:19.494227+00:00, run_after=2022-06-13T01:11:19.494227+00:00
[2022-06-13 01:11:19,512] {processor.py:161} INFO - Processing /home/airflow/.local/lib/python3.7/site-packages/airflow/example_dags/tutorial.py took 0.080 seconds
[2022-06-13 01:11:50,181] {processor.py:153} INFO - Started process (PID=238) to work on /home/airflow/.local/lib/python3.7/site-packages/airflow/example_dags/tutorial.py
[2022-06-13 01:11:50,181] {processor.py:641} INFO - Processing file /home/airflow/.local/lib/python3.7/site-packages/airflow/example_dags/tutorial.py for tasks to queue
[2022-06-13 01:11:50,182] {logging_mixin.py:115} INFO - [2022-06-13 01:11:50,182] {dagbag.py:507} INFO - Filling up the DagBag from /home/airflow/.local/lib/python3.7/site-packages/airflow/example_dags/tutorial.py
[2022-06-13 01:11:50,187] {processor.py:651} INFO - DAG(s) dict_keys(['tutorial']) retrieved from /home/airflow/.local/lib/python3.7/site-packages/airflow/example_dags/tutorial.py
[2022-06-13 01:11:50,216] {logging_mixin.py:115} INFO - [2022-06-13 01:11:50,215] {dag.py:2379} INFO - Sync 1 DAGs
[2022-06-13 01:11:50,249] {logging_mixin.py:115} INFO - [2022-06-13 01:11:50,249] {dag.py:2931} INFO - Setting next_dagrun for tutorial to 2022-06-12T01:11:50.248796+00:00, run_after=2022-06-13T01:11:50.248796+00:00
[2022-06-13 01:11:50,266] {processor.py:161} INFO - Processing /home/airflow/.local/lib/python3.7/site-packages/airflow/example_dags/tutorial.py took 0.089 seconds
[2022-06-13 01:12:21,074] {processor.py:153} INFO - Started process (PID=301) to work on /home/airflow/.local/lib/python3.7/site-packages/airflow/example_dags/tutorial.py
[2022-06-13 01:12:21,075] {processor.py:641} INFO - Processing file /home/airflow/.local/lib/python3.7/site-packages/airflow/example_dags/tutorial.py for tasks to queue
[2022-06-13 01:12:21,076] {logging_mixin.py:115} INFO - [2022-06-13 01:12:21,075] {dagbag.py:507} INFO - Filling up the DagBag from /home/airflow/.local/lib/python3.7/site-packages/airflow/example_dags/tutorial.py
[2022-06-13 01:12:21,081] {processor.py:651} INFO - DAG(s) dict_keys(['tutorial']) retrieved from /home/airflow/.local/lib/python3.7/site-packages/airflow/example_dags/tutorial.py
[2022-06-13 01:12:21,105] {logging_mixin.py:115} INFO - [2022-06-13 01:12:21,105] {dag.py:2379} INFO - Sync 1 DAGs
[2022-06-13 01:12:21,129] {logging_mixin.py:115} INFO - [2022-06-13 01:12:21,129] {dag.py:2931} INFO - Setting next_dagrun for tutorial to 2022-06-12T01:12:21.129548+00:00, run_after=2022-06-13T01:12:21.129548+00:00
[2022-06-13 01:12:21,142] {processor.py:161} INFO - Processing /home/airflow/.local/lib/python3.7/site-packages/airflow/example_dags/tutorial.py took 0.071 seconds
[2022-06-13 01:12:51,943] {processor.py:153} INFO - Started process (PID=354) to work on /home/airflow/.local/lib/python3.7/site-packages/airflow/example_dags/tutorial.py
[2022-06-13 01:12:51,944] {processor.py:641} INFO - Processing file /home/airflow/.local/lib/python3.7/site-packages/airflow/example_dags/tutorial.py for tasks to queue
[2022-06-13 01:12:51,944] {logging_mixin.py:115} INFO - [2022-06-13 01:12:51,944] {dagbag.py:507} INFO - Filling up the DagBag from /home/airflow/.local/lib/python3.7/site-packages/airflow/example_dags/tutorial.py
[2022-06-13 01:12:51,951] {processor.py:651} INFO - DAG(s) dict_keys(['tutorial']) retrieved from /home/airflow/.local/lib/python3.7/site-packages/airflow/example_dags/tutorial.py
[2022-06-13 01:12:51,981] {logging_mixin.py:115} INFO - [2022-06-13 01:12:51,981] {dag.py:2379} INFO - Sync 1 DAGs
[2022-06-13 01:12:52,008] {logging_mixin.py:115} INFO - [2022-06-13 01:12:52,008] {dag.py:2931} INFO - Setting next_dagrun for tutorial to 2022-06-12T01:12:52.007988+00:00, run_after=2022-06-13T01:12:52.007988+00:00
[2022-06-13 01:12:52,021] {processor.py:161} INFO - Processing /home/airflow/.local/lib/python3.7/site-packages/airflow/example_dags/tutorial.py took 0.082 seconds
[2022-06-13 01:13:22,746] {processor.py:153} INFO - Started process (PID=418) to work on /home/airflow/.local/lib/python3.7/site-packages/airflow/example_dags/tutorial.py
[2022-06-13 01:13:22,747] {processor.py:641} INFO - Processing file /home/airflow/.local/lib/python3.7/site-packages/airflow/example_dags/tutorial.py for tasks to queue
[2022-06-13 01:13:22,748] {logging_mixin.py:115} INFO - [2022-06-13 01:13:22,748] {dagbag.py:507} INFO - Filling up the DagBag from /home/airflow/.local/lib/python3.7/site-packages/airflow/example_dags/tutorial.py
[2022-06-13 01:13:22,753] {processor.py:651} INFO - DAG(s) dict_keys(['tutorial']) retrieved from /home/airflow/.local/lib/python3.7/site-packages/airflow/example_dags/tutorial.py
[2022-06-13 01:13:22,779] {logging_mixin.py:115} INFO - [2022-06-13 01:13:22,779] {dag.py:2379} INFO - Sync 1 DAGs
[2022-06-13 01:13:22,803] {logging_mixin.py:115} INFO - [2022-06-13 01:13:22,803] {dag.py:2931} INFO - Setting next_dagrun for tutorial to 2022-06-12T01:13:22.803079+00:00, run_after=2022-06-13T01:13:22.803079+00:00
[2022-06-13 01:13:22,815] {processor.py:161} INFO - Processing /home/airflow/.local/lib/python3.7/site-packages/airflow/example_dags/tutorial.py took 0.072 seconds
[2022-06-13 01:13:53,529] {processor.py:153} INFO - Started process (PID=483) to work on /home/airflow/.local/lib/python3.7/site-packages/airflow/example_dags/tutorial.py
[2022-06-13 01:13:53,529] {processor.py:641} INFO - Processing file /home/airflow/.local/lib/python3.7/site-packages/airflow/example_dags/tutorial.py for tasks to queue
[2022-06-13 01:13:53,530] {logging_mixin.py:115} INFO - [2022-06-13 01:13:53,529] {dagbag.py:507} INFO - Filling up the DagBag from /home/airflow/.local/lib/python3.7/site-packages/airflow/example_dags/tutorial.py
[2022-06-13 01:13:53,540] {processor.py:651} INFO - DAG(s) dict_keys(['tutorial']) retrieved from /home/airflow/.local/lib/python3.7/site-packages/airflow/example_dags/tutorial.py
[2022-06-13 01:13:53,569] {logging_mixin.py:115} INFO - [2022-06-13 01:13:53,569] {dag.py:2379} INFO - Sync 1 DAGs
[2022-06-13 01:13:53,597] {logging_mixin.py:115} INFO - [2022-06-13 01:13:53,597] {dag.py:2931} INFO - Setting next_dagrun for tutorial to 2022-06-12T01:13:53.597551+00:00, run_after=2022-06-13T01:13:53.597551+00:00
[2022-06-13 01:13:53,612] {processor.py:161} INFO - Processing /home/airflow/.local/lib/python3.7/site-packages/airflow/example_dags/tutorial.py took 0.087 seconds
[2022-06-13 01:14:23,803] {processor.py:153} INFO - Started process (PID=535) to work on /home/airflow/.local/lib/python3.7/site-packages/airflow/example_dags/tutorial.py
[2022-06-13 01:14:23,803] {processor.py:641} INFO - Processing file /home/airflow/.local/lib/python3.7/site-packages/airflow/example_dags/tutorial.py for tasks to queue
[2022-06-13 01:14:23,804] {logging_mixin.py:115} INFO - [2022-06-13 01:14:23,804] {dagbag.py:507} INFO - Filling up the DagBag from /home/airflow/.local/lib/python3.7/site-packages/airflow/example_dags/tutorial.py
[2022-06-13 01:14:23,812] {processor.py:651} INFO - DAG(s) dict_keys(['tutorial']) retrieved from /home/airflow/.local/lib/python3.7/site-packages/airflow/example_dags/tutorial.py
[2022-06-13 01:14:23,849] {logging_mixin.py:115} INFO - [2022-06-13 01:14:23,849] {dag.py:2379} INFO - Sync 1 DAGs
[2022-06-13 01:14:23,873] {logging_mixin.py:115} INFO - [2022-06-13 01:14:23,872] {dag.py:2931} INFO - Setting next_dagrun for tutorial to 2022-06-12T01:14:23.872583+00:00, run_after=2022-06-13T01:14:23.872583+00:00
[2022-06-13 01:14:23,885] {processor.py:161} INFO - Processing /home/airflow/.local/lib/python3.7/site-packages/airflow/example_dags/tutorial.py took 0.085 seconds
[2022-06-13 01:14:55,004] {processor.py:153} INFO - Started process (PID=598) to work on /home/airflow/.local/lib/python3.7/site-packages/airflow/example_dags/tutorial.py
[2022-06-13 01:14:55,005] {processor.py:641} INFO - Processing file /home/airflow/.local/lib/python3.7/site-packages/airflow/example_dags/tutorial.py for tasks to queue
[2022-06-13 01:14:55,006] {logging_mixin.py:115} INFO - [2022-06-13 01:14:55,006] {dagbag.py:507} INFO - Filling up the DagBag from /home/airflow/.local/lib/python3.7/site-packages/airflow/example_dags/tutorial.py
[2022-06-13 01:14:55,015] {processor.py:651} INFO - DAG(s) dict_keys(['tutorial']) retrieved from /home/airflow/.local/lib/python3.7/site-packages/airflow/example_dags/tutorial.py
[2022-06-13 01:14:55,045] {logging_mixin.py:115} INFO - [2022-06-13 01:14:55,045] {dag.py:2379} INFO - Sync 1 DAGs
[2022-06-13 01:14:55,071] {logging_mixin.py:115} INFO - [2022-06-13 01:14:55,071] {dag.py:2931} INFO - Setting next_dagrun for tutorial to 2022-06-12T01:14:55.071064+00:00, run_after=2022-06-13T01:14:55.071064+00:00
[2022-06-13 01:14:55,086] {processor.py:161} INFO - Processing /home/airflow/.local/lib/python3.7/site-packages/airflow/example_dags/tutorial.py took 0.085 seconds
[2022-06-13 01:15:25,991] {processor.py:153} INFO - Started process (PID=661) to work on /home/airflow/.local/lib/python3.7/site-packages/airflow/example_dags/tutorial.py
[2022-06-13 01:15:25,993] {processor.py:641} INFO - Processing file /home/airflow/.local/lib/python3.7/site-packages/airflow/example_dags/tutorial.py for tasks to queue
[2022-06-13 01:15:25,994] {logging_mixin.py:115} INFO - [2022-06-13 01:15:25,994] {dagbag.py:507} INFO - Filling up the DagBag from /home/airflow/.local/lib/python3.7/site-packages/airflow/example_dags/tutorial.py
[2022-06-13 01:15:25,999] {processor.py:651} INFO - DAG(s) dict_keys(['tutorial']) retrieved from /home/airflow/.local/lib/python3.7/site-packages/airflow/example_dags/tutorial.py
[2022-06-13 01:15:26,027] {logging_mixin.py:115} INFO - [2022-06-13 01:15:26,027] {dag.py:2379} INFO - Sync 1 DAGs
[2022-06-13 01:15:26,053] {logging_mixin.py:115} INFO - [2022-06-13 01:15:26,053] {dag.py:2931} INFO - Setting next_dagrun for tutorial to 2022-06-12T01:15:26.052790+00:00, run_after=2022-06-13T01:15:26.052790+00:00
[2022-06-13 01:15:26,250] {processor.py:161} INFO - Processing /home/airflow/.local/lib/python3.7/site-packages/airflow/example_dags/tutorial.py took 0.263 seconds
[2022-06-13 01:15:56,508] {processor.py:153} INFO - Started process (PID=714) to work on /home/airflow/.local/lib/python3.7/site-packages/airflow/example_dags/tutorial.py
[2022-06-13 01:15:56,508] {processor.py:641} INFO - Processing file /home/airflow/.local/lib/python3.7/site-packages/airflow/example_dags/tutorial.py for tasks to queue
[2022-06-13 01:15:56,509] {logging_mixin.py:115} INFO - [2022-06-13 01:15:56,509] {dagbag.py:507} INFO - Filling up the DagBag from /home/airflow/.local/lib/python3.7/site-packages/airflow/example_dags/tutorial.py
[2022-06-13 01:15:56,514] {processor.py:651} INFO - DAG(s) dict_keys(['tutorial']) retrieved from /home/airflow/.local/lib/python3.7/site-packages/airflow/example_dags/tutorial.py
[2022-06-13 01:15:56,541] {logging_mixin.py:115} INFO - [2022-06-13 01:15:56,541] {dag.py:2379} INFO - Sync 1 DAGs
[2022-06-13 01:15:56,566] {logging_mixin.py:115} INFO - [2022-06-13 01:15:56,566] {dag.py:2931} INFO - Setting next_dagrun for tutorial to 2022-06-12T01:15:56.565844+00:00, run_after=2022-06-13T01:15:56.565844+00:00
[2022-06-13 01:15:56,702] {processor.py:161} INFO - Processing /home/airflow/.local/lib/python3.7/site-packages/airflow/example_dags/tutorial.py took 0.199 seconds
[2022-06-13 01:16:27,253] {processor.py:153} INFO - Started process (PID=777) to work on /home/airflow/.local/lib/python3.7/site-packages/airflow/example_dags/tutorial.py
[2022-06-13 01:16:27,254] {processor.py:641} INFO - Processing file /home/airflow/.local/lib/python3.7/site-packages/airflow/example_dags/tutorial.py for tasks to queue
[2022-06-13 01:16:27,254] {logging_mixin.py:115} INFO - [2022-06-13 01:16:27,254] {dagbag.py:507} INFO - Filling up the DagBag from /home/airflow/.local/lib/python3.7/site-packages/airflow/example_dags/tutorial.py
[2022-06-13 01:16:27,261] {processor.py:651} INFO - DAG(s) dict_keys(['tutorial']) retrieved from /home/airflow/.local/lib/python3.7/site-packages/airflow/example_dags/tutorial.py
[2022-06-13 01:16:27,288] {logging_mixin.py:115} INFO - [2022-06-13 01:16:27,288] {dag.py:2379} INFO - Sync 1 DAGs
[2022-06-13 01:16:27,315] {logging_mixin.py:115} INFO - [2022-06-13 01:16:27,315] {dag.py:2931} INFO - Setting next_dagrun for tutorial to 2022-06-12T01:16:27.314818+00:00, run_after=2022-06-13T01:16:27.314818+00:00
[2022-06-13 01:16:27,489] {processor.py:161} INFO - Processing /home/airflow/.local/lib/python3.7/site-packages/airflow/example_dags/tutorial.py took 0.239 seconds
[2022-06-13 01:16:59,833] {processor.py:153} INFO - Started process (PID=842) to work on /home/airflow/.local/lib/python3.7/site-packages/airflow/example_dags/tutorial.py
[2022-06-13 01:16:59,834] {processor.py:641} INFO - Processing file /home/airflow/.local/lib/python3.7/site-packages/airflow/example_dags/tutorial.py for tasks to queue
[2022-06-13 01:16:59,835] {logging_mixin.py:115} INFO - [2022-06-13 01:16:59,835] {dagbag.py:507} INFO - Filling up the DagBag from /home/airflow/.local/lib/python3.7/site-packages/airflow/example_dags/tutorial.py
[2022-06-13 01:16:59,845] {processor.py:651} INFO - DAG(s) dict_keys(['tutorial']) retrieved from /home/airflow/.local/lib/python3.7/site-packages/airflow/example_dags/tutorial.py
[2022-06-13 01:16:59,879] {logging_mixin.py:115} INFO - [2022-06-13 01:16:59,879] {dag.py:2379} INFO - Sync 1 DAGs
[2022-06-13 01:16:59,912] {logging_mixin.py:115} INFO - [2022-06-13 01:16:59,912] {dag.py:2931} INFO - Setting next_dagrun for tutorial to 2022-06-12T01:16:59.912156+00:00, run_after=2022-06-13T01:16:59.912156+00:00
[2022-06-13 01:17:00,108] {processor.py:161} INFO - Processing /home/airflow/.local/lib/python3.7/site-packages/airflow/example_dags/tutorial.py took 0.277 seconds
